# pi activity log for iter 0, attempt 0
# prompt_chars=2729


[    0.6s] [agent_start]

[    0.6s] [turn_start]
[    4.4s] [thinking_start]
[    6.8s] [thinking_end] 212 chars: The user wants me to create a Python script that generates an SVG of a capybara wearing a kimono drinking matcha tea. Let me first check what exists in the workspace, then create the generator script and run it.

[    7.7s] [tool start] bash {'command': 'ls -la'}
[    7.7s] [tool end] bash

[    7.7s] [turn_end]

[    7.7s] [turn_start]
[    8.3s] [thinking_start]
[    9.2s] [thinking_end] 68 chars: Let me check the existing files to understand what's already there.

[   10.1s] [tool start] read {'path': 'generate_artifact.py'}
[   10.1s] [tool end] read

[   10.1s] [turn_end]

[   10.1s] [turn_start]
[   10.7s] [thinking_start]
[   12.6s] [thinking_end] 190 chars: Now I need to rewrite `generate_artifact.py` to generate a detailed SVG of a capybara wearing a kimono drinking matcha tea. Let me create a comprehensive SVG with all the required elements.
[   12.6s] [text_start]
[   13.5s] [text_end] 60 chars: Now I'll rewrite the generator script with the full scene:

[  393.9s] [tool start] write {'path': 'generate_artifact.py', 'content': '<17651 chars>'}
[  394.0s] [tool end] write

[  394.0s] [turn_end]

[  394.0s] [turn_start]
[  394.3s] [thinking_start]
[  395.3s] [thinking_end] 51 chars: Now let me run the script and validate the output.

[  396.3s] [tool start] bash {'command': 'python generate_artifact.py'}
[  396.3s] [tool end] bash

[  396.3s] [turn_end]

[  396.3s] [turn_start]
[  396.7s] [thinking_start]
[  397.8s] [thinking_end] 77 chars: Now let me validate the SVG is valid XML and contains the expected elements.

[  422.1s] [tool start] bash {'command': 'python3 -c "\nimport xml.etree.ElementTree as ET\ntree = ET.parse(\'artifact.svg\')\nroot = tree.getroot()\nprint(f\'Root tag: {root.tag}\')\nprint(f\'Valid XML: Yes\')\n\n# Count elements\nall_tags = [elem.tag for elem in tree.iter()]\nns = \'{http://www.w3.org/2000/svg}\'\ntag_counts = {}\nfor t in all_tags:\n    local = t.replace(ns, \'\')\n    tag_counts[local] = tag_counts.get(local, 0) + 1\nprint(f\'Total elements: {len(all_tags)}\')\nprint(f\'Unique element types: {len(tag_counts)}\')\nprint(f\'Element types: {sorted(t...'}
[  422.2s] [tool end] bash

[  422.2s] [turn_end]

[  422.2s] [turn_start]
[  422.8s] [thinking_start]
[  424.0s] [thinking_end] 70 chars: All checks pass. Let me also view the SVG to make sure it looks good.

[  424.8s] [tool start] read {'path': 'artifact.svg'}
[  424.8s] [tool end] read

[  424.8s] [turn_end]

[  424.8s] [turn_start]
[  435.6s] [thinking_start]
[  447.3s] [thinking_end] 1008 chars: The SVG has been generated and validated. All acceptance criteria are met:

1. ✓ `artifact.svg` parses as valid XML (207 elements, 16 unique types)
2. ✓ Capybara is recognizable with distinct features (head, ears, eyes, snout, nose, mouth,...
[  447.3s] [text_start]
[  454.9s] [text_end] 658 chars: All acceptance criteria met:

- **Valid XML**: 207 elements, 16 unique SVG element types, parses cleanly
- **Capybara**: Barrel-shaped body, blunt snout, small ears, dark eyes with calm expression, whiskers, back legs with toes
- **Kimono**...

[  454.9s] [turn_end]

[  454.9s] [agent_end]
