# pi activity log for iter 0, attempt 0
# prompt_chars=2531


[    1.0s] [agent_start]

[    1.0s] [turn_start]
[    1.9s] [thinking_start]
[    2.7s] [thinking_end] 388 chars: The user wants me to create an SVG image of a Victorian-era robot reading a newspaper in a cafe. I need to:

1. Create `generate_artifact.py` that generates `artifact.svg`
2. Run the script to produce the SVG
3. The SVG must be valid XML wi...
[    2.7s] [text_start]
[    2.9s] [text_end] 84 chars: I'll create the `generate_artifact.py` script that generates the SVG, then run it.

[   86.8s] [tool start] write {'path': 'generate_artifact.py', 'content': '<22592 chars>'}
[   86.8s] [tool end] write

[   86.8s] [turn_end]

[   86.8s] [turn_start]
[   87.0s] [thinking_start]
[   87.2s] [thinking_end] 47 chars: Now let me run the script to generate the SVG.

[   87.4s] [tool start] bash {'command': 'python generate_artifact.py'}
[   87.4s] [tool end] bash

[   87.4s] [turn_end]

[   87.4s] [turn_start]
[   87.6s] [thinking_start]
[   87.9s] [thinking_end] 82 chars: Good, the script ran. Let me validate the SVG is valid XML and check its content.

[   88.5s] [tool start] bash {'command': 'python -c "import xml.etree.ElementTree as ET; tree = ET.parse(\'artifact.svg\'); root = tree.getroot(); print(f\'Valid XML. Root tag: {root.tag}\'); print(f\'Total elements: {len(list(root))}\')"'}
[   88.5s] [tool end] bash

[   88.5s] [turn_end]

[   88.5s] [turn_start]
[   88.7s] [thinking_start]
[   89.0s] [thinking_end] 113 chars: The SVG is valid XML. Let me also verify the key elements are present by checking for the main scene components.

[   91.4s] [tool start] bash {'command': 'python -c "\nimport xml.etree.ElementTree as ET\ntree = ET.parse(\'artifact.svg\')\nroot = tree.getroot()\nns = {\'svg\': \'http://www.w3.org/2000/svg\'}\n\n# Check for key elements\ntags = [elem.tag for elem in root.iter()]\nprint(\'Tag count:\', len(tags))\nprint(\'Has defs:\', \'defs\' in tags)\nprint(\'Has rect:\', \'rect\' in tags)\nprint(\'Has circle:\', \'circle\' in tags)\nprint(\'Has line:\', \'line\' in tags)\nprint(\'Has path:\', \'path\' in tags)\nprint(\'Has ellipse:\', \'ellipse\' in tags)\nprint(\'Has use:\', \'use\' in tags)\nprin...'}
[   91.4s] [tool end] bash

[   91.4s] [turn_end]

[   91.4s] [turn_start]
[   91.7s] [thinking_start]
[   91.9s] [thinking_end] 97 chars: The `in` check on the list doesn't work well because of the namespace. Let me check differently.

[   93.2s] [tool start] bash {'command': 'python -c "\nimport xml.etree.ElementTree as ET\ntree = ET.parse(\'artifact.svg\')\nroot = tree.getroot()\nns = \'{http://www.w3.org/2000/svg}\'\n\n# Count elements by tag (without namespace)\nfrom collections import Counter\ntags = [elem.tag.replace(ns, \'\') for elem in root.iter()]\ncounts = Counter(tags)\nfor tag, count in sorted(counts.items()):\n    print(f\'  {tag}: {count}\')\nprint(f\'Total elements: {sum(counts.values())}\')\n"'}
[   93.2s] [tool end] bash

[   93.2s] [turn_end]

[   93.2s] [turn_start]
[   93.5s] [thinking_start]
[   94.3s] [thinking_end] 415 chars: The SVG is valid XML with 221 elements including all the key components: robot parts (circles for joints, rects for body parts, paths for outlines), newspaper (rects and lines for text), cafe elements (table, cup, chairs), and decorative el...
[   94.3s] [text_start]
[   96.5s] [text_end] 872 chars: The SVG has been generated and validated successfully:

- **Valid XML**: Parses cleanly with 221 elements across 16 different tag types
- **File size**: 22,253 bytes
- **Scene elements present**:
  - **Victorian robot**: Brass/copper body w...

[   96.5s] [turn_end]

[   96.5s] [agent_end]
