# pi activity log for iter 2, attempt 0
# prompt_chars=3195


[    0.5s] [agent_start]

[    0.5s] [turn_start]
[    4.2s] [thinking_start]
[    5.4s] [thinking_end] 136 chars: Let me start by inspecting the `generate_artifact.py` file to understand the current structure, particularly the robot's head and eyes.

[    6.5s] [tool start] bash {'command': 'rg -n "head|eye|face|transform|rotate" generate_artifact.py -i'}
[    6.5s] [tool end] bash

[    6.5s] [turn_end]

[    6.5s] [turn_start]
[    7.9s] [thinking_start]
[    8.7s] [thinking_end] 88 chars: Let me read the relevant sections of the file - the head group and the newspaper group.

[   10.1s] [tool start] read {'path': 'generate_artifact.py', 'offset': '289', 'limit': '60'}
[   10.1s] [tool end] read

[   10.1s] [turn_end]

[   10.1s] [turn_start]
[   12.2s] [thinking_start]
[   20.2s] [thinking_end] 972 chars: Now I understand the structure. The head is at `translate(290, 210)` and the eyes are at `cy="-35"` within that group. The newspaper is at `translate(400, 410)`. 

To make the robot look like it's reading:
1. Rotate the head group downward...
[   20.2s] [text_start]
[   22.9s] [text_end] 285 chars: Now I can see the structure. The head is at `translate(290, 210)` with eyes at `cy="-35"`. The newspaper is at `translate(400, 410)` — below and to the right. I need to:

1. Rotate the head group downward toward the newspaper
2. Shift the e...

[   30.3s] [tool start] edit {'path': 'generate_artifact.py', 'edits': '[{\'oldText\': \'  <!-- Robot head -->\\n  <g transform="translate(290, 210)">\', \'newText\': \'  <!-- Robot head -->\\n  <g transform="translate(290, 210) rotate(18)">\'}, {\'oldText\': \'    <!-- Eye pupils -->\\n    <circle cx="-10" cy="-35" r="1.5" fill="#333"/>\\n    <circle cx="10" cy="-35" r="1.5" fill="#333"/>\', \'newText\': \'    <!-- Eye pupils (shifted down to look at newspaper) -->\\n    <circle cx="-10" cy="-32" r="1.5" fill="#333"/>\\n    <circle cx="10" cy="-32" r="1.5" fill="#333"/>\'}]'}
[   30.3s] [tool end] edit

[   30.3s] [turn_end]

[   30.3s] [turn_start]
[   30.6s] [thinking_start]
[   56.6s] [thinking_end] 2767 chars: Wait, I need to reconsider. The eyes are at `cy="-35"` and the pupils are also at `cy="-35"`. If I want the robot to look down, the pupils should be shifted downward (more positive y in SVG). So changing from `-35` to `-32` moves them UP, n...
[   56.6s] [text_start]
[   57.1s] [text_end] 50 chars: Now let me run the script to regenerate the SVG:

[   58.8s] [tool start] bash {'command': 'cd /src/theloop/runs/20260501-103430-robot/workspace && python generate_artifact.py'}
[   58.8s] [tool end] bash

[   58.8s] [turn_end]

[   58.8s] [turn_start]
[   59.0s] [thinking_start]
[   59.7s] [thinking_end] 49 chars: Let me verify the changes are in the output SVG.

[   60.9s] [tool start] bash {'command': 'grep -n "rotate(18)" artifact.svg && grep -n "cy=\\"-32\\"" artifact.svg'}
[   60.9s] [tool end] bash

[   60.9s] [turn_end]

[   60.9s] [turn_start]
[   61.3s] [thinking_start]
[   62.1s] [thinking_end] 67 chars: The changes are in place. Let me also verify the SVG is valid XML.

[   63.3s] [tool start] bash {'command': 'python -c "import xml.etree.ElementTree as ET; ET.parse(\'artifact.svg\'); print(\'Valid XML\')"'}
[   63.4s] [tool end] bash

[   63.4s] [turn_end]

[   63.4s] [turn_start]
[   63.6s] [thinking_start]
[   66.9s] [thinking_end] 419 chars: The SVG is valid XML. Let me verify the changes are correct:

1. Head rotation: `rotate(18)` applied to the head group - tilts the head 18 degrees clockwise (downward toward the newspaper)
2. Eye pupils: shifted from `cy="-35"` to `cy="-32"...
[   66.9s] [text_start]
[   70.0s] [text_end] 371 chars: Changes applied and verified:

1. **Head rotation**: Added `rotate(18)` to the head group's transform — tilts the head 18° clockwise, directing it downward toward the newspaper on the table.
2. **Eye pupils**: Shifted from `cy="-35"` to `cy...

[   70.0s] [turn_end]

[   70.0s] [agent_end]
