# pi activity log for iter 2, attempt 1
# prompt_chars=2972


[    0.6s] [agent_start]

[    0.6s] [turn_start]
[    1.8s] [thinking_start]
[    2.4s] [thinking_end] 141 chars: Let me start by inspecting the relevant sections of `generate_artifact.py` to understand the layering order of the table and robot elements.

[    3.3s] [tool start] bash {'command': 'grep -n "table\\|robot\\|leg\\|z-index\\|order\\|append.*svg\\|svg_groups\\|groups" generate_artifact.py | head -80'}
[    3.3s] [tool end] bash

[    3.3s] [turn_end]

[    3.3s] [turn_start]
[    3.6s] [thinking_start]
[    4.9s] [thinking_end] 239 chars: I can see the issue. The robot legs are at lines 154-170, and the table elements (table leg, decorative inlay) are at lines 181+. But the main robot body is at line 206. Let me look at the full structure to understand the ordering better.

[    5.6s] [tool start] read {'path': 'generate_artifact.py', 'offset': '140', 'limit': '80'}
[    5.6s] [tool end] read

[    5.6s] [turn_end]

[    5.6s] [turn_start]
[    6.4s] [thinking_start]
[   23.7s] [thinking_end] 3718 chars: Now I can see the issue clearly. The layering order in the SVG is:

1. Chair legs (lines ~129-140)
2. Second table (background right) (lines ~142-147)
3. **Robot legs** (lines 154-175) - these are drawn HERE
4. **Main table** (lines 178-193...

[   24.4s] [tool start] bash {'command': 'grep -n "<!--\\|</g>\\|</svg>" generate_artifact.py | head -60'}
[   24.4s] [tool end] bash

[   24.4s] [turn_end]

[   24.4s] [turn_start]
[   24.9s] [thinking_start]
[   28.9s] [thinking_end] 866 chars: Now I see the structure clearly. The order is:

1. Background elements (wall, window, floor, etc.)
2. Background chairs (lines 121-152)
3. Robot legs (lines 154-173)
4. Main table (lines 175-187)
5. Cup on table (lines 189-204)
6. Victorian...

[   29.8s] [tool start] read {'path': 'generate_artifact.py', 'offset': '206', 'limit': '120'}
[   29.8s] [tool end] read

[   29.8s] [turn_end]

[   29.8s] [turn_start]
[   31.1s] [thinking_start]
[   31.5s] [thinking_end] 101 chars: Now I understand the full picture. Let me look at the remaining lines to see the complete structure:

[   32.3s] [tool start] read {'path': 'generate_artifact.py', 'limit': '80', 'offset': '326'}
[   32.3s] [tool end] read

[   32.3s] [turn_end]

[   32.3s] [turn_start]
[   33.1s] [thinking_start]
[   90.7s] [thinking_end] 12602 chars: Now I have the full picture. Let me analyze the layering order:

1. Background (wall, window, floor)
2. Background chairs (left and right)
3. Second table (background right)
4. **Robot legs** (translate 350, 320) - y goes from 0 to 75 relat...

[   91.5s] [tool start] read {'path': 'generate_artifact.py', 'limit': '75', 'offset': '1'}
[   91.5s] [tool end] read

[   91.5s] [turn_end]

[   91.5s] [turn_start]
[   93.4s] [thinking_start]
