# pi activity log for iter 0, attempt 0
# prompt_chars=5115


[    1.1s] [agent_start]

[    1.1s] [turn_start]
[    2.2s] [thinking_start]
[    2.8s] [thinking_end] 263 chars: The user wants me to create a detailed mechanical pocket watch SVG. Let me first check if `generate_artifact.py` already exists, then create/edit it to generate the SVG, run it, and verify the output.

Let me start by checking the current s...

[    3.2s] [tool start] bash {'command': 'ls -la /src/theloop/runs/20260430-230458-watch-spec/workspace/'}
[    3.2s] [tool end] bash

[    3.2s] [turn_end]

[    3.2s] [turn_start]
[    3.5s] [thinking_start]
[    3.7s] [thinking_end] 68 chars: Let me check the existing files to understand what's already there.

[    3.9s] [tool start] read {'path': 'generate_artifact.py'}
[    3.9s] [tool end] read

[    3.9s] [turn_end]

[    3.9s] [turn_start]
[    4.1s] [thinking_start]
[    6.1s] [thinking_end] 733 chars: Now I need to create a comprehensive `generate_artifact.py` that generates a detailed mechanical pocket watch SVG. Let me write a Python script that constructs the SVG programmatically with all the required elements.

Let me plan the SVG st...

[   78.9s] [tool start] write {'path': 'generate_artifact.py', 'content': '<20752 chars>'}
[   78.9s] [tool end] write

[   78.9s] [turn_end]

[   78.9s] [turn_start]
[   79.2s] [thinking_start]
[   79.3s] [thinking_end] 47 chars: Now let me run the script to generate the SVG.

[   79.8s] [tool start] bash {'command': 'cd /src/theloop/runs/20260430-230458-watch-spec/workspace && python generate_artifact.py'}
[   79.9s] [tool end] bash

[   79.9s] [turn_end]

[   79.9s] [turn_start]
[   80.1s] [thinking_start]
[   80.4s] [thinking_end] 92 chars: Good, no errors. Now let me verify the SVG is valid XML and contains all required elements.

[   83.5s] [tool start] bash {'command': 'cd /src/theloop/runs/20260430-230458-watch-spec/workspace && python -c "\nimport xml.etree.ElementTree as ET\ntree = ET.parse(\'artifact.svg\')\nroot = tree.getroot()\nns = {\'svg\': \'http://www.w3.org/2000/svg\'}\n\n# Check viewBox\nvb = root.get(\'viewBox\')\nprint(f\'viewBox: {vb}\')\n\n# Count elements\ntags = {}\nfor elem in root.iter():\n    tag = elem.tag.split(\'}\')[-1]\n    tags[tag] = tags.get(tag, 0) + 1\n\nprint(f\'Total elements: {sum(tags.values())}\')\nprint(f\'Element types: {dict(sorted(tags.items()))}\')\n\n# ...'}
[   83.5s] [tool end] bash

[   83.5s] [turn_end]

[   83.5s] [turn_start]
[   84.1s] [thinking_start]
[   85.5s] [thinking_end] 618 chars: The SVG is valid XML and contains all required elements. Let me also verify the key structural elements are present:

1. Case & Crown - circles, rect for stem, ellipse for crown ✓
2. Dial - cream gradient circle ✓
3. Hour markers - lines ✓...

[   86.1s] [tool start] bash {'command': 'cd /src/theloop/runs/20260430-230458-watch-spec/workspace && wc -l artifact.svg && head -3 artifact.svg && echo "..." && tail -3 artifact.svg'}
[   86.2s] [tool end] bash

[   86.2s] [turn_end]

[   86.2s] [turn_start]
[   86.5s] [thinking_start]
[   86.8s] [thinking_end] 146 chars: The SVG is well-formed. Let me also verify it renders properly by checking a few key coordinates to make sure everything is positioned correctly.

[   94.0s] [tool start] bash {'command': 'cd /src/theloop/runs/20260430-230458-watch-spec/workspace && python -c "\n# Verify key positions\nimport xml.etree.ElementTree as ET\ntree = ET.parse(\'artifact.svg\')\nroot = tree.getroot()\nns = {\'svg\': \'http://www.w3.org/2000/svg\'}\n\ncircles = [e for e in root.iter(\'{http://www.w3.org/2000/svg}circle\')]\n# Find the main case circle (r=200)\ncase = [c for c in circles if c.get(\'r\') == \'200\']\nprint(f\'Main case: cx={case[0].get(\\"cx\\")}, cy={case[0].get(\\"cy\\")}, r={case[0].get(\\"r\\")}\')\n\n# Dial circle (r...'}
[   94.0s] [tool end] bash

[   94.0s] [turn_end]

[   94.0s] [turn_start]
[   94.4s] [thinking_start]
[   97.0s] [thinking_end] 1075 chars: I see a couple of minor issues:
1. Thick hour markers: 5 instead of 4 — one of the minute tick lines might have stroke-width 3.5 by coincidence. Let me check.
2. Minute ticks: 56 instead of 48 — some of the sub-dial ticks or other lines are...

[   97.4s] [tool start] read {'path': 'artifact.svg', 'limit': '30'}
[   97.4s] [tool end] read

[   97.4s] [turn_end]

[   97.4s] [turn_start]
[   97.8s] [thinking_start]
[   98.3s] [thinking_end] 169 chars: The SVG looks well-structured. Let me also verify it can be opened in a browser by checking if there are any obvious issues. Let me also do a final comprehensive check.

[  109.3s] [tool start] bash {'command': 'cd /src/theloop/runs/20260430-230458-watch-spec/workspace && python -c "\n# Final comprehensive validation\nimport xml.etree.ElementTree as ET\ntree = ET.parse(\'artifact.svg\')\nroot = tree.getroot()\n\n# Verify all tags are properly closed (XML parse would fail otherwise)\nprint(\'✓ Valid XML (all tags properly closed)\')\n\n# Check viewBox\nvb = root.get(\'viewBox\')\nassert vb == \'0 0 600 600\', f\'Bad viewBox: {vb}\'\nprint(\'✓ viewBox is 0 0 600 600\')\n\n# Check all required elements exist\nsvg_ns = \'{http://www.w...'}
[  109.3s] [tool end] bash

[  109.3s] [turn_end]

[  109.3s] [turn_start]
[  109.6s] [thinking_start]
[  109.9s] [thinking_end] 113 chars: All acceptance criteria are met. Let me also verify the file size is reasonable and there are no console errors.
[  109.9s] [text_start]
[  114.1s] [text_end] 1400 chars: All acceptance criteria are met. Here's a summary of what was generated:

**`generate_artifact.py`** — A Python script that programmatically constructs a detailed mechanical pocket watch SVG with:

| Element | Status | Details |
|---|---|--...

[  114.1s] [turn_end]

[  114.1s] [agent_end]
