# pi activity log for iter 0, attempt 0
# prompt_chars=2522


[    1.0s] [agent_start]

[    1.0s] [turn_start]
[    4.2s] [thinking_start]
[    6.0s] [thinking_end] 238 chars: The user wants me to create a `generate_artifact.py` script that generates an SVG of a Victorian-era robot reading a newspaper in a cafe. Let me write this Python script that produces the SVG.

Let me first check what's in the workspace.

[    7.4s] [tool start] bash {'command': 'ls -la /src/theloop/runs/20260501-113523-robot/workspace/'}
[    7.4s] [tool end] bash

[    7.4s] [turn_end]

[    7.4s] [turn_start]
[    7.9s] [thinking_start]
[    8.5s] [thinking_end] 68 chars: Let me check the existing files to understand what's already there.

[    9.1s] [tool start] read {'path': 'generate_artifact.py'}
[    9.1s] [tool end] read

[    9.1s] [turn_end]

[    9.1s] [turn_start]
[    9.6s] [thinking_start]
[   13.4s] [thinking_end] 538 chars: Now I need to write a comprehensive `generate_artifact.py` that generates a detailed SVG of a Victorian-era robot reading a newspaper in a cafe. Let me design this carefully with functions for reusable parts.

I'll create a detailed SVG wit...
[   13.4s] [text_start]
[   14.0s] [text_end] 65 chars: Now I'll write the comprehensive `generate_artifact.py` script:

[  254.7s] [tool start] write {'path': 'generate_artifact.py', 'content': '<20496 chars>'}
[  254.7s] [tool end] write

[  254.7s] [turn_end]

[  254.7s] [turn_start]
[  254.9s] [thinking_start]
[  255.5s] [thinking_end] 41 chars: Now let me run it and verify the output.

[  257.1s] [tool start] bash {'command': 'cd /src/theloop/runs/20260501-113523-robot/workspace && python generate_artifact.py'}
[  257.1s] [tool end] bash

[  257.1s] [turn_end]

[  257.1s] [turn_start]
[  257.4s] [thinking_start]
[  258.1s] [thinking_end] 55 chars: Let me verify the SVG is valid XML and check its size.

[  260.4s] [tool start] bash {'command': 'cd /src/theloop/runs/20260501-113523-robot/workspace && python -c "import xml.etree.ElementTree as ET; ET.parse(\'artifact.svg\'); print(\'Valid XML\')" && wc -c artifact.svg'}
[  260.4s] [tool end] bash

[  260.4s] [turn_end]

[  260.4s] [turn_start]
[  260.7s] [thinking_start]
[  261.8s] [thinking_end] 103 chars: The SVG is valid XML and 21KB. Let me also verify it renders by checking the key elements are present.

[  272.5s] [tool start] bash {'command': 'cd /src/theloop/runs/20260501-113523-robot/workspace && python -c "\ncontent = open(\'artifact.svg\').read()\nchecks = {\n    \'Victorian robot (brass)\': \'BRASS\' in content or \'brass\' in content.lower(),\n    \'Gears\': \'gear\' in content.lower(),\n    \'Rivets\': \'rivet\' in content.lower(),\n    \'Pistons\': \'piston\' in content.lower(),\n    \'Newspaper\': \'newspaper\' in content.lower(),\n    \'Coffee cup\': \'coffee\' in content.lower() or \'cup\' in content.lower(),\n    \'Window\': \'window\' in content.lower(),\n    \'Chai...'}
[  272.5s] [tool end] bash

[  272.5s] [turn_end]

[  272.5s] [turn_start]
[  272.9s] [thinking_start]
[  274.3s] [thinking_end] 174 chars: The checks are looking for lowercase strings in the SVG content, but the SVG content uses the actual color values and element names. Let me check what's actually in the SVG.

[  285.2s] [tool start] bash {'command': 'cd /src/theloop/runs/20260501-113523-robot/workspace && python -c "\ncontent = open(\'artifact.svg\').read()\n# Check for actual SVG elements\nchecks = {\n    \'circles (gears/rivets)\': content.count(\'<circle\'),\n    \'rects\': content.count(\'<rect\'),\n    \'lines\': content.count(\'<line\'),\n    \'ellipses\': content.count(\'<ellipse\'),\n    \'paths\': content.count(\'<path\'),\n    \'brass color\': \'#c8a84e\' in content,\n    \'copper color\': \'#b87333\' in content,\n    \'steel color\': \'#71797E\' in content,\n    \'newspaper co...'}
[  285.2s] [tool end] bash

[  285.2s] [turn_end]

[  285.2s] [turn_start]
[  285.7s] [thinking_start]
[  291.2s] [thinking_end] 682 chars: The SVG is well-formed with all the required elements. The earlier check was looking for function names in the SVG output, which won't be there since they're Python function names. The actual SVG content has all the visual elements:

- 70 c...
[  291.2s] [text_start]
[  299.6s] [text_end] 850 chars: The SVG is valid XML (21KB) with all required elements:

- **70 circles** — gears, rivets, joints, gauge, antenna bulb
- **49 rects** — torso, chest plate, table, window frame, chair, newspaper
- **56 lines** — gear spokes, structural detai...

[  299.7s] [turn_end]

[  299.7s] [agent_end]
