# pi activity log for iter 2, attempt 0
# prompt_chars=3526


[    0.6s] [agent_start]

[    0.6s] [turn_start]
[    4.2s] [thinking_start]
[    5.0s] [thinking_end] 86 chars: Let me start by reading the current state of the workspace to understand what exists.

[    5.6s] [tool start] bash {'command': 'ls -la'}
[    5.6s] [tool end] bash

[    5.6s] [turn_end]

[    5.6s] [turn_start]
[    5.9s] [thinking_start]
[    6.8s] [thinking_end] 99 chars: Let me read the current `generate_artifact.py` and `artifact.svg` to understand the current state.

[    7.5s] [tool start] read {'path': 'generate_artifact.py'}
[    7.5s] [tool end] read

[    7.5s] [turn_end]

[    7.5s] [turn_start]
[   12.0s] [thinking_start]
[   16.1s] [thinking_end] 586 chars: Now I understand the current state. The iteration directive asks me to:

1. Replace the solid sweater with vertical knit loops hanging from needle tips
2. Modify wings to wrap around and grip the needles
3. Make the yarn thread continuous f...
[   16.1s] [text_start]
[   17.1s] [text_end] 128 chars: Now I'll rewrite `generate_artifact.py` with the required changes: vertical knit loops, wing grip, and continuous yarn thread.

[  115.3s] [tool start] write {'path': 'generate_artifact.py', 'content': '<7003 chars>'}
[  115.3s] [tool end] write

[  115.3s] [turn_end]

[  115.3s] [turn_start]
[  115.6s] [thinking_start]
[  116.2s] [thinking_end] 49 chars: Now let me run the script and verify the output.

[  116.9s] [tool start] bash {'command': 'python generate_artifact.py'}
[  116.9s] [tool end] bash

[  116.9s] [turn_end]

[  116.9s] [turn_start]
[  117.2s] [thinking_start]
[  118.0s] [thinking_end] 65 chars: Now let me verify the SVG is valid XML and check it's not empty.

[  123.4s] [tool start] bash {'command': 'python3 -c "\nimport xml.etree.ElementTree as ET\ntree = ET.parse(\'artifact.svg\')\nroot = tree.getroot()\nprint(f\'Valid SVG: root tag = {root.tag}\')\nprint(f\'File size: {__import__(\\"os\\").path.getsize(\\"artifact.svg\\")} bytes\')\n# Count key elements\nns = {\'svg\': \'http://www.w3.org/2000/svg\'}\nrects = root.findall(\'.//svg:rect\', ns)\npaths = root.findall(\'.//svg:path\', ns)\nlines = root.findall(\'.//svg:line\', ns)\nprint(f\'Elements: {len(rects)} rects, {len(paths)} paths, {len(lines)} lines\')\n"\n'}
[  123.4s] [tool end] bash

[  123.4s] [turn_end]

[  123.4s] [turn_start]
[  123.7s] [thinking_start]
[  126.0s] [thinking_end] 295 chars: The SVG is valid XML, 14KB, and contains the expected elements. Let me also verify the key acceptance criteria by checking for the specific elements:
1. Vertical knit loops (rects with rx/ry for rounded corners)
2. Wing paths wrapping aroun...

[  136.0s] [tool start] bash {'command': 'python3 -c "\nimport xml.etree.ElementTree as ET\ntree = ET.parse(\'artifact.svg\')\nroot = tree.getroot()\nns = {\'svg\': \'http://www.w3.org/2000/svg\'}\n\n# Check for knit loop rects (should be ~10 colorful rects)\nrects = root.findall(\'.//svg:rect\', ns)\nsweater_rects = [r for r in rects if r.get(\'fill\',\'\') not in (\'#E8F4FD\',)]\nprint(f\'Sweater loop rects: {len(sweater_rects)}\')\n\n# Check yarn paths (FF4500 stroke)\npaths = root.findall(\'.//svg:path\', ns)\nyarn_paths = [p for p in paths if p.get(\'stroke\') == ...'}
[  136.0s] [tool end] bash

[  136.0s] [turn_end]

[  136.0s] [turn_start]
[  136.3s] [thinking_start]
[  138.7s] [thinking_end] 332 chars: All acceptance criteria are met:
- Valid XML ✓
- Sweater as vertical loops (8 colorful rects) attached to needle tips ✓
- Wings visually enclosing needles (6 wing grip paths wrapping around) ✓
- Yarn path continuous from ball to sweater (2...
[  138.7s] [text_start]
[  143.4s] [text_end] 622 chars: All acceptance criteria verified:

- **Valid SVG**: Parses cleanly as XML, 14,280 bytes
- **Vertical knit loops**: 8 colorful `<rect>` elements with rounded corners, hanging from needle tip coordinates (y=408)
- **Wing grip**: 6 wing `<path...

[  143.4s] [turn_end]

[  143.4s] [agent_end]
