# pi activity log for iter 0
# prompt_chars=5283


[    1.0s] [agent_start]

[    1.0s] [turn_start]
[    2.2s] [thinking_start]
[    3.9s] [thinking_end] 750 chars: The user wants me to create a detailed SVG illustration of a mechanical pocket watch. I need to:

1. Create `generate_artifact.py` that generates the SVG
2. Run it to produce `artifact.svg`
3. Verify the SVG is valid XML

Let me write a com...

[   82.0s] [tool start] write {'path': '/src/theloop/runs/20260430-223724-watch-spec/workspace/generate_artifact.py', 'content': '<20562 chars>'}
[   82.0s] [tool end] write

[   82.0s] [turn_end]

[   82.0s] [turn_start]
[   82.3s] [thinking_start]
[   83.1s] [thinking_end] 137 chars: I noticed a bug in the code - `g2_cy + g2_r * math.sin(a4)` should be `g2_cy + g2_r * math.sin(a2)`. Let me fix that and run the script.
[   83.1s] [text_start]
[   83.2s] [text_end] 65 chars: I spotted a typo in the gear 2 tooth generation. Let me fix it:

[   84.4s] [tool start] edit {'path': '/src/theloop/runs/20260430-223724-watch-spec/workspace/generate_artifact.py', 'edits': "[{'oldText': '        x4 = g2_cx + g2_r * math.cos(a2)\\n        y4 = g2_cy + g2_r * math.sin(a4) if False else g2_cy + g2_r * math.sin(a2)', 'newText': '        x4 = g2_cx + g2_r * math.cos(a2)\\n        y4 = g2_cy + g2_r * math.sin(a2)'}]"}
[   84.4s] [tool end] edit

[   84.4s] [turn_end]

[   84.4s] [turn_start]
[   84.9s] [thinking_start]
[   85.1s] [thinking_end] 47 chars: Now let me run the script to generate the SVG.

[   85.6s] [tool start] bash {'command': 'cd /src/theloop/runs/20260430-223724-watch-spec/workspace && python generate_artifact.py'}
[   85.7s] [tool end] bash

[   85.7s] [turn_end]

[   85.7s] [turn_start]
[   86.3s] [thinking_start]
[   86.6s] [thinking_end] 147 chars: The SVG was generated and validated as valid XML. Let me verify the file exists and check its size, then view it to make sure it looks reasonable.

[   87.3s] [tool start] bash {'command': 'wc -l /src/theloop/runs/20260430-223724-watch-spec/workspace/artifact.svg && ls -la /src/theloop/runs/20260430-223724-watch-spec/workspace/artifact.svg'}
[   87.4s] [tool end] bash

[   87.4s] [turn_end]

[   87.4s] [turn_start]
[   87.9s] [thinking_start]
[   88.2s] [thinking_end] 88 chars: The SVG file is 433 lines and 25KB. Let me view it to verify the content looks correct.

[   88.7s] [tool start] read {'path': '/src/theloop/runs/20260430-223724-watch-spec/workspace/artifact.svg', 'limit': '50'}
[   88.7s] [tool end] read

[   88.7s] [turn_end]

[   88.7s] [turn_start]
[   89.3s] [thinking_start]
[   89.5s] [thinking_end] 121 chars: The SVG looks well-structured. Let me also verify all the required elements are present by checking for key identifiers.

[   92.1s] [tool start] bash {'command': 'cd /src/theloop/runs/20260430-223724-watch-spec/workspace && python3 -c "\nimport xml.etree.ElementTree as ET\ntree = ET.parse(\'artifact.svg\')\nroot = tree.getroot()\n\n# Check for key elements\nns = {\'svg\': \'http://www.w3.org/2000/svg\'}\n\n# Count elements\ndefs = root.findall(\'.//svg:defs\', ns)\nprint(f\'Definitions: {len(defs)}\')\n\n# Check for required groups\nfor gid in [\'case\', \'crown\', \'dial\', \'hour-markers\', \'roman-numerals\', \n            \'minute-ticks\', \'hour-hand\', \'minute-hand\', \'second-hand\',\n    ...'}
[   92.1s] [tool end] bash

[   92.1s] [turn_end]

[   92.1s] [turn_start]
[   92.9s] [thinking_start]
[   93.5s] [thinking_end] 231 chars: All required elements are present. Let me also verify the specific content requirements:
- 60 minute tick marks
- 12 hour markers
- 12 Roman numerals
- 3+ gears
- Balance wheel
- Chain links

Let me do a final comprehensive check.

[   97.5s] [tool start] bash {'command': 'cd /src/theloop/runs/20260430-223724-watch-spec/workspace && python3 -c "\nimport xml.etree.ElementTree as ET\ntree = ET.parse(\'artifact.svg\')\nroot = tree.getroot()\nns = {\'svg\': \'http://www.w3.org/2000/svg\'}\n\n# Count specific elements\nminute_ticks = len(root.findall(\'.//svg:g[@id=\\"minute-ticks\\"]/svg:line\', ns))\nhour_markers = len(root.findall(\'.//svg:g[@id=\\"hour-markers\\"]/svg:line\', ns))\nroman_numerals = len(root.findall(\'.//svg:g[@id=\\"roman-numerals\\"]/svg:text\', ns))\nchain_links = len(root....'}
[   97.5s] [tool end] bash

[   97.5s] [turn_end]

[   97.5s] [turn_start]
[   97.8s] [thinking_start]
[   99.5s] [thinking_end] 472 chars: All acceptance criteria are met:
- artifact.svg exists and parses as valid XML ✓
- Contains all specified elements: case, crown, dial, numerals, ticks, hands (10, 2, 7), sub-dials (6, 12), movement gears (3+), balance wheel, chain ✓
- Propo...
[   99.5s] [text_start]
[  101.9s] [text_end] 755 chars: All acceptance criteria are met:

| Requirement | Status |
|---|---|
| `artifact.svg` exists | ✓ |
| Valid XML | ✓ |
| 600×600 viewBox, centered | ✓ |
| Case (r~200, metallic gradient, bezel) | ✓ |
| Crown at 12 o'clock with stem | ✓ |
| Ch...

[  101.9s] [turn_end]

[  101.9s] [agent_end]
