# pi activity log for iter 0
# prompt_chars=4622


[    0.6s] [agent_start]

[    0.6s] [turn_start]
[    1.7s] [thinking_start]
[    2.2s] [thinking_end] 259 chars: The user wants me to create a detailed SVG illustration of a mechanical pocket watch. Let me first check if there's an existing artifact.svg file, then create or edit it with all the specified elements.

Let me start by checking what exists...

[    2.6s] [tool start] bash {'command': 'ls -la /src/theloop/runs/20260430-222749-watch-spec/workspace/'}
[    2.6s] [tool end] bash

[    2.6s] [turn_end]

[    2.6s] [turn_start]
[    2.9s] [thinking_start]
[    3.1s] [thinking_end] 60 chars: Let me check the existing artifact.svg to see what's there.

[    3.3s] [tool start] read {'path': 'artifact.svg'}
[    3.3s] [tool end] read

[    3.3s] [turn_end]

[    3.3s] [turn_start]
[    3.9s] [thinking_start]
[   12.7s] [thinking_end] 3502 chars: The existing artifact.svg is just a placeholder. I need to create a detailed mechanical pocket watch SVG. Let me write a comprehensive SVG with all the required elements.

Let me plan the SVG structure:

1. **Defs**: Gradients for metallic/...
[   12.7s] [text_start]
[   12.9s] [text_end] 117 chars: I'll create a detailed mechanical pocket watch SVG with all specified elements. Let me write the complete artifact:

[  150.1s] [tool start] write {'path': 'artifact.svg', 'content': '<34093 chars>'}
[  150.1s] [tool end] write

[  150.1s] [turn_end]

[  150.1s] [turn_start]
[  150.5s] [thinking_start]
[  150.7s] [thinking_end] 109 chars: The file was truncated. I need to write the complete SVG. Let me write it all at once with the full content.
[  150.7s] [text_start]
[  150.9s] [text_end] 66 chars: The file was truncated. Let me write the complete SVG in one go:
