# pi activity log for iter 0, attempt 0
# prompt_chars=2268


[    1.0s] [agent_start]

[    1.0s] [turn_start]
[    4.2s] [thinking_start]
[    6.0s] [thinking_end] 244 chars: The user wants me to create a Python script `generate_artifact.py` that generates an SVG image of a Victorian-era robot reading a newspaper in a cafe. Let me write the script that produces this SVG.

Let me first check what's in the workspa...

[    6.6s] [tool start] bash {'command': 'ls -la'}
[    6.6s] [tool end] bash

[    6.6s] [turn_end]

[    6.6s] [turn_start]
[    7.1s] [thinking_start]
[    7.7s] [thinking_end] 65 chars: Let me check the existing files to understand the current state.

[    8.3s] [tool start] read {'path': 'generate_artifact.py'}
[    8.3s] [tool end] read

[    8.3s] [turn_end]

[    8.3s] [turn_start]
[    8.8s] [thinking_start]
[   10.1s] [thinking_end] 206 chars: Now I need to write a comprehensive `generate_artifact.py` that generates a detailed SVG of a Victorian-era robot reading a newspaper in a cafe. Let me create a detailed SVG with all the required elements.
[   10.1s] [text_start]
[   10.6s] [text_end] 44 chars: Now I'll write the detailed SVG generator:

[  316.1s] [tool start] write {'path': 'generate_artifact.py', 'content': '<22322 chars>'}
[  316.1s] [tool end] write

[  316.1s] [turn_end]

[  316.1s] [turn_start]
[  316.3s] [thinking_start]
[  317.1s] [thinking_end] 67 chars: Now let me run the script to generate the SVG and verify it works.

[  318.7s] [tool start] bash {'command': 'cd /src/theloop/runs/20260501-105717-robot/workspace && python generate_artifact.py'}
[  318.7s] [tool end] bash

[  318.7s] [turn_end]

[  318.7s] [turn_start]
[  319.0s] [thinking_start]
[  319.8s] [thinking_end] 71 chars: Good, no errors. Let me verify the SVG was generated and is valid XML.

[  321.3s] [tool start] bash {'command': 'python -c "import xml.etree.ElementTree as ET; ET.parse(\'artifact.svg\'); print(\'Valid XML\')" && wc -c artifact.svg'}
[  321.4s] [tool end] bash

[  321.4s] [turn_end]

[  321.4s] [turn_start]
[  321.7s] [thinking_start]
[  322.6s] [thinking_end] 102 chars: The SVG is valid XML and was generated successfully. Let me also verify the key elements are present.

[  325.7s] [tool start] bash {'command': 'python -c "\nimport xml.etree.ElementTree as ET\ntree = ET.parse(\'artifact.svg\')\nroot = tree.getroot()\nns = \'{http://www.w3.org/2000/svg}\'\ntexts = [t.text for t in root.iter(f\'{ns}text\') if t.text]\nfor t in texts:\n    print(repr(t))\n"'}
[  325.7s] [tool end] bash

[  325.7s] [turn_end]

[  325.7s] [turn_start]
[  326.0s] [thinking_start]
[  328.8s] [thinking_end] 375 chars: All the key elements are present. The SVG has been generated with:
1. Victorian robot with brass/copper body, gears, rivets, steam-punk aesthetic, seated posture
2. Newspaper with "The Daily Chronicle" headline and text lines
3. Cafe settin...
[  328.8s] [text_start]
[  333.7s] [text_end] 653 chars: Generated `artifact.svg` successfully. The SVG contains:

- **Victorian Robot**: Brass/copper metallic body with visible gears, rivets, pressure gauge, speaker grille, antenna, and steam effects — seated in a wooden chair
- **Newspaper**: O...

[  333.7s] [turn_end]

[  333.7s] [agent_end]
