# pi activity log for iter 2, attempt 1
# prompt_chars=3777


[    0.5s] [agent_start]

[    0.5s] [turn_start]
[    1.7s] [thinking_start]
[    3.4s] [thinking_end] 394 chars: Let me start by understanding the current state of the generate_artifact.py file. I need to:

1. Find the chain/crown section and fix it
2. Find the power reserve sub-dial and update the arc to ~60%
3. Find the movement/gear section and ens...

[    4.3s] [tool start] bash {'command': 'wc -l /src/theloop/runs/20260430-232348-watch-spec/workspace/generate_artifact.py'}
[    4.4s] [tool end] bash

[    4.4s] [turn_end]

[    4.4s] [turn_start]
[    4.6s] [thinking_start]
[    5.1s] [thinking_end] 94 chars: The file is 553 lines. Let me look at the key sections using grep to find the relevant parts.

[    6.5s] [tool start] bash {'command': 'cd /src/theloop/runs/20260430-232348-watch-spec/workspace && grep -n "chain\\|crown\\|power.reserve\\|gear\\|balance\\|sub.dial\\|movement" generate_artifact.py -i'}
[    6.5s] [tool end] bash

[    6.5s] [turn_end]

[    6.5s] [turn_start]
[    7.1s] [thinking_start]
[    8.6s] [thinking_end] 221 chars: Good, I can see the structure. Let me read the key sections:
1. Chain/crown section (lines 213-283)
2. Power reserve section (lines 460-495)
3. Movement/gear section (lines 284-370)

Let me read these sections in detail.

[    9.3s] [tool start] read {'path': 'generate_artifact.py', 'offset': '120', 'limit': '30'}
[    9.3s] [tool end] read

[    9.3s] [turn_end]

[    9.3s] [turn_start]
[    9.8s] [thinking_start]
[   10.6s] [thinking_end] 187 chars: The chain_link function has an issue - the last part uses `S` (smooth cubic bezier) which might not produce a proper closed path. Let me read the chain and crown sections more carefully.

[   11.4s] [tool start] read {'path': 'generate_artifact.py', 'offset': '213', 'limit': '80'}
[   11.4s] [tool end] read

[   11.4s] [turn_end]

[   11.4s] [turn_start]
[   12.0s] [thinking_start]
[   12.4s] [thinking_end] 69 chars: Now let me read the power reserve section and the rest of the gears.

[   13.3s] [tool start] read {'path': 'generate_artifact.py', 'offset': '460', 'limit': '50'}
[   13.3s] [tool end] read

[   13.3s] [turn_end]

[   13.3s] [turn_start]
[   13.9s] [thinking_start]
[   14.3s] [thinking_end] 79 chars: Now let me read the gear section more carefully and the balance wheel section.

[   15.1s] [tool start] read {'path': 'generate_artifact.py', 'limit': '80', 'offset': '284'}
[   15.1s] [tool end] read

[   15.1s] [turn_end]

[   15.1s] [turn_start]
[   16.0s] [thinking_start]
[   16.3s] [thinking_end] 74 chars: Now let me read the gear_path function to understand how gears are drawn.

[   17.1s] [tool start] read {'path': 'generate_artifact.py', 'offset': '19', 'limit': '30'}
[   17.1s] [tool end] read

[   17.1s] [turn_end]

[   17.1s] [turn_start]
[   17.6s] [thinking_start]
[   45.0s] [thinking_end] 4834 chars: Now I have a good understanding of the code. Let me analyze what needs to be fixed:

1. **Chain/Crown**: The chain links use `chain_link()` which returns an SVG path. Looking at the function, the last part uses `S` (smooth cubic bezier) whi...
[   45.0s] [text_start]
[   46.7s] [text_end] 263 chars: Now I understand the issues. Let me make targeted fixes:

1. **Chain link function** has a broken `S` command at the end
2. **Chain links** need to connect to the crown stem
3. **Power reserve** needs to show 60% of a full circle (216°), no...

[   70.6s] [tool start] edit {'path': 'generate_artifact.py', 'edits': '[{\'oldText\': \'def chain_link(cx, cy, angle_deg, width=8, length=22, rx=10):\\n    """Return a <path> for one oval chain link."""\\n    a = math.radians(angle_deg)\\n    dx = length * math.sin(a)\\n    dy = -length * math.cos(a)\\n    ex, ey = cx + dx, cy + dy\\n    # perpendicular offset for oval shape\\n    px = -math.cos(a) * width / 2\\n    py = -math.sin(a) * width / 2\\n    # two arcs forming an oval\\n    return (f\\\'M {cx:.1f},{cy:.1f} \\\'\\n            f\\\'A {rx:.1f},{rx:.1f} 0 0,1 {ex:.1f},{ey:.1f} \\...'}
[   70.6s] [tool end] edit

[   70.6s] [turn_end]

[   70.6s] [turn_start]
[   70.8s] [thinking_start]
[   72.5s] [thinking_end] 294 chars: Now let me fix the power reserve arc to show 60% of a full circle (216°). Currently it draws a semicircular arc from 180° to 72° (108°). I need to change it to a full circle arc from 180° to -36° (which is 216°).

Let me read the power rese...
[   72.5s] [text_start]
[   73.1s] [text_end] 68 chars: Now fix the power reserve arc to show 60% of a full circle (216°):

[   86.5s] [tool start] edit {'path': 'generate_artifact.py', 'edits': '[{\'oldText\': \'    # Power reserve arc (showing ~60% charge)\\n    # Arc from left to right, 60% of the semicircle\\n    # Start at 180° (left), end at 180 - 0.6*180 = 72° (right-ish)\\n    arc_start_x, arc_start_y = polar(sd_pr_cx, sd_pr_cy, sd_pr_r - 4, 180)\\n    arc_end_x, arc_end_y = polar(sd_pr_cx, sd_pr_cy, sd_pr_r - 4, 72)\\n    lines.append(\\n        f\\\'<path d="M {arc_start_x:.1f},{arc_start_y:.1f} \\\'\\n        f\\\'A {sd_pr_r - 4:.1f},{sd_pr_r - 4:.1f} 0 0,1 {arc_end_x:.1f},{arc_end_y:.1f}" \\\'...'}
[   86.5s] [tool end] edit

[   86.5s] [turn_end]

[   86.5s] [turn_start]
[   86.7s] [thinking_start]
[   92.7s] [thinking_end] 1019 chars: Now let me also update the power reserve hand angle to match the 60% position. Currently it's at 126°, but with the new arc (from 180° to -36° = 324°), the 60% mark would be at 180° - 216° = -36° = 324°. But actually, the hand should point...

[   94.7s] [tool start] edit {'path': 'generate_artifact.py', 'edits': "[{'oldText': '    # Power reserve hand\\n    pr_hand_angle = 126  # ~60% of the arc', 'newText': '    # Power reserve hand (pointing to end of 60% arc at -36°)\\n    pr_hand_angle = -36  # end of 216° green arc'}]"}
[   94.7s] [tool end] edit

[   94.7s] [turn_end]

[   94.7s] [turn_start]
[   95.1s] [thinking_start]
[   95.4s] [thinking_end] 49 chars: Now let me run the generator to see if it works.
[   95.4s] [text_start]
[   95.5s] [text_end] 30 chars: Now let's run the generator:

[   96.6s] [tool start] bash {'command': 'cd /src/theloop/runs/20260430-232348-watch-spec/workspace && source .venv/bin/activate && python generate_artifact.py 2>&1'}
[   96.6s] [tool end] bash

[   96.6s] [turn_end]

[   96.6s] [turn_start]
[   97.0s] [thinking_start]
[   97.4s] [thinking_end] 70 chars: The venv is not in the workspace directory. Let me check where it is.

[   98.2s] [tool start] bash {'command': 'find /src/theloop -name "activate" -path "*/bin/*" 2>/dev/null | head -5'}
[   98.6s] [tool end] bash

[   98.6s] [turn_end]

[   98.6s] [turn_start]
[   99.0s] [thinking_start]
[   99.6s] [thinking_end] 74 chars: The venv is at /src/theloop/.venv, not in the workspace. Let me use that.

[  100.7s] [tool start] bash {'command': 'cd /src/theloop/runs/20260430-232348-watch-spec/workspace && source /src/theloop/.venv/bin/activate && python generate_artifact.py 2>&1'}
[  100.8s] [tool end] bash

[  100.8s] [turn_end]

[  100.8s] [turn_start]
[  101.0s] [thinking_start]
[  101.4s] [thinking_end] 59 chars: Good, no errors. Now let me validate the SVG is valid XML.
[  101.4s] [text_start]
[  101.7s] [text_end] 54 chars: Generator ran successfully. Let me validate the SVG:

[  106.0s] [tool start] bash {'command': 'cd /src/theloop/runs/20260430-232348-watch-spec/workspace && python -c "\nimport xml.etree.ElementTree as ET\ntree = ET.parse(\'artifact.svg\')\nroot = tree.getroot()\nprint(f\'Valid XML: root tag = {root.tag}\')\n# Check for unclosed tags by counting opening vs closing\nwith open(\'artifact.svg\') as f:\n    content = f.read()\n# Check basic structure\nassert content.strip().startswith(\'<?xml\'), \'Missing XML declaration\'\nassert content.strip().endswith(\'</svg>\'), \'Missing closing svg tag\'\n# Count self-closing...'}
[  106.0s] [tool end] bash

[  106.0s] [turn_end]

[  106.0s] [turn_start]
[  106.4s] [thinking_start]
[  107.0s] [thinking_end] 149 chars: The SVG is valid XML. Let me also verify the key elements are present by checking the generated SVG for the specific features mentioned in the task.
[  107.0s] [text_start]
[  107.4s] [text_end] 66 chars: Let me verify the key elements are present in the generated SVG:

[  112.1s] [tool start] bash {'command': 'cd /src/theloop/runs/20260430-232348-watch-spec/workspace && python -c "\nimport xml.etree.ElementTree as ET\ntree = ET.parse(\'artifact.svg\')\nroot = tree.getroot()\nns = {\'svg\': \'http://www.w3.org/2000/svg\'}\n\n# Count chain links (paths with bezelGrad stroke)\nchain_paths = [e for e in root.iter() if e.get(\'stroke\') and \'bezelGrad\' in str(e.get(\'stroke\')) and e.tag.endswith(\'path\')]\nprint(f\'Chain links found: {len(chain_paths)}\')\n\n# Count gears (paths with brassGrad or brassDark fill)\ngear_paths = [e...'}
[  112.1s] [tool end] bash

[  112.1s] [turn_end]

[  112.1s] [turn_start]
[  112.4s] [thinking_start]
[  112.6s] [thinking_end] 101 chars: The chain links and gears are found. Let me fix the validation script to handle float radius values.

[  116.4s] [tool start] bash {'command': 'cd /src/theloop/runs/20260430-232348-watch-spec/workspace && python -c "\nimport xml.etree.ElementTree as ET\ntree = ET.parse(\'artifact.svg\')\nroot = tree.getroot()\n\n# Count chain links\nchain_paths = [e for e in root.iter() if e.get(\'stroke\') and \'bezelGrad\' in str(e.get(\'stroke\')) and e.tag.endswith(\'path\')]\nprint(f\'Chain links found: {len(chain_paths)}\')\n\n# Count gears\ngear_paths = [e for e in root.iter() if e.get(\'fill\') and (\'brassGrad\' in str(e.get(\'fill\')) or \'brassDark\' in str(e.get(\'fill\'))...'}
[  116.4s] [tool end] bash

[  116.4s] [turn_end]

[  116.4s] [turn_start]
[  116.7s] [thinking_start]
[  117.4s] [thinking_end] 317 chars: All key elements are present:
- 4 chain links ✓
- 4 gear paths (large, medium, small, tiny) ✓
- Balance wheel present ✓
- Power reserve green arc ✓
- Crown elements ✓

The SVG is valid XML and all the required elements are in place. Let me...
[  117.4s] [text_start]
[  117.6s] [text_end] 74 chars: All validations pass. Let me do a final check on gear size distinctness:

[  118.3s] [tool start] bash {'command': 'cd /src/theloop/runs/20260430-232348-watch-spec/workspace && grep -A1 "Gear [1234]" generate_artifact.py | grep "outer"'}
[  118.3s] [tool end] bash

[  118.3s] [turn_end]

[  118.3s] [turn_start]
[  118.5s] [thinking_start]
[  118.7s] [thinking_end] 33 chars: Let me try a different approach.

[  119.3s] [tool start] bash {'command': 'cd /src/theloop/runs/20260430-232348-watch-spec/workspace && grep "outer" generate_artifact.py | grep -v "def\\|#"'}
[  119.3s] [tool end] bash

[  119.3s] [turn_end]

[  119.3s] [turn_start]
[  119.7s] [thinking_start]
[  121.3s] [thinking_end] 562 chars: The gear sizes are:
- Gear 1 (large): outer_r=55
- Gear 2 (medium): outer_r=40
- Gear 3 (small): outer_r=28
- Gear 4 (tiny): outer_r=22

These are distinctly different sizes. All requirements are met:

1. ✅ Chain: 4 links connected to the c...
[  121.3s] [text_start]
[  124.9s] [text_end] 1122 chars: All requirements verified:

| Requirement | Status |
|---|---|
| Chain: 4 connected links attached to crown stem | ✅ 4 links, each overlapping the next |
| Power reserve: ~60% charge (216° arc) | ✅ Full-circle arc, 216° green + 144° gold |...

[  124.9s] [turn_end]

[  124.9s] [agent_end]
