# pi activity log for iter 2, attempt 0
# prompt_chars=4468


[    1.0s] [agent_start]

[    1.0s] [turn_start]
[    2.1s] [thinking_start]
[    2.4s] [thinking_end] 108 chars: Let me start by reading the current state of `generate_artifact.py` to understand what needs to be changed.

[    2.6s] [tool start] read {'path': 'generate_artifact.py'}
[    2.6s] [tool end] read

[    2.6s] [turn_end]

[    2.6s] [turn_start]
[    4.9s] [thinking_start]
[   11.6s] [thinking_end] 2702 chars: Let me analyze the current code and understand what needs to be improved:

1. **Chain**: The current chain uses `chain_link` function which creates oval paths. The links need to be physically connected - each link should overlap/connect to...
[   11.6s] [text_start]
[   11.7s] [text_end] 75 chars: Let me examine the current artifact to understand what needs improvement:

[   12.0s] [tool start] read {'path': 'artifact.svg'}
[   12.0s] [tool end] read

[   12.0s] [turn_end]

[   12.0s] [turn_start]
[   16.2s] [thinking_start]
