# pi activity log for iter 2, attempt 0
# prompt_chars=2964


[    0.5s] [agent_start]

[    0.5s] [turn_start]
[    1.6s] [thinking_start]
[    2.6s] [thinking_end] 230 chars: Let me start by understanding the current state of the workspace. I need to:
1. Check what files exist
2. Read the current `generate_artifact.py`
3. Update it to generate the pelican-on-bicycle SVG
4. Run it and verify the output

[    3.4s] [tool start] bash {'command': 'ls -la /src/theloop/runs/20260501-084900-workspace/'}
[    3.4s] [tool end] bash

[    3.4s] [turn_end]

[    3.4s] [turn_start]
[    3.6s] [thinking_start]
[    3.9s] [thinking_end] 43 chars: Let me check the actual working directory.

[    4.2s] [tool start] bash {'command': 'pwd && ls -la'}
[    4.2s] [tool end] bash

[    4.2s] [turn_end]

[    4.2s] [turn_start]
[    4.6s] [thinking_start]
[    5.1s] [thinking_end] 103 chars: Good, I can see the files. Let me read the current `generate_artifact.py` to understand its structure.

[    5.4s] [tool start] read {'path': 'generate_artifact.py'}
[    5.4s] [tool end] read

[    5.4s] [turn_end]

[    5.4s] [turn_start]
[    8.6s] [thinking_start]
[   11.8s] [thinking_end] 861 chars: Now I understand the current structure. I need to completely rewrite the SVG content to depict a pelican on a bicycle with a city skyline background, framed as a vintage postcard. Let me write a new `generate_artifact.py` that generates thi...
[   11.8s] [text_start]
[   12.3s] [text_end] 100 chars: Now I have a clear picture. I'll rewrite `generate_artifact.py` with the pelican-on-bicycle scene.
