# pi activity log for iter 2, attempt 1
# prompt_chars=3330


[    0.9s] [agent_start]

[    0.9s] [turn_start]
[    1.8s] [thinking_start]
[    2.4s] [thinking_end] 135 chars: Let me start by examining the current state of the workspace and the generate_artifact.py file to understand what needs to be changed.

[    3.1s] [tool start] bash {'command': 'ls -la /src/theloop/runs/20260501-084900-workspace/'}
[    3.1s] [tool end] bash

[    3.1s] [turn_end]

[    3.1s] [turn_start]
[    3.3s] [thinking_start]
[    3.7s] [thinking_end] 66 chars: The path seems wrong. Let me check the current working directory.

[    4.0s] [tool start] bash {'command': 'pwd && ls -la'}
[    4.0s] [tool end] bash

[    4.0s] [turn_end]

[    4.0s] [turn_start]
[    4.4s] [thinking_start]
[    5.0s] [thinking_end] 140 chars: Good, I can see the files. Let me examine the generate_artifact.py file to understand its structure. I'll use grep/rg to find key sections.

[    5.6s] [tool start] bash {'command': 'wc -l generate_artifact.py && head -80 generate_artifact.py'}
[    5.6s] [tool end] bash

[    5.6s] [turn_end]

[    5.6s] [turn_start]
[    6.3s] [thinking_start]
[    6.7s] [thinking_end] 98 chars: I can see the structure. Let me see more of the file to understand the full SVG generation logic.

[    7.2s] [tool start] bash {'command': "sed -n '80,200p' generate_artifact.py"}
[    7.2s] [tool end] bash

[    7.2s] [turn_end]

[    7.2s] [turn_start]
[    8.6s] [thinking_start]
[    9.0s] [thinking_end] 66 chars: Let me see the rest of the file to understand the full structure.

[    9.5s] [tool start] bash {'command': "sed -n '200,410p' generate_artifact.py"}
[    9.5s] [tool end] bash

[    9.5s] [turn_end]

[    9.5s] [turn_start]
[   11.4s] [thinking_start]
[   15.4s] [thinking_end] 1058 chars: Now I have a complete picture of the file. It's a 410-line file that generates an SVG of a Victorian robot in a cafe. I need to completely replace the SVG content with a new scene: a white pelican with an orange beak riding a red bicycle, w...
[   15.4s] [text_start]
[   16.1s] [text_end] 156 chars: Now I have a clear picture of the file. I need to replace the entire SVG content with a pelican-on-bicycle scene. Let me craft the new SVG and replace it.
