# pi activity log for iter 6, attempt 1
# prompt_chars=4208


[    0.5s] [agent_start]

[    0.5s] [turn_start]
[    1.7s] [thinking_start]
[    2.2s] [thinking_end] 117 chars: Let me start by inspecting the relevant sections of `generate_artifact.py` to find the chain and power reserve code.

[    3.1s] [tool start] bash {'command': "grep -n -i 'chain\\|oval\\|crown\\|power.reserve\\|power_reserve\\|arc\\|sub.dial\\|small.seconds' generate_artifact.py"}
[    3.2s] [tool end] bash

[    3.2s] [turn_end]

[    3.2s] [turn_start]
[    3.7s] [thinking_start]
[    4.3s] [thinking_end] 130 chars: Good, I can see the relevant sections. Let me read the chain_link function and the chain section, then the power reserve section.

[    5.1s] [tool start] read {'path': 'generate_artifact.py', 'offset': '120', 'limit': '30'}
[    5.1s] [tool end] read

[    5.1s] [turn_end]

[    5.1s] [turn_start]
[    5.5s] [thinking_start]
[    5.9s] [thinking_end] 80 chars: Now let me read the chain section and the power reserve section more carefully.

[    6.6s] [tool start] read {'path': 'generate_artifact.py', 'offset': '212', 'limit': '30'}
[    6.6s] [tool end] read

[    6.6s] [turn_end]

[    6.6s] [turn_start]
[    7.1s] [thinking_start]
[    7.4s] [thinking_end] 43 chars: Now let me read the power reserve section:

[    8.2s] [tool start] read {'path': 'generate_artifact.py', 'offset': '447', 'limit': '50'}
[    8.2s] [tool end] read

[    8.2s] [turn_end]

[    8.2s] [turn_start]
[    8.8s] [thinking_start]
[   12.7s] [thinking_end] 926 chars: Now let me understand the issues:

1. **Chain**: The chain currently uses `chain_link` which creates filled ellipses. The task says "Replace the floating ovals with a continuous chain of 3-4 interlocking oval links" and "The links must be p...

[   13.5s] [tool start] read {'path': 'generate_artifact.py', 'offset': '248', 'limit': '30'}
[   13.5s] [tool end] read

[   13.5s] [turn_end]

[   13.5s] [turn_start]
[   14.1s] [thinking_start]
[   14.6s] [thinking_end] 102 chars: Now I understand the structure. Let me also check the `polar` function and the balance wheel section:

[   15.3s] [tool start] bash {'command': "grep -n 'def polar\\|def gear_path\\|def hand_path\\|balance\\|balance_wheel' generate_artifact.py"}
[   15.3s] [tool end] bash

[   15.3s] [turn_end]

[   15.3s] [turn_start]
[   15.7s] [thinking_start]
[   15.9s] [thinking_end] 40 chars: Let me check the balance wheel section:

[   16.6s] [tool start] read {'path': 'generate_artifact.py', 'offset': '310', 'limit': '50'}
[   16.6s] [tool end] read

[   16.6s] [turn_end]

[   16.6s] [turn_start]
[   17.3s] [thinking_start]
[   23.1s] [thinking_end] 1314 chars: Now let me understand the current state:

1. **Chain**: The chain currently has 4 filled ellipses. They're positioned correctly (anchored to crown at (300, 76)), but they're filled (solid) rather than hollow rings. The task says "Replace th...

[   23.9s] [tool start] read {'path': 'generate_artifact.py', 'offset': '380', 'limit': '40'}
[   23.9s] [tool end] read

[   23.9s] [turn_end]

[   23.9s] [turn_start]
[   24.5s] [thinking_start]
[   24.9s] [thinking_end] 79 chars: Now let me check the `roman_numeral_text` function to see where XII is placed:

[   25.6s] [tool start] bash {'command': "grep -n 'def roman_numeral_text\\|def hour_marker\\|def minute_tick' generate_artifact.py"}
[   25.6s] [tool end] bash

[   25.6s] [turn_end]

[   25.6s] [turn_start]
[   26.0s] [thinking_start]
[   26.3s] [thinking_end] 46 chars: Let me check the roman_numeral_text function:

[   27.0s] [tool start] read {'path': 'generate_artifact.py', 'limit': '20', 'offset': '54'}
[   27.0s] [tool end] read

[   27.0s] [turn_end]

[   27.0s] [turn_start]
[   27.4s] [thinking_start]
[   74.1s] [thinking_end] 10625 chars: Now I understand the full picture. Let me analyze the issues:

1. **Chain**: The chain links are filled ellipses. They need to be hollow (ring-shaped) to look like interlocking chain links. The current code uses `fill="url(#bezelGrad)"` whi...

[   74.9s] [tool start] read {'path': 'generate_artifact.py', 'limit': '10', 'offset': '13'}
[   74.9s] [tool end] read

[   74.9s] [turn_end]

[   74.9s] [turn_start]
[   76.2s] [thinking_start]
