# pi activity log for iter 0, attempt 0
# prompt_chars=2002


[    1.1s] [agent_start]

[    1.1s] [turn_start]
[    2.1s] [thinking_start]
[    2.3s] [thinking_end] 133 chars: Let me start by inspecting the current state of the workspace and understanding what files exist, then look at generate_artifact.py.

[    2.5s] [tool start] bash {'command': 'ls -la'}
[    2.5s] [tool end] bash

[    2.5s] [turn_end]

[    2.5s] [turn_start]
[    2.8s] [thinking_start]
[    3.0s] [thinking_end] 68 chars: Let me read the existing files to understand the current structure.

[    3.1s] [tool start] read {'path': 'generate_artifact.py'}
[    3.2s] [tool end] read

[    3.2s] [turn_end]

[    3.2s] [turn_start]
[    3.4s] [thinking_start]
[    3.9s] [thinking_end] 229 chars: Now I understand the structure. I need to rewrite `generate_artifact.py` to produce a detailed SVG of a pelican on a bicycle with a cityscape background, styled as a vintage postcard. Let me create a comprehensive SVG generator.

[   90.7s] [tool start] write {'path': 'generate_artifact.py', 'content': '<21146 chars>'}
[   90.7s] [tool end] write

[   90.7s] [turn_end]

[   90.7s] [turn_start]
[   90.9s] [thinking_start]
[   91.1s] [thinking_end] 52 chars: Now let me run the generator and verify the output.

[   91.3s] [tool start] bash {'command': 'python generate_artifact.py'}
[   91.4s] [tool end] bash

[   91.4s] [turn_end]

[   91.4s] [turn_start]
[   91.6s] [thinking_start]
[   91.8s] [thinking_end] 91 chars: Good, no errors. Let me verify the output is valid XML and contains the expected elements.

[   94.2s] [tool start] bash {'command': 'python -c "\nimport xml.etree.ElementTree as ET\ntree = ET.parse(\'artifact.svg\')\nroot = tree.getroot()\nns = {\'svg\': \'http://www.w3.org/2000/svg\'}\nprint(\'Root tag:\', root.tag)\nprint(\'Dimensions:\', root.get(\'viewBox\'))\nprint(\'Total elements:\', len(list(root.iter())))\n\n# Check for key elements\ntags = [elem.tag.split(\'}\')[-1] for elem in root.iter()]\nprint(\'Has wheel defs:\', \'wheel\' in str(tags))\nprint(\'Has text elements:\', \'text\' in tags)\nprint(\'Has rect elements:\', \'rect\' in tags)\nprint(\'Has path el...'}
[   94.3s] [tool end] bash

[   94.3s] [turn_end]

[   94.3s] [turn_start]
[   94.6s] [thinking_start]
[   95.0s] [thinking_end] 153 chars: The SVG is valid XML with 287 elements. Let me also verify the key content elements are present - the pelican, bicycle, cityscape, and postcard styling.

[   97.8s] [tool start] bash {'command': 'python -c "\ncontent = open(\'artifact.svg\').read()\nchecks = {\n    \'Pelican body\': \'ellipse cx=\\"420\\" cy=\\"195\\"\',\n    \'Pelican beak\': \'M490,95 Q530,90 560,100\',\n    \'Pelican hat\': \'M460,85 Q465,65 475,62\',\n    \'Bicycle wheels\': \'<use href=\\"#wheel\\"\',\n    \'Bicycle frame\': \'stroke=\\"#6b4c30\\"\',\n    \'Cityscape buildings\': \'rect x=\\"30\\" y=\\"200\\"\',\n    \'Clock tower\': \'Clock face\',\n    \'Postcard border\': \'Outer decorative border\',\n    \'Greetings text\': \'Greetings from\',\n    \'Title banner\': \'Pelican...'}
[   97.9s] [tool end] bash

[   97.9s] [turn_end]

[   97.9s] [turn_start]
[   98.1s] [thinking_start]
[   98.3s] [thinking_end] 79 chars: All checks pass. Let me also view the generated SVG to confirm it looks right.

[   98.5s] [tool start] read {'path': 'artifact.svg'}
[   98.5s] [tool end] read

[   98.5s] [turn_end]

[   98.5s] [turn_start]
[  101.3s] [thinking_start]
[  101.8s] [thinking_end] 243 chars: The SVG looks great. It's valid XML, contains all the required elements, and depicts exactly what was requested: a pelican riding a bicycle with a cityscape in the background, styled as a vintage postcard. Let me confirm the task is complet...
[  101.8s] [text_start]
[  104.1s] [text_end] 917 chars: Done. Here's what was produced:

**`generate_artifact.py`** — rewritten to generate a detailed 800×600 SVG with:

- **Pelican** — white body, orange beak with pouch, wearing a vintage flat cap, pedaling the bicycle with legs on pedals and w...

[  104.1s] [turn_end]

[  104.1s] [agent_end]
