# pi activity log for iter 4, attempt 0
# prompt_chars=6069


[    1.1s] [agent_start]

[    1.1s] [turn_start]
[    2.6s] [thinking_start]
[    2.8s] [thinking_end] 133 chars: Let me start by reading the current `generate_artifact.py` to understand the existing code structure, then make the necessary fixes.

[    3.0s] [tool start] read {'path': 'generate_artifact.py'}
[    3.0s] [tool end] read

[    3.0s] [turn_end]

[    3.0s] [turn_start]
[    5.5s] [thinking_start]
[   17.8s] [thinking_end] 4640 chars: Let me analyze the current code and identify the issues to fix:

1. **Chain geometry**: The current chain uses `chain_link()` which creates oval paths using SVG arcs. The links need to be physically interlocking - meaning each link should o...
[   17.8s] [text_start]
[   18.1s] [text_end] 84 chars: Let me examine the current code structure and identify the specific issues to fix.

[   18.7s] [tool start] bash {'command': 'python generate_artifact.py 2>&1 && python -c "import xml.etree.ElementTree as ET; ET.parse(\'artifact.svg\'); print(\'Valid XML\')" 2>&1'}
[   18.8s] [tool end] bash

[   18.8s] [turn_end]

[   18.8s] [turn_start]
[   19.3s] [thinking_start]
[   86.2s] [thinking_end] 19873 chars: Good, the current code produces valid XML. Now let me analyze the three issues:

1. **Chain**: The current chain uses `chain_link()` which creates oval paths. But the links need to be physically interlocking - meaning each link's end should...
[   86.2s] [text_start]
[   87.3s] [text_end] 383 chars: Now I have a clear picture of the code. Let me identify and fix the three issues:

1. **Chain**: Uses arc-based ovals that don't properly interlock; positions need adjustment for overlap
2. **Power reserve**: Arc math looks correct (216°),...

[   92.6s] [tool start] edit {'path': 'generate_artifact.py', 'edits': '[{\'oldText\': \'def chain_link(cx, cy, angle_deg, width=8, length=22, rx=10):\\n    """Return a <path> for one oval chain link."""\\n    a = math.radians(angle_deg)\\n    dx = length * math.sin(a)\\n    dy = -length * math.cos(a)\\n    ex, ey = cx + dx, cy + dy\\n    # perpendicular offset for oval shape\\n    px = -math.cos(a) * width / 2\\n    py = -math.sin(a) * width / 2\\n    # two arcs forming an oval, closed with Z\\n    return (f\\\'M {cx:.1f},{cy:.1f} \\\'\\n            f\\\'A {rx:.1f},{rx:.1f} 0 0,1 {ex:...'}
[   92.6s] [tool end] edit

[   92.6s] [turn_end]

[   92.6s] [turn_start]
[   92.8s] [thinking_start]
[   99.7s] [thinking_end] 1528 chars: Good, now let me update the chain positions for proper interlocking. The current positions have gaps between links. I need to adjust them so the links overlap properly.

For interlocking links with length 22:
- Distance between centers shou...
[   99.7s] [text_start]
[   99.9s] [text_end] 65 chars: Now update the chain positions for proper interlocking overlap:

[  107.4s] [tool start] edit {'path': 'generate_artifact.py', 'edits': '[{\'oldText\': \'    # ── chain (behind everything) ────────────────────────────────────────\\n    # Crown stem extends from crown knob down into the case\\n    # Chain attaches to the top of the crown stem and curves upward-left\\n    # Link 1: connects directly to crown stem at (300, 88)\\n    lines.append(\\n        f\\\'<path d="{chain_link(300, 88, -25, width=7, length=20, rx=9)}" \\\'\\n        f\\\'fill="none" stroke="url(#bezelGrad)" stroke-width="2.5" \\\'\\n        f\\\'stroke-linecap="round"/>\\\'\\n    )\\n...'}
[  107.4s] [tool end] edit

[  107.4s] [turn_end]

[  107.4s] [turn_start]
[  107.7s] [thinking_start]
[  110.3s] [thinking_end] 833 chars: Good. Now I need to fix the 6 o'clock marker visibility. The issue is that the hour markers are drawn before the sub-dials, so the sub-dial covers the 6 o'clock marker. I need to draw the 6 o'clock marker AFTER the sub-dials.

Let me find t...
[  110.3s] [text_start]
[  110.5s] [text_end] 76 chars: Now fix the 6 o'clock marker visibility by drawing it AFTER the sub-dials:

[  113.0s] [tool start] edit {'path': 'generate_artifact.py', 'edits': '[{\'oldText\': \'    # ── hour markers ─────────────────────────────────────────────────────\\n    for i in range(12):\\n        angle = i * 30\\n        thick = i % 3 == 0  # 12, 3, 6, 9\\n        lines.append(hour_marker(CX, CY, DIAL_R - 18, DIAL_R - 32, angle, thick))\', \'newText\': "    # ── hour markers (skip 6 o\'clock — drawn after sub-dial for visibility) ──\\n    for i in range(12):\\n        if i == 6:  # skip 6 o\'clock\\n            continue\\n        angle = i * 30\\n        thick = i % 3 == 0  # 1...'}
[  113.0s] [tool end] edit

[  113.0s] [turn_end]

[  113.0s] [turn_start]
[  113.2s] [thinking_start]
[  114.2s] [thinking_end] 416 chars: Now I need to add the 6 o'clock marker after the sub-dials. Let me find the right place to insert it. It should be after the power reserve sub-dial section. Let me find the end of the power reserve section and add the 6 o'clock marker there...
[  114.2s] [text_start]
[  114.5s] [text_end] 72 chars: Now add the 6 o'clock marker after the sub-dials so it appears on top:

[  116.9s] [tool start] edit {'path': 'generate_artifact.py', 'edits': '[{\'oldText\': \'    lines.append(f\\\'<circle cx="{sd_pr_cx}" cy="{sd_pr_cy}" r="1.5" fill="#8b6914"/>\\\')\\n\\n    # ── hands (origin at exact center 300,300) ───────────────────────────\', \'newText\': \'    lines.append(f\\\'<circle cx="{sd_pr_cx}" cy="{sd_pr_cy}" r="1.5" fill="#8b6914"/>\\\')\\n\\n    # ── 6 o\\\'clock hour marker (drawn AFTER sub-dials so it sits on top) ──\\n    lines.append(hour_marker(CX, CY, DIAL_R - 18, DIAL_R - 32, 180, thick=True))\\n\\n    # ── hands (origin at exact center 300,300) ────...'}
[  116.9s] [tool end] edit

[  116.9s] [turn_end]

[  116.9s] [turn_start]
[  117.3s] [thinking_start]
[  117.5s] [thinking_end] 51 chars: Now let me run the script and validate the output.
[  117.5s] [text_start]
[  117.8s] [text_end] 40 chars: Now let's run the script and validate:

[  117.9s] [tool start] bash {'command': 'python generate_artifact.py 2>&1'}
[  117.9s] [tool end] bash

[  117.9s] [turn_end]

[  117.9s] [turn_start]
[  118.4s] [thinking_start]
[  118.7s] [thinking_end] 63 chars: Good, no errors. Let me validate the XML and check the output.

[  119.0s] [tool start] bash {'command': 'python -c "import xml.etree.ElementTree as ET; ET.parse(\'artifact.svg\'); print(\'Valid XML\')" 2>&1'}
[  119.0s] [tool end] bash

[  119.0s] [turn_end]

[  119.0s] [turn_start]
[  119.3s] [thinking_start]
[  119.6s] [thinking_end] 119 chars: Good, valid XML. Let me now check the artifact.svg to verify the changes are correct. Let me look at the key sections.
[  119.6s] [text_start]
[  119.8s] [text_end] 54 chars: Let me verify the key sections of the generated SVG:

[  120.4s] [tool start] bash {'command': 'grep -n "chain_link\\|<ellipse.*bezelGrad\\|6 o\'clock\\|hour_marker.*180\\|216\\|power reserve\\|PWR" generate_artifact.py'}
[  120.4s] [tool end] bash

[  120.4s] [turn_end]

[  120.4s] [turn_start]
[  120.9s] [thinking_start]
[  121.2s] [thinking_end] 123 chars: Good, all the changes are in place. Let me also verify the generated SVG content for the chain and power reserve sections.

[  121.9s] [tool start] bash {'command': 'grep -n "ellipse.*bezelGrad\\|<path.*8b1a1a\\|<path.*c4a84a.*stroke-width.*1.5\\|hour_marker\\|6 o\'clock" artifact.svg | head -20'}
[  121.9s] [tool end] bash

[  121.9s] [turn_end]

[  121.9s] [turn_start]
[  122.4s] [thinking_start]
[  126.6s] [thinking_end] 733 chars: Let me verify the power reserve arc more carefully. The arc goes from (280.0, 186.5) to (320.0, 186.5) with radius 21. Let me check:

- sd_pr_cx = 300, sd_pr_cy = 180 (CX, CY - 120)
- sd_pr_r = 25
- sd_pr_r - 4 = 21

For -108°:
- x = 300 +...

[  127.1s] [tool start] bash {'command': 'grep -n "180.*stroke.*2.5\\|y.*438\\|y.*452" artifact.svg | head -10'}
[  127.1s] [tool end] bash

[  127.1s] [turn_end]

[  127.1s] [turn_start]
[  127.6s] [thinking_start]
[  142.3s] [thinking_end] 3203 chars: Line 191 shows the 6 o'clock marker: `<line x1="300.0" y1="452.0" x2="300.0" y2="438.0" stroke="#2a2015" stroke-width="2.5" stroke-linecap="round"/>`

This is a thick line (stroke-width=2.5) at the 6 o'clock position, extending from y=452 t...
[  142.3s] [text_start]
[  142.6s] [text_end] 103 chars: The chain links have too much gap between them. Let me tighten the positions for proper interlocking:

[  146.7s] [tool start] edit {'path': 'generate_artifact.py', 'edits': "[{'oldText': '    # Link 1: anchored to crown stem at (300, 88)\\n    lines.append(chain_link(300, 88, -25, width=6, length=22))\\n    # Link 2: overlaps link 1 end\\n    lines.append(chain_link(285, 66, -40, width=6, length=22))\\n    # Link 3: overlaps link 2 end\\n    lines.append(chain_link(265, 48, -55, width=6, length=22))\\n    # Link 4: overlaps link 3 end, free tip\\n    lines.append(chain_link(241, 35, -65, width=6, length=22))', 'newText': '    # Link 1: anchored to crown stem at (300, 88)\\n..."}
[  146.7s] [tool end] edit

[  146.7s] [turn_end]

[  146.7s] [turn_start]
[  146.9s] [thinking_start]
[  184.2s] [thinking_end] 9147 chars: Let me verify the new positions create proper overlap:

Link 1: center (300, 88), angle -25°, rx=11
- End toward link 2: (300 + 11*sin(-25°), 88 - 11*cos(-25°)) = (295.34, 78.03)

Link 2: center (285, 65), angle -40°, rx=11
- Start toward l...
[  184.2s] [text_start]
[  184.6s] [text_end] 138 chars: The chain links still have too much gap. Let me recalculate with tighter spacing and more gradual angle changes for proper interlocking:

[  190.8s] [tool start] edit {'path': 'generate_artifact.py', 'edits': "[{'oldText': '    # ── chain (behind everything) ────────────────────────────────────────\\n    # Crown stem extends from crown knob down into the case.\\n    # Chain attaches to the top of the crown stem and curves upward-left.\\n    # Each link is an ellipse; centres are spaced ~16 px apart (≈75 % of\\n    # link length) so adjacent links overlap and interlock visually.\\n    # Link 1: anchored to crown stem at (300, 88)\\n    lines.append(chain_link(300, 88, -25, width=6, length=22))\\n    # Link 2:..."}
[  190.8s] [tool end] edit

[  190.8s] [turn_end]

[  190.8s] [turn_start]
[  191.0s] [thinking_start]
[  196.5s] [thinking_end] 918 chars: Let me verify the overlap with the new positions:

Link 1: center (300, 88), angle -20°, rx=10
- End toward link 2: (300 + 10*sin(-20°), 88 - 10*cos(-20°)) = (296.58, 78.62)

Link 2: center (290, 72), angle -30°, rx=10
- Start toward link 1...

[  197.1s] [tool start] bash {'command': 'python generate_artifact.py 2>&1 && python -c "import xml.etree.ElementTree as ET; ET.parse(\'artifact.svg\'); print(\'Valid XML\')"'}
[  197.1s] [tool end] bash

[  197.1s] [turn_end]

[  197.1s] [turn_start]
[  197.4s] [thinking_start]
[  197.7s] [thinking_end] 69 chars: Good, valid XML. Let me verify the chain links in the generated SVG.

[  198.0s] [tool start] bash {'command': 'grep "ellipse.*bezelGrad" artifact.svg'}
[  198.0s] [tool end] bash

[  198.0s] [turn_end]

[  198.0s] [turn_start]
[  198.5s] [thinking_start]
[  198.9s] [thinking_end] 174 chars: The chain links are now properly positioned with overlapping centers. Let me also verify the power reserve arc and the 6 o'clock marker.

Let me check the power reserve arc:
[  198.9s] [text_start]
[  199.1s] [text_end] 43 chars: Let me verify all three fixes in the SVG:

[  200.4s] [tool start] bash {'command': 'echo "=== Power Reserve Arc (216°) ===" && grep -A1 "8b1a1a" artifact.svg && echo "" && echo "=== 6 o\'clock Marker (thick, after sub-dial) ===" && grep "y.*452.*438\\|stroke-width.*2.5.*stroke-linecap" artifact.svg | grep "300" && echo "" && echo "=== Roman Numerals ===" && grep "font-family=\\"Georgia" artifact.svg | head -15'}
[  200.4s] [tool end] bash

[  200.4s] [turn_end]

[  200.4s] [turn_start]
[  201.5s] [thinking_start]
[  206.0s] [thinking_end] 1249 chars: Let me verify all the acceptance criteria:

1. **Chain consists of interlocking ovals anchored to the crown**: ✅
   - 4 ellipse links with proper overlap (distances between link endpoints are 2.6, 0.6, and 2.1 units)
   - First link anchore...

[  207.6s] [tool start] bash {'command': 'echo "=== Power Reserve Needle ===" && grep -A2 "pr_tip\\|pr_hand" artifact.svg | head -5 && echo "" && echo "=== Movement: Gears ===" && grep "gear_path\\|<path.*brass\\|<circle.*r=\\"55\\"\\|<circle.*r=\\"40\\"\\|<circle.*r=\\"28\\"" artifact.svg | head -10 && echo "" && echo "=== Balance Wheel ===" && grep "bw_cx\\|bw_cy\\|430.*470\\|balance" artifact.svg | head -5'}
[  207.6s] [tool end] bash

[  207.6s] [turn_end]

[  207.6s] [turn_start]
[  209.3s] [thinking_start]
[  209.8s] [thinking_end] 186 chars: Let me check the power reserve needle more carefully. The grep didn't find it, which might mean the variable names are different in the generated SVG. Let me search for the needle line.

[  210.4s] [tool start] bash {'command': 'grep "180.*180\\|180.*170\\|180.*190" artifact.svg | head -5'}
[  210.4s] [tool end] bash

[  210.4s] [turn_end]

[  210.4s] [turn_start]
[  210.8s] [thinking_start]
[  211.4s] [thinking_end] 175 chars: Let me search for the power reserve needle more specifically. The needle should be a line from the center of the power reserve sub-dial (300, 180) to the end of the 216° arc.

[  211.8s] [tool start] bash {'command': 'grep "180" artifact.svg | grep "line\\|Line" | head -10'}
[  211.9s] [tool end] bash

[  211.9s] [turn_end]

[  211.9s] [turn_start]
[  212.4s] [thinking_start]
[  217.8s] [thinking_end] 1347 chars: The power reserve needle is there: `<line x1="300" y1="180" x2="316.2" y2="185.3" stroke="#2a2015" stroke-width="1" stroke-linecap="round"/>`

This is a line from (300, 180) to (316.2, 185.3), which is the needle pointing to the end of the...
[  217.8s] [text_start]
[  219.3s] [text_end] 396 chars: All three fixes are verified in the SVG:

1. **Chain**: 4 interlocking ellipse links with proper overlap (centers spaced ~12px, angles -20° to -50°)
2. **Power reserve**: 216° red arc from (280,186.5) to (320,186.5) + needle at (316.2, 185....

[  224.4s] [tool start] bash {'command': 'python -c "\nimport xml.etree.ElementTree as ET\n\ntree = ET.parse(\'artifact.svg\')\nroot = tree.getroot()\nns = {\'svg\': \'http://www.w3.org/2000/svg\'}\n\n# Check viewBox\nviewBox = root.get(\'viewBox\')\nprint(f\'viewBox: {viewBox}\')\n\n# Count key elements\nellipses = root.findall(\'.//svg:ellipse\', ns)\nlines = root.findall(\'.//svg:line\', ns)\npaths = root.findall(\'.//svg/path\', ns)\ncircles = root.findall(\'.//svg/circle\', ns)\ntexts = root.findall(\'.//svg/text\', ns)\n\nprint(f\'Ellipses (chain links): {len(ellipses)...'}
[  224.4s] [tool end] bash

[  224.4s] [turn_end]

[  224.4s] [turn_start]
[  224.7s] [thinking_start]
[  225.8s] [thinking_end] 395 chars: Hmm, the XML parsing with ElementTree seems to have some issues with the namespace. The paths, circles, and texts are showing as 0, which is wrong. Let me check with a different approach.

Actually, the issue is that ElementTree is not find...

[  229.5s] [tool start] bash {'command': 'python -c "\nwith open(\'artifact.svg\') as f:\n    content = f.read()\n\n# Check for key elements\nprint(\'Chain links (ellipses with bezelGrad):\', content.count(\'bezelGrad\\" stroke-width=\\"2.5\\"\'))\nprint(\'Red arc (8b1a1a):\', content.count(\'#8b1a1a\'))\nprint(\'Thick 6 o\'clock marker:\', \'300.0\\" y1=\\"452.0\\" x2=\\"300.0\\" y2=\\"438.0\\" stroke=\\"#2a2015\\" stroke-width=\\"2.5\\"\' in content)\nprint(\'Power reserve needle:\', \'x1=\\"300\\" y1=\\"180\\" x2=\\"316.2\\" y2=\\"185.3\\"\' in content)\nprint(\'XII numeral:\', \'>XII<...'}
[  229.5s] [tool end] bash

[  229.5s] [turn_end]

[  229.5s] [turn_start]
[  229.9s] [thinking_start]
[  230.2s] [thinking_end] 68 chars: The issue is with the quotes in the string. Let me fix the quoting.

[  233.6s] [tool start] bash {'command': 'python3 << \'PYEOF\'\nwith open(\'artifact.svg\') as f:\n    content = f.read()\n\nprint(\'Chain links (ellipses with bezelGrad):\', content.count(\'bezelGrad" stroke-width="2.5"\'))\nprint(\'Red arc (8b1a1a):\', content.count(\'#8b1a1a\'))\nprint(\'Thick 6 o\'clock marker:\', \'y1="452.0" x2="300.0" y2="438.0" stroke-width="2.5"\' in content)\nprint(\'Power reserve needle:\', \'x1="300" y1="180" x2="316.2" y2="185.3"\' in content)\nprint(\'XII numeral:\', \'>XII<\' in content)\nprint(\'Balance wheel at 430,470:\', \'cx="430" cy="4...'}
[  233.7s] [tool end] bash

[  233.7s] [turn_end]

[  233.7s] [turn_start]
[  234.2s] [thinking_start]
[  234.5s] [thinking_end] 102 chars: The issue is with the double quotes inside the single-quoted string. Let me use a different approach.

[  236.5s] [tool start] bash {'command': 'python3 -c "\nwith open(\'artifact.svg\') as f:\n    c = f.read()\nprint(\'Chain links:\', c.count(\'bezelGrad\'))\nprint(\'Red arc:\', c.count(\'#8b1a1a\'))\nprint(\'6oc marker thick:\', \'452.0\' in c and \'438.0\' in c and \'2.5\' in c)\nprint(\'PR needle:\', \'316.2\' in c and \'185.3\' in c)\nprint(\'XII:\', \'XII\' in c)\nprint(\'Balance wheel:\', \'430\' in c and \'470\' in c)\nimport xml.etree.ElementTree as ET\nET.parse(\'artifact.svg\')\nprint(\'Valid XML: YES\')\n"'}
[  236.6s] [tool end] bash

[  236.6s] [turn_end]

[  236.6s] [turn_start]
[  236.9s] [thinking_start]
[  237.3s] [thinking_end] 123 chars: All checks pass. Let me also verify the final state of the generate_artifact.py file to make sure all changes are correct.
[  237.3s] [text_start]
[  237.6s] [text_end] 94 chars: All acceptance criteria verified. Let me do a final review of the key changes in the source:

[  238.1s] [tool start] read {'path': 'generate_artifact.py', 'offset': '120', 'limit': '15'}
[  238.1s] [tool end] read

[  238.1s] [turn_end]

[  238.1s] [turn_start]
[  238.7s] [thinking_start]
[  239.0s] [thinking_end] 117 chars: Good, the chain_link function is correct. Let me also verify the chain positions and the 6 o'clock marker placement.

[  239.5s] [tool start] read {'path': 'generate_artifact.py', 'offset': '213', 'limit': '15'}
[  239.5s] [tool end] read

[  239.5s] [turn_end]

[  239.5s] [turn_start]
[  240.2s] [thinking_start]
[  240.6s] [thinking_end] 91 chars: Good, the chain positions look correct. Let me also verify the 6 o'clock marker placement.

[  241.2s] [tool start] read {'path': 'generate_artifact.py', 'limit': '10', 'offset': '387'}
[  241.2s] [tool end] read

[  241.2s] [turn_end]

[  241.2s] [turn_start]
[  241.7s] [thinking_start]
[  242.1s] [thinking_end] 102 chars: Good, the 6 o'clock marker is skipped in the loop. Let me check where it's drawn after the sub-dials.

[  242.7s] [tool start] read {'path': 'generate_artifact.py', 'limit': '10', 'offset': '480'}
[  242.7s] [tool end] read

[  242.7s] [turn_end]

[  242.7s] [turn_start]
[  243.3s] [thinking_start]
[  244.3s] [thinking_end] 390 chars: All three fixes are in place:

1. **Chain**: Uses proper ellipse elements with rotation, positioned for interlocking overlap
2. **Power reserve**: 216° arc with needle (already correct, verified)
3. **6 o'clock marker**: Skipped in the hour...
[  244.3s] [text_start]
[  248.3s] [text_end] 1118 chars: All three fixes are confirmed in place. Here's a summary of the changes made to `generate_artifact.py`:

### Changes Made

**1. Chain — Interlocking ovals anchored to crown** (lines 120-133, 213-224)
- Replaced arc-based `chain_link()` with...

[  248.3s] [turn_end]

[  248.3s] [agent_end]
