# pi activity log for iter 3, attempt 0
# prompt_chars=3374


[    1.0s] [agent_start]

[    1.0s] [turn_start]
[    2.1s] [thinking_start]
[    2.8s] [thinking_end] 396 chars: Let me start by understanding the project structure and finding the relevant code in `generate_artifact.py`. I need to:

1. Find the table and leg elements in the SVG generation code
2. Find the chair/seating elements
3. Fix the layer order...

[    3.3s] [tool start] bash {'command': 'ls -la /src/theloop/runs/20260501-091723/workspace/'}
[    3.3s] [tool end] bash

[    3.3s] [turn_end]

[    3.3s] [turn_start]
[    3.5s] [thinking_start]
[    3.7s] [thinking_end] 87 chars: The working directory is already set to the workspace root. Let me use relative paths.

[    3.9s] [tool start] bash {'command': 'ls -la'}
[    3.9s] [tool end] bash

[    3.9s] [turn_end]

[    3.9s] [turn_start]
[    4.3s] [thinking_start]
[    4.5s] [thinking_end] 96 chars: Good, I can see the files. Now let me grep for the relevant sections - table, leg, chair, seat.

[    4.9s] [tool start] bash {'command': 'grep -n -i "table\\|leg\\|chair\\|seat" generate_artifact.py'}
[    4.9s] [tool end] bash

[    4.9s] [turn_end]

[    4.9s] [turn_start]
[    5.2s] [thinking_start]
[    7.4s] [thinking_end] 900 chars: Now I can see the structure. The issue is:
1. Robot legs are at lines 154-173
2. Main table is at lines 175-188
3. Background chairs are at lines 121-146
4. Robot seat (chair) is at lines 331-356

The table (lines 175-188) already comes AFT...

[    7.8s] [tool start] read {'path': 'generate_artifact.py', 'offset': '115', 'limit': '80'}
[    7.8s] [tool end] read

[    7.8s] [turn_end]

[    7.8s] [turn_start]
[    8.6s] [thinking_start]
[    8.8s] [thinking_end] 47 chars: Now let me see the robot seat (chair) section:

[    9.2s] [tool start] read {'path': 'generate_artifact.py', 'offset': '325', 'limit': '40'}
[    9.2s] [tool end] read

[    9.2s] [turn_end]

[    9.2s] [turn_start]
[    9.7s] [thinking_start]
[   30.1s] [thinking_end] 7891 chars: Now I understand the current structure. Let me analyze:

1. **Layer order (Z-Index):** The robot legs are at lines ~154-173, and the main table is at lines ~175-188. The table comes AFTER the legs in document order, so the table should occl...

[   30.5s] [tool start] read {'path': 'generate_artifact.py'}
[   30.5s] [tool end] read

[   30.5s] [turn_end]

[   30.5s] [turn_start]
[   33.2s] [thinking_start]
