# pi activity log for iter 3, attempt 1
# prompt_chars=3757


[    0.5s] [agent_start]

[    0.5s] [turn_start]
[    4.4s] [thinking_start]
[    5.0s] [thinking_end] 159 chars: Let me start by finding the relevant sections in `generate_artifact.py` using grep/rg to understand the current structure of the table, legs, and chairs code.

[    5.8s] [tool start] bash {'command': 'rg -n "table|leg|chair|seat|robot.*leg|leg.*robot" generate_artifact.py | head -60'}
[    5.8s] [tool end] bash

[    5.8s] [turn_end]

[    5.8s] [turn_start]
[    6.1s] [thinking_start]
[    6.9s] [thinking_end] 190 chars: Now let me see the relevant sections more clearly. I need to understand:
1. The order of table vs robot legs in the SVG
2. The current chair/seating code

Let me read the specific sections.

[    7.7s] [tool start] read {'path': 'generate_artifact.py', 'offset': '125', 'limit': '80'}
[    7.7s] [tool end] read

[    7.7s] [turn_end]

[    7.7s] [turn_start]
[    8.7s] [thinking_start]
[   31.3s] [thinking_end] 4124 chars: Now I can see the issue clearly:

1. **Layer order problem**: The robot legs are at line ~154-178, and the main table is at line ~180-193. The table comes AFTER the legs in document order, which means the table should occlude the legs. Wait...

[   32.2s] [tool start] read {'path': 'generate_artifact.py', 'offset': '325', 'limit': '50'}
[   32.2s] [tool end] read

[   32.2s] [turn_end]

[   32.2s] [turn_start]
[   33.3s] [thinking_start]
[   36.4s] [thinking_end] 763 chars: Now I can see the issues clearly:

1. **Layer order**: The robot legs are at line ~154-178, and the main table is at line ~180-193. The table comes AFTER the legs, which means it should render on top. But wait - let me check if there's a cl...

[   37.0s] [tool start] bash {'command': 'rg -n "<g|</g>" generate_artifact.py | head -40'}
[   37.0s] [tool end] bash

[   37.0s] [turn_end]

[   37.0s] [turn_start]
[   37.4s] [thinking_start]
[   77.5s] [thinking_end] 8279 chars: Now I see the structure. Let me understand the nesting:

- Line 122-134: Background chair (left)
- Line 137-145: Background chair (right) - wrought-iron style
- Line 148-152: Second table (background right)
- Line 155-173: Robot legs
- Line...

[   78.4s] [tool start] read {'path': 'generate_artifact.py', 'offset': '205', 'limit': '145'}
[   78.4s] [tool end] read

[   78.4s] [turn_end]

[   78.4s] [turn_start]
[   80.6s] [thinking_start]
