# pi activity log for iter 0, attempt 0
# prompt_chars=2534


[    1.2s] [agent_start]

[    1.2s] [turn_start]
[    2.1s] [thinking_start]
[    2.5s] [thinking_end] 157 chars: Let me start by examining the current state of the workspace - checking what files exist, especially `generate_artifact.py` and any existing `artifact.svg`.

[    2.9s] [tool start] bash {'command': 'ls -la /src/theloop/runs/20260501-084900-robot/workspace/'}
[    2.9s] [tool end] bash

[    2.9s] [turn_end]

[    2.9s] [turn_start]
[    3.1s] [thinking_start]
[    3.3s] [thinking_end] 83 chars: Let me examine the current files to understand what's there before making changes.

[    3.7s] [tool start] read {'path': '/src/theloop/runs/20260501-084900-robot/workspace/generate_artifact.py'}
[    3.8s] [tool end] read

[    3.8s] [turn_end]

[    3.8s] [turn_start]
[    4.0s] [thinking_start]
[    6.6s] [thinking_end] 1234 chars: Now I need to replace the placeholder content in `generate_artifact.py` with a script that generates a detailed SVG of a Victorian-era brass robot reading a newspaper at a cafe table, with a city view through a window and a postcard-style b...
[    6.6s] [text_start]
[    6.8s] [text_end] 125 chars: Now I'll replace `generate_artifact.py` with a comprehensive script that generates the detailed Victorian robot cafe scene.

[   99.0s] [tool start] write {'path': '/src/theloop/runs/20260501-084900-robot/workspace/generate_artifact.py', 'content': '<22597 chars>'}
[   99.0s] [tool end] write

[   99.0s] [turn_end]

[   99.0s] [turn_start]
[   99.2s] [thinking_start]
[   99.4s] [thinking_end] 56 chars: Now let me run the script to generate the artifact.svg.

[   99.9s] [tool start] bash {'command': 'cd /src/theloop/runs/20260501-084900-robot/workspace && python generate_artifact.py'}
[  100.0s] [tool end] bash

[  100.0s] [turn_end]

[  100.0s] [turn_start]
[  100.2s] [thinking_start]
[  100.4s] [thinking_end] 93 chars: Good, the script ran without errors. Let me verify the artifact.svg exists and is valid XML.

[  101.4s] [tool start] bash {'command': 'cd /src/theloop/runs/20260501-084900-robot/workspace && python -c "import xml.etree.ElementTree as ET; tree = ET.parse(\'artifact.svg\'); root = tree.getroot(); print(f\'Valid XML. Root tag: {root.tag}\'); print(f\'SVG dimensions: {root.get(\\"viewBox\\")}\')"'}
[  101.4s] [tool end] bash

[  101.4s] [turn_end]

[  101.4s] [turn_start]
[  101.8s] [thinking_start]
[  102.1s] [thinking_end] 118 chars: The SVG is valid XML. Let me also verify the key elements are present in the SVG by checking for the main components.

[  104.8s] [tool start] bash {'command': 'cd /src/theloop/runs/20260501-084900-robot/workspace && python -c "\ncontent = open(\'artifact.svg\').read()\nchecks = {\n    \'brass robot\': \'brassGrad\' in content,\n    \'newspaper\': \'NEWSPAPER\' in content or \'newspaper\' in content.lower() or \'newsGrad\' in content,\n    \'cafe table\': \'cafe\' in content.lower() or \'woodGrad\' in content,\n    \'window\': \'windowClip\' in content or \'Window\' in content,\n    \'cityscape\': \'city\' in content.lower() or \'Cityscape\' in content,\n    \'postcard border\': \'Postcard\' in c...'}
[  104.8s] [tool end] bash

[  104.8s] [turn_end]

[  104.8s] [turn_start]
[  105.1s] [thinking_start]
[  105.4s] [thinking_end] 122 chars: All checks pass. Let me also verify that index.html and README.md are untouched by checking their content hasn't changed.

[  105.8s] [tool start] bash {'command': 'cd /src/theloop/runs/20260501-084900-robot/workspace && git status'}
[  105.8s] [tool end] bash

[  105.8s] [turn_end]

[  105.8s] [turn_start]
[  106.1s] [thinking_start]
[  106.5s] [thinking_end] 197 chars: All files are untracked (new), so none were modified from a previous state. The task is complete. Let me verify the SVG visually by rendering it or at least checking its structure more thoroughly.
[  106.5s] [text_start]
[  106.7s] [text_end] 68 chars: Let me also do a quick visual check by rendering the SVG to a PNG:

[  107.7s] [tool start] bash {'command': 'cd /src/theloop/runs/20260501-084900-robot/workspace && pip install cairosvg 2>/dev/null | tail -1 && python -c "\nimport cairosvg\ncairosvg.svg2png(url=\'artifact.svg\', write_to=\'artifact_preview.png\', output_width=800, output_height=600)\nprint(\'Preview generated\')\n" 2>&1'}
[  111.4s] [tool end] bash

[  111.4s] [turn_end]

[  111.4s] [turn_start]
[  111.7s] [thinking_start]
[  111.9s] [thinking_end] 64 chars: Let me view the preview to make sure the SVG renders correctly.

[  112.3s] [tool start] read {'path': '/src/theloop/runs/20260501-084900-robot/workspace/artifact_preview.png'}
[  112.4s] [tool end] read

[  112.4s] [turn_end]

[  112.4s] [turn_start]
[  112.6s] [thinking_start]
[  113.0s] [thinking_end] 155 chars: The image was omitted because the model doesn't support images. Let me verify the SVG structure is complete and well-formed by checking a few more things.

[  118.4s] [tool start] bash {'command': 'cd /src/theloop/runs/20260501-084900-robot/workspace && python -c "\nimport xml.etree.ElementTree as ET\ntree = ET.parse(\'artifact.svg\')\nroot = tree.getroot()\nns = {\'svg\': \'http://www.w3.org/2000/svg\'}\n\n# Count elements\nall_elts = root.findall(\'.//*\', ns)\nprint(f\'Total SVG elements: {len(all_elts)}\')\n\n# Check for unclosed tags by verifying XML is well-formed (already done via ET.parse)\nprint(\'XML well-formed: YES\')\n\n# Check for any absolute paths in the file\ncontent = open(\'artifact.svg\').read()\ni...'}
[  118.4s] [tool end] bash

[  118.4s] [turn_end]

[  118.4s] [turn_start]
[  118.7s] [thinking_start]
[  119.2s] [thinking_end] 164 chars: The "absolute paths found: 214" is a false positive - those are SVG path data (like `d="M0,0 Q15,0..."`), not file system paths. Let me verify this more carefully.

[  121.4s] [tool start] bash {'command': 'cd /src/theloop/runs/20260501-084900-robot/workspace && python -c "\nimport re\ncontent = open(\'artifact.svg\').read()\n# Look for actual file system absolute paths (starting with / followed by a file extension)\nfile_paths = re.findall(r\'[\\"\\\\\'](/[^\\"\\\\\'\\\\s]+\\\\.(svg|png|jpg|jpeg|gif|xml|py|html|md))\', content)\nprint(f\'File system absolute paths: {len(file_paths)}\')\nfor p in file_paths:\n    print(f\'  {p[0]}\')\n\n# Check for href or src attributes with absolute paths\nhref_abs = re.findall(r\'(?:href|src)...'}
[  121.4s] [tool end] bash

[  121.4s] [turn_end]

[  121.4s] [turn_start]
[  121.7s] [thinking_start]
[  121.9s] [thinking_end] 94 chars: No file system absolute paths found. The SVG is complete and valid. Let me provide a summary.
[  121.9s] [text_start]
[  125.2s] [text_end] 1381 chars: All acceptance criteria are met:

| Criterion | Status |
|---|---|
| `artifact.svg` generated and parses as valid XML | ✅ (229 SVG elements, well-formed) |
| Brass robot reading a newspaper | ✅ (steampunk brass robot with glowing eyes, gear...

[  125.2s] [turn_end]

[  125.2s] [agent_end]
