# pi activity log for iter 2, attempt 0
# prompt_chars=2212


[    1.1s] [agent_start]

[    1.1s] [turn_start]
[    4.5s] [thinking_start]
[    5.8s] [thinking_end] 160 chars: The user wants me to verify that `artifact.svg` is valid XML and contains all required elements. Let me start by checking if the file exists and validating it.

[    7.0s] [tool start] bash {'command': 'python -c "import xml.etree.ElementTree as ET; ET.parse(\'artifact.svg\'); print(\'Valid XML\')"'}
[    7.1s] [tool end] bash

[    7.1s] [turn_end]

[    7.1s] [turn_start]
[    7.3s] [thinking_start]
[    8.4s] [thinking_end] 157 chars: The SVG is valid XML. Now let me verify it contains all required elements: Victorian-era robot, newspaper, and cafe setting (table, coffee cup, background).
[    8.4s] [text_start]
[    9.0s] [text_end] 65 chars: Valid XML. Now let me verify the required elements are present:

[   16.5s] [tool start] bash {'command': 'python -c "\nimport xml.etree.ElementTree as ET\ntree = ET.parse(\'artifact.svg\')\nroot = tree.getroot()\nns = {\'svg\': \'http://www.w3.org/2000/svg\'}\n\n# Check for key elements by looking at text content and element types\ncontent = open(\'artifact.svg\').read().lower()\n\nchecks = {\n    \'robot\': any(w in content for w in [\'robot\', \'steampunk\', \'brass\', \'mechanical\', \'gear\']),\n    \'newspaper\': any(w in content for w in [\'newspaper\', \'paper\', \'read\', \'press\']),\n    \'table\': \'table\' in content or \'desk\' in co...'}
[   16.5s] [tool end] bash

[   16.5s] [turn_end]

[   16.5s] [turn_start]
[   16.7s] [thinking_start]
[   17.9s] [thinking_end] 158 chars: The SVG is valid XML but is missing "table" and "cafe" elements. Let me look at the actual SVG content to understand what's there and what needs to be added.
[   17.9s] [text_start]
[   18.6s] [text_end] 84 chars: Some elements are missing. Let me inspect the SVG to understand the current state:

[   19.2s] [tool start] read {'path': 'artifact.svg'}
[   19.2s] [tool end] read

[   19.2s] [turn_end]

[   19.2s] [turn_start]
[   42.2s] [thinking_start]
[   49.3s] [thinking_end] 889 chars: The SVG is valid XML and contains all the required visual elements. The text-based search for "table" and "cafe" was too literal - the SVG uses visual elements (ellipses, paths, rects) to represent a table and cafe setting rather than text...
[   49.3s] [text_start]
[   50.7s] [text_end] 167 chars: The SVG is valid XML. The text-based search was too literal — the SVG represents elements visually rather than with text labels. Let me do a proper structural check:

[   64.6s] [tool start] bash {'command': 'python -c "\ncontent = open(\'artifact.svg\').read()\n\n# Robot: brass body, gears, glowing eyes, steam, top hat\nrobot_checks = [\'brass\', \'gear\', \'eyeGlow\', \'steam\', \'top hat\']\nrobot = sum(1 for w in [\'brass\', \'eyeGlow\', \'steam\', \'copper\', \'gear\'] if w in content)\nprint(f\'Robot elements (brass/copper/gears/eyes/steam): {robot}/5\')\n\n# Newspaper: paper gradient, text content, fold lines\nnewspaper = sum(1 for w in [\'Daily Chronicle\', \'paper\', \'newspaper\'] if w in content)\nprint(f\'Newspaper elements: {ne...'}
[   64.6s] [tool end] bash

[   64.6s] [turn_end]

[   64.6s] [turn_start]
[   65.0s] [thinking_start]
[   70.8s] [thinking_end] 750 chars: The SVG is valid XML and contains all the required visual elements. The text-based search was just too literal - the SVG uses visual shapes and gradients to represent these elements. Let me confirm:

1. **Victorian-era robot**: brass body,...
[   70.8s] [text_start]
[   76.3s] [text_end] 692 chars: The SVG is **valid XML** and contains all required elements:

- **Victorian-era robot**: brass/copper mechanical body, glowing cyan eyes, gears, steam chimney, top hat, mechanical arms with claw hands
- **Newspaper**: "The Daily Chronicle"...

[   76.3s] [turn_end]

[   76.3s] [agent_end]
