# pi activity log for iter 4, attempt 0
# prompt_chars=3898


[    0.6s] [agent_start]

[    0.6s] [turn_start]
[    4.3s] [thinking_start]
[    5.5s] [thinking_end] 146 chars: Let me start by reading the current state of the workspace to understand what files exist and what the current `generate_artifact.py` looks like.

[    6.1s] [tool start] bash {'command': 'ls -la'}
[    6.1s] [tool end] bash

[    6.1s] [turn_end]

[    6.1s] [turn_start]
[    6.5s] [thinking_start]
[    7.3s] [thinking_end] 81 chars: Let me read the current `generate_artifact.py` to understand the code structure.

[    7.9s] [tool start] read {'path': 'generate_artifact.py'}
[    7.9s] [tool end] read

[    7.9s] [turn_end]

[    7.9s] [turn_start]
[   12.9s] [thinking_start]
[   74.9s] [thinking_end] 5856 chars: Let me analyze the current SVG and identify the issues:

1. **ViewBox**: `viewBox="65 34 280 223"` - Let me check the bounds:
   - Rear wheel left: 120 - 40 = 80
   - Front wheel right: 280 + 40 = 320
   - Beak tip: 328
   - Head top: 63 -...
[   74.9s] [text_start]
[   75.5s] [text_end] 72 chars: Now let me examine the current SVG output to understand the rendering:

[   76.2s] [tool start] read {'path': 'artifact.svg'}
[   76.2s] [tool end] read

[   76.2s] [turn_end]

[   76.2s] [turn_start]
[   80.9s] [thinking_start]
[  112.2s] [thinking_end] 3019 chars: Now I have a clear picture. Let me identify the specific issues and make targeted fixes:

**Issues to fix:**

1. **Layering order**: The wings reaching for handlebars are drawn AFTER the legs, which means they appear in front of the legs. T...
[  112.2s] [text_start]
[  115.1s] [text_end] 367 chars: Now I have a clear picture of the issues. Let me make targeted fixes:

1. **Layering**: Wings reaching for handlebars are drawn *after* legs — they should be *before* legs so legs appear in front
2. **Foot-to-pedal alignment**: Feet should...

[  216.0s] [tool start] edit {'path': 'generate_artifact.py', 'edits': '[{\'oldText\': \'    # Tight viewBox: bounds are rear-wheel-left=80, beak-tip=330, head-top=49, ground=242\\n    # With 15px margin: x=65, y=34, width=280, height=223\\n    lines.append(\\\'<svg xmlns="http://www.w3.org/2000/svg" viewBox="65 34 280 223" width="450" height="305">\\\')\\n\\n    # Clean background (covers viewBox area)\\n    lines.append(\\\'  <rect x="65" y="34" width="280" height="223" fill="#f0f4e8"/>\\\')\\n\\n    # Ground line (clipped to viewBox bounds)\\n    lines.append(\\\'  <line x1="65" y1="...'}
[  216.0s] [tool end] edit

[  216.0s] [turn_end]

[  216.0s] [turn_start]
[  216.3s] [thinking_start]
[  217.0s] [thinking_end] 54 chars: Now let me run the generator and validate the output.

[  218.6s] [tool start] bash {'command': 'cd /src/theloop/runs/20260501-114412-pelican-spec/workspace && python generate_artifact.py'}
[  218.6s] [tool end] bash

[  218.6s] [turn_end]

[  218.6s] [turn_start]
[  218.9s] [thinking_start]
[  219.8s] [thinking_end] 76 chars: Wait, I need to use relative paths. Let me check if it worked and validate.

[  220.5s] [tool start] bash {'command': 'python generate_artifact.py'}
[  220.5s] [tool end] bash

[  220.5s] [turn_end]

[  220.5s] [turn_start]
[  220.8s] [thinking_start]
[  221.3s] [thinking_end] 56 chars: Good, it ran successfully. Now let me validate the SVG.
[  221.3s] [text_start]
[  221.7s] [text_end] 26 chars: Now validate the output:

[  224.3s] [tool start] bash {'command': 'python -c "import xml.etree.ElementTree as ET; tree = ET.parse(\'artifact.svg\'); root = tree.getroot(); print(\'Valid XML: OK\'); print(\'viewBox:\', root.get(\'viewBox\')); print(\'width:\', root.get(\'width\')); print(\'height:\', root.get(\'height\'))"'}
[  224.3s] [tool end] bash

[  224.3s] [turn_end]

[  224.3s] [turn_start]
[  224.6s] [thinking_start]
[  225.8s] [thinking_end] 137 chars: Good, the XML is valid and the viewBox is updated. Let me also check for unclosed tags and verify the viewBox bounds cover all elements.

[  227.1s] [tool start] bash {'command': "grep -c '<' artifact.svg && grep -c '/>' artifact.svg && grep -c '</' artifact.svg"}
[  227.1s] [tool end] bash

[  227.1s] [turn_end]

[  227.1s] [turn_start]
[  227.4s] [thinking_start]
[  230.7s] [thinking_end] 343 chars: Let me check the tag balance more carefully. The SVG has:
- 67 opening tags (including self-closing)
- 64 self-closing tags
- 1 closing tag (</svg>)

Wait, that doesn't seem right. Let me count more carefully. The `<svg>` tag opens and `</s...

[  231.7s] [tool start] bash {'command': "grep -c '<svg' artifact.svg && grep -c '</svg>' artifact.svg"}
[  231.7s] [tool end] bash

[  231.7s] [turn_end]

[  231.7s] [turn_start]
[  232.0s] [thinking_start]
[  233.4s] [thinking_end] 175 chars: Good, the svg tag is properly opened and closed. All other elements are self-closing. Let me verify the viewBox bounds cover all elements by checking the extreme coordinates.

[  234.2s] [tool start] bash {'command': "grep 'viewBox' artifact.svg"}
[  234.2s] [tool end] bash

[  234.2s] [turn_end]

[  234.2s] [turn_start]
[  234.5s] [thinking_start]
[  243.4s] [thinking_end] 547 chars: Good. Let me verify the bounds:
- viewBox: x=60, y=30, width=290, height=235 → x range: 60-350, y range: 30-265
- Rear wheel left: 120 - 40 = 80 (within 60-350 ✓)
- Beak tip: 328 (within 60-350 ✓)
- Head top: 63 - 14 = 49 (within 30-265 ✓)...

[  244.0s] [tool start] read {'path': 'artifact.svg'}
[  244.0s] [tool end] read

[  244.0s] [turn_end]

[  244.0s] [turn_start]
[  249.1s] [thinking_start]
[  260.0s] [thinking_end] 1001 chars: The SVG looks good. Let me verify the key changes:

1. **ViewBox**: Changed from `65 34 280 223` to `60 30 290 235` — more balanced padding (~20px on all sides)
2. **Background rect**: Updated to match new viewBox
3. **Ground line**: Update...
[  260.0s] [text_start]
[  268.3s] [text_end] 795 chars: All validations pass. Here's a summary of the changes made to `generate_artifact.py`:

**1. ViewBox padding** — Changed from `65 34 280 223` to `60 30 290 235`, giving balanced ~20px margins on all sides (left=20, right=22, top=19, bottom=2...

[  268.3s] [turn_end]

[  268.3s] [agent_end]
