# pi activity log for iter 3, attempt 0
# prompt_chars=4932


[    1.0s] [agent_start]

[    1.0s] [turn_start]
[    2.1s] [thinking_start]
[    2.4s] [thinking_end] 114 chars: Let me start by reading the existing generate_artifact.py and artifact.svg files to understand the current state.

[    2.6s] [tool start] read {'path': 'generate_artifact.py'}
[    2.6s] [tool end] read

[    2.6s] [turn_end]

[    2.6s] [turn_start]
[    4.9s] [thinking_start]
[   82.0s] [thinking_end] 26268 chars: Let me analyze the current state of the code and identify what needs to be fixed:

1. **Power Reserve Sub-dial**: The current arc goes from 180° to -36° (which is 216° clockwise). Let me verify:
   - Start at 180° (left side)
   - Sweep 216...
[   82.0s] [text_start]
[   82.3s] [text_end] 77 chars: Let me examine the current artifact and understand the exact issues to fix.

[   83.4s] [tool start] bash {'command': 'python generate_artifact.py 2>&1 && head -5 artifact.svg && echo "---" && grep -c "path" artifact.svg && grep -c "circle" artifact.svg'}
[   83.5s] [tool end] bash

[   83.5s] [turn_end]

[   83.5s] [turn_start]
[   83.9s] [thinking_start]
[   84.5s] [thinking_end] 299 chars: Good, the SVG generates successfully. Now let me look at the specific sections that need fixing:

1. Power reserve sub-dial arc - needs to be exactly 216° with proper large-arc-flag
2. Chain attachment - needs to be physically connected to...
[   84.5s] [text_start]
[   84.8s] [text_end] 97 chars: Good, it generates. Now let me look at the specific power reserve and chain sections in detail:

[   85.3s] [tool start] bash {'command': 'grep -n "power reserve\\|power_reserve\\|sd_pr\\|chain_link\\|Crown\\|crown" generate_artifact.py'}
[   85.3s] [tool end] bash

[   85.3s] [turn_end]

[   85.3s] [turn_start]
[   85.9s] [thinking_start]
[   88.9s] [thinking_end] 917 chars: Now I can see the exact lines. Let me analyze the issues:

1. **Power Reserve Arc (lines 468-478)**:
   - Current: arc from 180° to -36° with `large-arc-flag=0`
   - Problem: `large-arc-flag=0` means shorter arc, but 216° > 180°, so we need...
[   88.9s] [text_start]
[   89.1s] [text_end] 52 chars: Now let me read the exact sections I need to edit:

[   89.6s] [tool start] read {'path': 'generate_artifact.py', 'offset': '118', 'limit': '20'}
[   89.6s] [tool end] read

[   89.6s] [turn_end]

[   89.6s] [turn_start]
[   90.0s] [thinking_start]
[   90.7s] [thinking_end] 268 chars: Now I can see the chain_link function. The `px` and `py` variables are calculated but never used. The arc uses `rx` for both rx and ry, which creates circular arcs instead of proper elliptical chain links. Let me fix this.

Let me also read...

[   91.2s] [tool start] read {'path': 'generate_artifact.py', 'offset': '456', 'limit': '45'}
[   91.2s] [tool end] read

[   91.2s] [turn_end]

[   91.2s] [turn_start]
[   91.8s] [thinking_start]
[  108.9s] [thinking_end] 5251 chars: Now I have a clear picture of what needs to be fixed. Let me make the targeted edits:

1. **chain_link function** (lines 120-130): Fix to use proper elliptical arcs with different rx and ry values
2. **Power reserve sub-dial** (lines 458-49...
[  108.9s] [text_start]
[  109.9s] [text_end] 337 chars: Now I have a clear picture. Let me make all three targeted fixes:

1. **chain_link**: Use proper elliptical arcs (rx ≠ ry) for realistic links
2. **Power reserve**: Fix arc to exactly 216° (-108° to +108°), use `large-arc-flag=1`, dark red...
