# pi activity log for iter 3, attempt 1
# prompt_chars=4004


[    0.6s] [agent_start]

[    0.6s] [turn_start]
[    1.8s] [thinking_start]
[    2.3s] [thinking_end] 146 chars: Let me start by locating the relevant sections in generate_artifact.py - specifically the power reserve sub-dial and chain/crown attachment code.

[    3.1s] [tool start] bash {'command': 'rg -n "power.reserve\\|power_reserve\\|sub.dial\\|crown\\|chain" generate_artifact.py'}
[    3.1s] [tool end] bash

[    3.1s] [turn_end]

[    3.1s] [turn_start]
[    3.3s] [thinking_start]
[    3.6s] [thinking_end] 53 chars: No matches. Let me look at the file structure first.

[    4.2s] [tool start] bash {'command': 'wc -l generate_artifact.py && head -50 generate_artifact.py'}
[    4.2s] [tool end] bash

[    4.2s] [turn_end]

[    4.2s] [turn_start]
[    4.7s] [thinking_start]
[    5.0s] [thinking_end] 69 chars: Let me search for the power reserve and crown sections more broadly.

[    6.1s] [tool start] bash {'command': 'rg -n "arc\\|needle\\|reserve\\|crown\\|chain\\|sub.dial\\|power\\|12.*o\'clock\\|6.*o\'clock" generate_artifact.py | head -40'}
[    6.1s] [tool end] bash

[    6.1s] [turn_end]

[    6.1s] [turn_start]
[    6.3s] [thinking_start]
[    6.7s] [thinking_end] 68 chars: Hmm, let me try a different approach - search for key SVG elements.

[    7.5s] [tool start] bash {'command': 'rg -n "path\\|circle\\|line\\|rect\\|power\\|reserve\\|crown\\|chain\\|sub" generate_artifact.py | head -60'}
[    7.5s] [tool end] bash

[    7.5s] [turn_end]

[    7.6s] [turn_start]
[    7.7s] [thinking_start]
[    8.1s] [thinking_end] 43 chars: That's strange. Let me try a simpler grep.

[    8.9s] [tool start] bash {'command': 'grep -n "path\\|circle\\|line\\|power\\|reserve\\|crown\\|chain\\|sub" generate_artifact.py | head -60'}
[    8.9s] [tool end] bash

[    8.9s] [turn_end]

[    8.9s] [turn_start]
[    9.6s] [thinking_start]
[   10.1s] [thinking_end] 115 chars: Now I can see the structure. Let me look at the power reserve sub-dial section and the crown section more closely.

[   11.0s] [tool start] bash {'command': 'grep -n "power\\|reserve\\|sub.dial\\|small.seconds\\|12 o\'clock\\|6 o\'clock\\|arc\\|needle" generate_artifact.py'}
[   11.0s] [tool end] bash

[   11.0s] [turn_end]

[   11.0s] [turn_start]
[   11.4s] [thinking_start]
[   11.8s] [thinking_end] 77 chars: Let me read the power reserve section and the crown/chain section in detail.

[   12.5s] [tool start] read {'path': 'generate_artifact.py', 'offset': '458', 'limit': '50'}
[   12.5s] [tool end] read

[   12.5s] [turn_end]

[   12.5s] [turn_start]
[   13.1s] [thinking_start]
[   13.4s] [thinking_end] 48 chars: Now let me look at the crown and chain section.

[   14.1s] [tool start] read {'path': 'generate_artifact.py', 'offset': '212', 'limit': '60'}
[   14.1s] [tool end] read

[   14.1s] [turn_end]

[   14.1s] [turn_start]
[   14.8s] [thinking_start]
[   16.4s] [thinking_end] 373 chars: Now I need to understand the issue. Let me look at the `chain_link` function to understand how it generates the path, and then check if the chain is properly anchored to the crown.

The crown stem goes from y=88 to y=130 (height=42). The ch...

[   17.2s] [tool start] read {'path': 'generate_artifact.py', 'limit': '25', 'offset': '120'}
[   17.2s] [tool end] read

[   17.2s] [turn_end]

[   17.2s] [turn_start]
[   17.6s] [thinking_start]
[   31.7s] [thinking_end] 3107 chars: Now let me understand the issues:

1. **Power Reserve Arc**: The arc goes from 180° to -36° (which is 324°). The sweep is from 180° to 324° going clockwise. That's 324 - 180 = 144°... wait, no. In the SVG arc, `0 1,1` means large-arc-flag=0...

[   32.3s] [tool start] read {'path': 'generate_artifact.py', 'limit': '30', 'offset': '458'}
[   32.3s] [tool end] read

[   32.3s] [turn_end]

[   32.3s] [turn_start]
[   33.0s] [thinking_start]
[   35.6s] [thinking_end] 812 chars: Now I understand the issues clearly:

1. **Power reserve arc**: Currently starts at 180° and ends at -36°. The clockwise sweep from 180° to 324° (= -36°) is only 144°, not 216°. Need to fix to start at -108° (252°) and end at +108°.

2. **N...
[   35.6s] [text_start]
[   36.6s] [text_end] 286 chars: Now I see the issues clearly:

1. **Power reserve arc**: Starts at 180°, ends at -36° → clockwise sweep is only 144°, not 216°. Need -108° to +108°.
2. **Needle**: Points to -36° instead of +108° (end of arc).
3. **Arc color**: Green (#2a7a...

[   42.0s] [tool start] edit {'path': 'generate_artifact.py', 'edits': '[{\'oldText\': \'    # Power reserve arc (showing ~60% charge = 216° of full circle)\\n    # Start at 180° (left), sweep 216° clockwise → end at -36° (= 324°)\\n    arc_start_x, arc_start_y = polar(sd_pr_cx, sd_pr_cy, sd_pr_r - 4, 180)\\n    arc_end_x, arc_end_y = polar(sd_pr_cx, sd_pr_cy, sd_pr_r - 4, -36)\\n    lines.append(\\n        f\\\'<path d="M {arc_start_x:.1f},{arc_start_y:.1f} \\\'\\n        f\\\'A {sd_pr_r - 4:.1f},{sd_pr_r - 4:.1f} 0 1,1 {arc_end_x:.1f},{arc_end_y:.1f}" \\\'\\n        f\\\'fill="none" ...'}
[   42.0s] [tool end] edit

[   42.0s] [turn_end]

[   42.0s] [turn_start]
[   42.3s] [thinking_start]
[   47.8s] [thinking_end] 1747 chars: Now let me also check the chain attachment. The chain starts at (300, 88) which is the top of the crown stem. Let me verify the crown stem position and ensure the chain is properly anchored. Let me also check if there's a visible connection...
[   47.8s] [text_start]
[   48.0s] [text_end] 42 chars: Now let me run the generator and verify:

[   48.2s] [tool start] bash {'command': 'python generate_artifact.py 2>&1'}
[   48.3s] [tool end] bash

[   48.3s] [turn_end]

[   48.3s] [turn_start]
[   48.6s] [thinking_start]
[   48.9s] [thinking_end] 108 chars: Good, no errors. Let me verify the SVG is valid XML and check for the power reserve arc and chain elements.

[   49.3s] [tool start] bash {'command': 'python -c "import xml.etree.ElementTree as ET; ET.parse(\'artifact.svg\'); print(\'Valid XML\')" 2>&1'}
[   49.3s] [tool end] bash

[   49.3s] [turn_end]

[   49.3s] [turn_start]
[   49.6s] [thinking_start]
[   49.8s] [thinking_end] 85 chars: Good, valid XML. Let me verify the power reserve arc and chain elements are present.

[   50.3s] [tool start] bash {'command': 'grep -c "8b1a1a" artifact.svg && grep -c "chain_link\\|chain" artifact.svg && grep -c "PWR" artifact.svg'}
[   50.3s] [tool end] bash

[   50.3s] [turn_end]

[   50.3s] [turn_start]
[   50.6s] [thinking_start]
[   50.9s] [thinking_end] 138 chars: The chain elements are generated as path data, not as text containing "chain_link". Let me check for the arc and chain paths differently.

[   51.4s] [tool start] bash {'command': 'grep -c "8b1a1a" artifact.svg && grep -c "PWR" artifact.svg && grep -c "stroke=\\"url(#bezelGrad)\\"" artifact.svg'}
[   51.4s] [tool end] bash

[   51.4s] [turn_end]

[   51.4s] [turn_start]
[   51.7s] [thinking_start]
[   52.4s] [thinking_end] 227 chars: Good:
- 1 occurrence of the dark red arc color (#8b1a1a)
- 1 occurrence of "PWR" label
- 5 occurrences of bezelGrad stroke (4 chain links + 1 crown stem)

Let me verify the arc angles are correct by checking the SVG path data.

[   53.0s] [tool start] bash {'command': 'grep -o "A [0-9.]*,[0-9.]* 0 1,1 [0-9.-]*,[0-9.-]*" artifact.svg | head -5'}
[   53.0s] [tool end] bash

[   53.0s] [turn_end]

[   53.0s] [turn_start]
[   53.3s] [thinking_start]
[   57.2s] [thinking_end] 767 chars: Let me verify the arc endpoints. The power reserve sub-dial is at (300, 180) with radius 25. The arc uses radius 21 (25-4).

For the start angle of -108°:
- x = 300 + 21 * sin(-108°) = 300 + 21 * (-0.9511) = 300 - 19.97 ≈ 280.0
- y = 180 -...

[   57.5s] [tool start] bash {'command': 'grep "pr_hand_angle\\|PWR" artifact.svg'}
[   57.6s] [tool end] bash

[   57.6s] [turn_end]

[   57.6s] [turn_start]
[   57.8s] [thinking_start]
[   58.0s] [thinking_end] 41 chars: Let me check the needle line in the SVG.

[   58.3s] [tool start] bash {'command': 'grep -A1 "PWR" artifact.svg | head -5'}
[   58.3s] [tool end] bash

[   58.3s] [turn_end]

[   58.3s] [turn_start]
[   58.7s] [thinking_start]
[   60.5s] [thinking_end] 381 chars: The needle goes from (300, 180) to (316.2, 185.3). Let me verify this is at +108°:
- x = 300 + 17 * sin(108°) = 300 + 17 * 0.9511 = 300 + 16.17 ≈ 316.2 ✓
- y = 180 - 17 * cos(108°) = 180 - 17 * (-0.3090) = 180 + 5.25 ≈ 185.3 ✓

The needle c...

[   61.7s] [tool start] bash {'command': 'grep -o \'d="M [0-9.]*,[0-9.]* A [0-9.]*,[0-9.]* [0-9.]* [0-9],[0-9]* [0-9.]*,[0-9.]* A [0-9.]*,[0-9.]* [0-9.]* [0-9],[0-9]* [0-9.]*,[0-9.]*"\' artifact.svg | head -4'}
[   61.7s] [tool end] bash

[   61.7s] [turn_end]

[   61.7s] [turn_start]
[   62.0s] [thinking_start]
[   62.1s] [thinking_end] 33 chars: Let me try a different approach.

[   62.4s] [tool start] bash {'command': 'grep \'d="M 300\' artifact.svg'}
[   62.4s] [tool end] bash

[   62.4s] [turn_end]

[   62.4s] [turn_start]
[   62.7s] [thinking_start]
[   64.0s] [thinking_end] 411 chars: The first chain link starts at (300.0, 88.0), which is exactly the top of the crown stem (the stem rect starts at y=88). The crown knob is centered at (300, 82) with ry=12, so it extends from y=70 to y=94. The chain link starts at (300, 88)...

[   64.6s] [tool start] bash {'command': 'grep \'d="M 291\' artifact.svg && grep \'d="M 274\' artifact.svg && grep \'d="M 252\' artifact.svg'}
[   64.6s] [tool end] bash

[   64.6s] [turn_end]

[   64.6s] [turn_start]
[   64.9s] [thinking_start]
[   65.0s] [thinking_end] 49 chars: Let me check the actual chain link start points.

[   65.6s] [tool start] bash {'command': 'grep -o \'d="M [0-9.]*,[0-9.]*\' artifact.svg | grep -v "300.0,88.0" | head -10'}
[   65.6s] [tool end] bash

[   65.6s] [turn_end]

[   65.6s] [turn_start]
[   66.0s] [thinking_start]
[   67.4s] [thinking_end] 401 chars: The chain links start at:
1. (300.0, 88.0) - anchored to crown stem top ✓
2. (283.0, 68.0) - overlaps link 1 end (291.5, 69.9) ✓
3. (260.0, 48.0) - overlaps link 2 end ✓
4. (238.0, 30.0) - overlaps link 3 end ✓

The chain is properly connec...

[   70.1s] [tool start] bash {'command': 'echo "=== Power Reserve ===" && grep -c "8b1a1a" artifact.svg && grep -c "PWR" artifact.svg && echo "=== Chain (4 links) ===" && grep -c \'d="M 300.0,88.0\' artifact.svg && grep -c \'d="M 283.0,68.0\' artifact.svg && grep -c \'d="M 260.0,48.0\' artifact.svg && grep -c \'d="M 238.0,30.0\' artifact.svg && echo "=== Crown ===" && grep -c \'cy="82"\' artifact.svg && grep -c \'y="88" width="14" height="42"\' artifact.svg && echo "=== Hands ===" && grep -c "hand_path\\|<path.*fill=\\"#1a1510\\"" artifact.svg && echo...'}
[   70.1s] [tool end] bash

[   70.1s] [turn_end]

[   70.1s] [turn_start]
[   70.4s] [thinking_start]
[   70.6s] [thinking_end] 80 chars: Hmm, gears show 0. Let me check if gear_path is used differently in the output.

[   71.1s] [tool start] bash {'command': 'grep -c "gear" artifact.svg && grep -c "teeth\\|gear" generate_artifact.py | head -5'}
[   71.1s] [tool end] bash

[   71.1s] [turn_end]

[   71.1s] [turn_start]
[   71.4s] [thinking_start]
[   71.6s] [thinking_end] 48 chars: Let me check the gear section of the generator.

[   72.0s] [tool start] bash {'command': 'grep -n "gear\\|Gear\\|movement\\|balance\\|bottom" generate_artifact.py | head -20'}
[   72.0s] [tool end] bash

[   72.0s] [turn_end]

[   72.0s] [turn_start]
[   72.6s] [thinking_start]
[   72.8s] [thinking_end] 95 chars: The gears are generated using `gear_path` function. Let me check if they're in the SVG output.

[   73.4s] [tool start] bash {'command': 'grep -c "M 300" artifact.svg && grep -c "M 370" artifact.svg && grep -c "M 240" artifact.svg'}
[   73.4s] [tool end] bash

[   73.4s] [turn_end]

[   73.4s] [turn_start]
[   73.7s] [thinking_start]
[   73.9s] [thinking_end] 59 chars: Let me check the gear positions in the SVG more carefully.

[   74.5s] [tool start] bash {'command': 'grep -o \'d="M [0-9.]*,[0-9.]*\' artifact.svg | grep -E "4[0-9]{2}|4[0-9]{2}\\.[0-9]" | head -10'}
[   74.5s] [tool end] bash

[   74.5s] [turn_end]

[   74.5s] [turn_start]
[   74.9s] [thinking_start]
[   75.4s] [thinking_end] 221 chars: The gears are there but at slightly different positions than expected. The gear_path function generates paths with many points, and the first point might not be at the exact center. Let me check the gear circles instead.

[   75.9s] [tool start] bash {'command': 'grep -o \'cx="[0-9.]*" cy="[0-9.]*"\' artifact.svg | grep -E "4[0-9]{2}" | head -10'}
[   75.9s] [tool end] bash

[   75.9s] [turn_end]

[   75.9s] [turn_start]
[   76.3s] [thinking_start]
[   77.1s] [thinking_end] 274 chars: The gears are present. The gear centers are at (300, 460), (370, 430), and (240, 440) approximately. The gear_path function generates paths starting from various points on the gear, not the center.

Let me do a final comprehensive check to...

[   80.6s] [tool start] bash {'command': 'echo "=== All checks ===" && echo -n "Valid XML: " && python -c "import xml.etree.ElementTree as ET; ET.parse(\'artifact.svg\'); print(\'OK\')" 2>&1 && echo -n "Power reserve arc (216°): " && grep -c "8b1a1a" artifact.svg && echo -n "PWR label: " && grep -c "PWR" artifact.svg && echo -n "PR needle: " && grep -c \'x1="300" y1="180"\' artifact.svg && echo -n "Chain links (4): " && grep -c \'d="M 300.0,88.0\' artifact.svg && grep -c \'d="M 283.0,68.0\' artifact.svg && grep -c \'d="M 260.0,48.0\' artifact.svg &...'}
[   80.7s] [tool end] bash

[   80.7s] [turn_end]

[   80.7s] [turn_start]
[   81.0s] [thinking_start]
[   82.7s] [thinking_end] 529 chars: All checks pass. Let me summarize what was done:

1. **Power reserve arc**: Fixed from 180°→-36° (144°) to -108°→+108° (216°), matching the spec requirement.
2. **Arc color**: Changed from green (#2a7a2a) to dark red (#8b1a1a) for better co...
[   82.7s] [text_start]
[   86.1s] [text_end] 1030 chars: All checks pass. Here's a summary of the changes made:

## Changes to `generate_artifact.py`

### 1. Power Reserve Arc (lines ~466-474)
- **Before**: Arc from 180° to -36° = only 144° sweep (wrong)
- **After**: Arc from **-108° to +108°** =...

[   86.1s] [turn_end]

[   86.1s] [agent_end]
