# pi activity log for iter 1, attempt 0
# prompt_chars=2902


[    1.0s] [agent_start]

[    1.0s] [turn_start]
[    4.6s] [thinking_start]
[    5.7s] [thinking_end] 145 chars: Let me start by inspecting `generate_artifact.py` to understand the current structure, focusing on the robot's head/face and newspaper elements.

[    8.0s] [tool start] bash {'command': 'cd /src/theloop/runs/20260501-113523-robot/workspace && grep -n -i "newspaper\\|head\\|eye\\|lens\\|face" generate_artifact.py | head -60'}
[    8.0s] [tool end] bash

[    8.0s] [turn_end]

[    8.0s] [turn_start]
[    8.6s] [thinking_start]
[   10.8s] [thinking_end] 208 chars: The robot head is at (400, 210) with radius 55, so it spans roughly y=155 to y=265. The newspaper is at y=380, which is below the head. Let me look at the actual rendering order and positions more carefully.

[   12.2s] [tool start] read {'path': 'generate_artifact.py', 'offset': '350', 'limit': '60'}
[   12.2s] [tool end] read

[   12.2s] [turn_end]

[   12.2s] [turn_start]
[   13.1s] [thinking_start]
[   21.5s] [thinking_end] 1115 chars: The newspaper is at y=380 with height 100, so it spans y=380 to y=480. The robot head is at cy=210 with r=55, so it spans y=155 to y=265. The newspaper is well below the head. But the issue says the newspaper is blocking the face. Let me lo...

[   22.9s] [tool start] read {'path': 'generate_artifact.py', 'offset': '93', 'limit': '90'}
[   22.9s] [tool end] read

[   22.9s] [turn_end]

[   22.9s] [turn_start]
[   25.8s] [thinking_start]
[   26.6s] [thinking_end] 74 chars: Now let me look at the robot_head function to understand the eyes/lenses:

[   28.0s] [tool start] read {'path': 'generate_artifact.py', 'offset': '182', 'limit': '80'}
[   28.0s] [tool end] read

[   28.0s] [turn_end]

[   28.0s] [turn_start]
[   30.9s] [thinking_start]
[   58.4s] [thinking_end] 3622 chars: Now I understand the layout:
- Robot head: center at (400, 210), radius 55, so it spans y=155 to y=265
- Goggles (eyes): at goggle_y = cy - r*0.1 = 210 - 5.5 = 204.5, spanning roughly y=192.6 to y=216.4
- Newspaper: at y=380, height 100, so...
[   58.4s] [text_start]
[   60.5s] [text_end] 235 chars: Now I understand the layout. The newspaper at y=380 is far below the head (bottom at y=265), so the robot doesn't look like it's reading. I need to raise the newspaper so it's held up near the face, with the goggles visible above it.

[   64.8s] [tool start] edit {'path': 'generate_artifact.py', 'edits': "[{'oldText': '    # ── newspaper on table, held by robot ──\\n    svg_parts.append(newspaper(260, 380, 280, 100))', 'newText': '    # ── newspaper held up to face, partially obscuring lower head ──\\n    svg_parts.append(newspaper(260, 240, 280, 120))'}]"}
[   64.8s] [tool end] edit

[   64.8s] [turn_end]

[   64.8s] [turn_start]
[   65.1s] [thinking_start]
[   66.7s] [thinking_end] 188 chars: Now I also need to adjust the arms to match the new newspaper position. The arms are at y=300, but the newspaper is now at y=240. Let me adjust the arms to reach up to hold the newspaper.
[   66.7s] [text_start]
[   67.4s] [text_end] 77 chars: Now adjust the arms to reach up and hold the newspaper at its new position:

[   73.5s] [tool start] edit {'path': 'generate_artifact.py', 'edits': '[{\'oldText\': \'    # ── robot arms (holding newspaper) ──\\n    svg_parts.append(robot_arm(340, 300, 120, 30, "left"))\\n    svg_parts.append(robot_arm(460, 300, 120, -30, "right"))\', \'newText\': \'    # ── robot arms (holding newspaper up to face) ──\\n    svg_parts.append(robot_arm(340, 290, 100, 20, "left"))\\n    svg_parts.append(robot_arm(460, 290, 100, -20, "right"))\'}]'}
[   73.5s] [tool end] edit

[   73.5s] [turn_end]

[   73.5s] [turn_start]
[   73.8s] [thinking_start]
[   75.3s] [thinking_end] 221 chars: Now let me also adjust the table position since the newspaper is no longer resting on it. Actually, the table should stay where it is - the newspaper is being held up, not resting on the table. Let me run the generation.
[   75.3s] [text_start]
[   75.7s] [text_end] 23 chars: Now generate the SVG:

[   77.4s] [tool start] bash {'command': 'cd /src/theloop/runs/20260501-113523-robot/workspace && python generate_artifact.py 2>&1'}
[   77.4s] [tool end] bash

[   77.4s] [turn_end]

[   77.4s] [turn_start]
[   77.7s] [thinking_start]
[   78.5s] [thinking_end] 83 chars: Good, no errors. Let me verify the SVG is valid XML and check the key coordinates.

[   80.8s] [tool start] bash {'command': 'cd /src/theloop/runs/20260501-113523-robot/workspace && python -c "import xml.etree.ElementTree as ET; ET.parse(\'artifact.svg\'); print(\'Valid XML\')" 2>&1'}
[   80.8s] [tool end] bash

[   80.8s] [turn_end]

[   80.8s] [turn_start]
[   81.1s] [thinking_start]
[   81.7s] [thinking_end] 55 chars: Let me verify the key coordinates changed as intended.

[   83.7s] [tool start] bash {'command': 'cd /src/theloop/runs/20260501-113523-robot/workspace && grep -n "newspaper\\|robot_arm\\|robot_head" generate_artifact.py'}
[   83.7s] [tool end] bash

[   83.7s] [turn_end]

[   83.7s] [turn_start]
[   84.3s] [thinking_start]
