# pi activity log for iter 1, attempt 0
# prompt_chars=3228


[    0.5s] [agent_start]

[    0.5s] [turn_start]
[    4.2s] [thinking_start]
[    5.1s] [thinking_end] 122 chars: Let me start by reading the current `generate_artifact.py` to understand the structure and then make the necessary edits.

[    5.7s] [tool start] read {'path': 'generate_artifact.py'}
[    5.7s] [tool end] read

[    5.7s] [turn_end]

[    5.7s] [turn_start]
[   10.2s] [thinking_start]
[   15.7s] [thinking_end] 714 chars: Now I need to:
1. Add a continuous thread path from the yarn ball to the needles and sweater
2. Adjust the sweater position so its top edge aligns with the needle tips
3. Layer the thread behind the needles but in front of the background

T...
[   15.7s] [text_start]
[   16.6s] [text_end] 103 chars: Now I'll edit `generate_artifact.py` to add a continuous thread path and adjust the sweater position:

[   53.0s] [tool start] edit {'path': 'generate_artifact.py', 'edits': '[{\'oldText\': \'  <!-- Yarn ball -->\\n  <circle cx="130" cy="400" r="18" fill="#FF4500"/>\\n  <path d="M 115 395 Q 130 385 145 395" fill="none" stroke="#FF6347" stroke-width="2"/>\\n  <path d="M 120 405 Q 130 415 140 405" fill="none" stroke="#FF6347" stroke-width="2"/>\\n  <path d="M 125 388 Q 135 400 125 412" fill="none" stroke="#FF6347" stroke-width="2"/>\\n  <!-- Yarn strand to needles -->\\n  <path d="M 140 390 Q 160 380 170 375" fill="none" stroke="#FF4500" stroke-width="2"/>\\n\\n  <!-- Sweater bod...'}
[   53.0s] [tool end] edit

[   53.0s] [turn_end]

[   53.0s] [turn_start]
[   53.3s] [thinking_start]
[   54.8s] [thinking_end] 180 chars: Now I need to also update the knit pattern dots to match the new sweater width (150 instead of 160, starting at x=175 instead of 170). Let me also update the sweater texture dots.
[   54.8s] [text_start]
[   55.5s] [text_end] 71 chars: Now update the knit pattern dots to match the new sweater dimensions:

[  122.2s] [tool start] edit {'path': 'generate_artifact.py', 'edits': '[{\'oldText\': \'  <!-- Sweater texture (knit pattern dots) -->\\n  <g fill="rgba(255,255,255,0.3)">\\n    <circle cx="185" cy="418" r="1.5"/><circle cx="200" cy="418" r="1.5"/><circle cx="215" cy="418" r="1.5"/>\\n    <circle cx="230" cy="418" r="1.5"/><circle cx="245" cy="418" r="1.5"/><circle cx="260" cy="418" r="1.5"/>\\n    <circle cx="275" cy="418" r="1.5"/><circle cx="290" cy="418" r="1.5"/><circle cx="305" cy="418" r="1.5"/>\\n    <circle cx="190" cy="434" r="1.5"/><circle cx="205" cy="434" r="1...'}
[  122.2s] [tool end] edit

[  122.2s] [turn_end]

[  122.2s] [turn_start]
[  122.5s] [thinking_start]
[  122.8s] [thinking_end] 41 chars: Now let me run the generator and verify.
[  122.8s] [text_start]
[  123.3s] [text_end] 35 chars: Now run the generator and verify:

[  124.0s] [tool start] bash {'command': 'python generate_artifact.py'}
[  124.0s] [tool end] bash

[  124.0s] [turn_end]

[  124.0s] [turn_start]
[  124.3s] [thinking_start]
[  125.1s] [thinking_end] 90 chars: Let me verify the SVG is valid XML and check for the thread path and sweater coordinates.

[  127.6s] [tool start] bash {'command': 'python -c "import xml.etree.ElementTree as ET; ET.parse(\'artifact.svg\'); print(\'Valid XML\')" && grep -n "Continuous thread" artifact.svg && grep -n "Sweater body" artifact.svg && grep -n "y=\\"410\\"" artifact.svg | head -5'}
[  127.6s] [tool end] bash

[  127.6s] [turn_end]

[  127.6s] [turn_start]
[  128.0s] [thinking_start]
[  129.9s] [thinking_end] 217 chars: The SVG is valid XML, the continuous thread path is present, and the sweater's top edge is at y=410 which aligns with the needle tips. Let me also verify the thread path uses bezier curves and matches the yarn color.

[  130.7s] [tool start] bash {'command': 'grep -A1 "Continuous thread" artifact.svg'}
[  130.7s] [tool end] bash

[  130.7s] [turn_end]

[  130.7s] [turn_start]
[  131.2s] [thinking_start]
[  133.9s] [thinking_end] 297 chars: All checks pass:
- Valid XML ✓
- Continuous thread path with bezier curves (C commands) ✓
- Thread color (#FF4500) matches yarn ball ✓
- Sweater top edge at y=410 aligns with needle tips ✓
- Thread starts at yarn ball (145, 395) and curves...
[  133.9s] [text_start]
[  138.0s] [text_end] 471 chars: All verifications pass:

- **Valid XML**: No parsing errors
- **Continuous thread path**: Uses smooth bezier curves (`C` commands) from the yarn ball `(145, 395)` through the needle area to the right side `(340, 385)`
- **Thread color**: `#...

[  138.0s] [turn_end]

[  138.0s] [agent_end]
