# pi activity log for iter 4, attempt 1
# prompt_chars=3807


[    0.5s] [agent_start]

[    0.5s] [turn_start]
[    1.4s] [thinking_start]
[    2.0s] [thinking_end] 134 chars: Let me start by inspecting the generator file to understand the current structure, focusing on chair, table, leg, and robot elements.

[    2.6s] [tool start] bash {'command': 'grep -n "chair\\|table\\|leg\\|robot" generate_artifact.py | head -80'}
[    2.6s] [tool end] bash

[    2.6s] [turn_end]

[    2.6s] [turn_start]
[    3.0s] [thinking_start]
[    3.5s] [thinking_end] 115 chars: Now let me see the full structure to understand the layering order. Let me read the relevant sections of the file.

[    4.2s] [tool start] read {'path': 'generate_artifact.py', 'offset': '120', 'limit': '80'}
[    4.2s] [tool end] read

[    4.2s] [turn_end]

[    4.2s] [turn_start]
[    5.0s] [thinking_start]
[   24.8s] [thinking_end] 4206 chars: Now I can see the layering issue clearly:

1. **Background chairs** (lines ~120-150) - these are first
2. **Second table** (line ~152)
3. **Robot legs** (lines ~154-180) - these are drawn AFTER the background chairs and second table
4. **Ma...

[   25.5s] [tool start] bash {'command': 'grep -n "chair\\|CHAIR\\|Chair" generate_artifact.py'}
[   25.5s] [tool end] bash

[   25.5s] [turn_end]

[   25.5s] [turn_start]
[   25.8s] [thinking_start]
[   26.4s] [thinking_end] 160 chars: Let me read the full file to understand the complete structure, focusing on the relevant sections. Let me read from the beginning to see the overall structure.

[   27.2s] [tool start] read {'path': 'generate_artifact.py', 'offset': '1', 'limit': '120'}
[   27.2s] [tool end] read

[   27.2s] [turn_end]

[   27.2s] [turn_start]
[   28.4s] [thinking_start]
[   28.9s] [thinking_end] 89 chars: Now let me read the rest of the file to see the robot seat/chair and the full structure.

[   29.6s] [tool start] read {'path': 'generate_artifact.py', 'offset': '200', 'limit': '150'}
[   29.6s] [tool end] read

[   29.6s] [turn_end]

[   29.6s] [turn_start]
[   31.3s] [thinking_start]
