# pi activity log for iter 1, attempt 0
# prompt_chars=3320


[    0.6s] [agent_start]

[    0.6s] [turn_start]
[    1.5s] [thinking_start]
[    1.9s] [thinking_end] 188 chars: Let me start by inspecting the current state of the project. I need to find and read `generate_artifact.py` to understand the current SVG generation code, then make the necessary changes.

[    2.4s] [tool start] bash {'command': 'ls -la /src/theloop/runs/20260501-091723-robot/workspace/'}
[    2.4s] [tool end] bash

[    2.4s] [turn_end]

[    2.4s] [turn_start]
[    2.6s] [thinking_start]
[    3.0s] [thinking_end] 158 chars: Let me inspect the generate_artifact.py file to find the relevant code blocks. I'll use rg or sed to locate the robot legs/lower body and newspaper sections.

[    3.3s] [tool start] bash {'command': 'rg -n "leg|lower|body|newspaper|paper" generate_artifact.py'}
[    3.4s] [tool end] bash

[    3.4s] [turn_end]

[    3.4s] [turn_start]
[    3.7s] [thinking_start]
[    3.9s] [thinking_end] 98 chars: Let me read the relevant sections of the file - the robot legs section and the newspaper section.

[    4.3s] [tool start] read {'path': 'generate_artifact.py', 'offset': '280', 'limit': '80'}
[    4.3s] [tool end] read

[    4.3s] [turn_end]

[    4.3s] [turn_start]
[    5.1s] [thinking_start]
[    5.8s] [thinking_end] 230 chars: Now I can see the issue. The SVG group order is:
1. Robot legs (at line ~316-340)
2. Robot seat/chair (at line ~342-356)
3. Foreground elements

But the table is drawn before the robot legs. Let me check where the table is drawn.

[    6.1s] [tool start] bash {'command': 'rg -n "table|Table" generate_artifact.py'}
[    6.1s] [tool end] bash

[    6.1s] [turn_end]

[    6.1s] [turn_start]
[    6.3s] [thinking_start]
[    6.6s] [thinking_end] 124 chars: Now I understand the structure. Let me read the table section and the overall group structure to understand the z-ordering.

[    7.1s] [tool start] read {'path': 'generate_artifact.py', 'offset': '150', 'limit': '50'}
[    7.1s] [tool end] read

[    7.1s] [turn_end]

[    7.1s] [turn_start]
[    7.6s] [thinking_start]
[   16.2s] [thinking_end] 3485 chars: Now I understand the structure. The SVG groups are ordered as:
1. Background elements
2. Main table (center) - at y=370, table top at y=0 (so y=370 in global coords)
3. Ceramic cup on table
4. Victorian Robot (main subject) - which contains...

[   16.7s] [tool start] read {'path': 'generate_artifact.py', 'limit': '30', 'offset': '1'}
[   16.7s] [tool end] read

[   16.7s] [turn_end]

[   16.7s] [turn_start]
[   17.3s] [thinking_start]
[   17.6s] [thinking_end] 124 chars: This is a Python script that generates the SVG as a string. Let me read the full file to understand the complete structure.

[   18.0s] [tool start] read {'path': 'generate_artifact.py', 'offset': '31', 'limit': '130'}
[   18.0s] [tool end] read

[   18.0s] [turn_end]

[   18.0s] [turn_start]
[   19.3s] [thinking_start]
[   19.6s] [thinking_end] 142 chars: Now I have a good understanding of the structure. Let me read the rest of the file to see the complete robot section and the end of the file.

[   20.1s] [tool start] read {'path': 'generate_artifact.py', 'limit': '130', 'offset': '161'}
[   20.1s] [tool end] read

[   20.1s] [turn_end]

[   20.1s] [turn_start]
[   21.4s] [thinking_start]
[   21.7s] [thinking_end] 88 chars: Now I have a clear picture. Let me read the remaining lines to see the end of the file.

[   22.2s] [tool start] read {'path': 'generate_artifact.py', 'limit': '120', 'offset': '291'}
[   22.2s] [tool end] read

[   22.2s] [turn_end]

[   22.2s] [turn_start]
[   23.3s] [thinking_start]
[  113.2s] [thinking_end] 28037 chars: Now I have the complete picture. Let me understand the SVG structure and make the two fixes:

**Issue 1: Robot legs occlusion by table**

The SVG group order is:
1. Background (wall, window, floor, etc.)
2. Background chairs
3. Second table...

[  114.3s] [tool start] bash {'command': "sed -n '288,310p' generate_artifact.py | cat -A"}
[  114.3s] [tool end] bash

[  114.3s] [turn_end]

[  114.3s] [turn_start]
[  115.1s] [thinking_start]
[  115.6s] [thinking_end] 202 chars: I see - the first line (line 288) has no leading spaces because it's inside a Python string. The file is a Python script with a triple-quoted string. Let me check the actual indentation more carefully.

[  116.0s] [tool start] bash {'command': "sed -n '287,290p' generate_artifact.py | cat -A"}
[  116.0s] [tool end] bash

[  116.0s] [turn_end]

[  116.0s] [turn_start]
[  116.5s] [thinking_start]
[  117.2s] [thinking_end] 272 chars: OK so the lines inside the Python string have 6 spaces of indentation (they're inside the newspaper `<g>` which is inside the robot `<g>` which is inside the SVG string). The first line of the newspaper text section has 6 spaces.

Now let m...

[  117.6s] [tool start] bash {'command': "sed -n '314,342p' generate_artifact.py | cat -A"}
[  117.6s] [tool end] bash

[  117.6s] [turn_end]

[  117.6s] [turn_start]
[  118.2s] [thinking_start]
[  120.0s] [thinking_end] 656 chars: I see - the robot legs section starts at line 314 with no leading spaces (the comment `<!-- ===== ROBOT LEGS`), and the `<g>` tag has 4 spaces. Wait, that doesn't look right. Let me check the context around line 314.

Actually, looking at t...

[  120.4s] [tool start] bash {'command': "sed -n '312,316p' generate_artifact.py | cat -A"}
[  120.4s] [tool end] bash

[  120.4s] [turn_end]

[  120.4s] [turn_start]
