# pi activity log for iter 1, attempt 1
# prompt_chars=3703


[    1.0s] [agent_start]

[    1.0s] [turn_start]
[    2.3s] [thinking_start]
[    3.5s] [thinking_end] 290 chars: Let me start by inspecting the relevant parts of `generate_artifact.py` to understand the current structure. I need to find:
1. The code that draws the robot's legs/lower body
2. The code that draws the newspaper
3. The code that draws the...

[    4.1s] [tool start] bash {'command': "rg -n 'leg|lower|robot.*body|table|newspaper|paper' generate_artifact.py | head -60"}
[    4.2s] [tool end] bash

[    4.2s] [turn_end]

[    4.2s] [turn_start]
[    4.5s] [thinking_start]
[    4.7s] [thinking_end] 113 chars: Now let me see the actual code blocks for the robot legs and the newspaper. Let me read those specific sections.

[    5.2s] [tool start] read {'path': 'generate_artifact.py', 'offset': '125', 'limit': '80'}
[    5.2s] [tool end] read

[    5.2s] [turn_end]

[    5.2s] [turn_start]
[    6.0s] [thinking_start]
[    6.2s] [thinking_end] 78 chars: Now let me see the robot legs section and the newspaper section more clearly.

[    6.6s] [tool start] read {'path': 'generate_artifact.py', 'offset': '280', 'limit': '80'}
[    6.6s] [tool end] read

[    6.6s] [turn_end]

[    6.6s] [turn_start]
[    7.5s] [thinking_start]
[   10.0s] [thinking_end] 951 chars: Now I understand the structure. The SVG is generated as a string in `generate_artifact.py`. Let me understand the layering:

1. The **main table** is at `translate(300, 370)` with the table top at `cy=0` (so y=370 in canvas coords) and tabl...

[   10.3s] [tool start] read {'path': 'generate_artifact.py', 'limit': '30'}
[   10.3s] [tool end] read

[   10.3s] [turn_end]

[   10.3s] [turn_start]
[   10.8s] [thinking_start]
[   12.5s] [thinking_end] 839 chars: So the SVG is a single string constant. The order of elements in the string determines the SVG layering (later elements draw on top). Let me understand the current order:

1. Background elements (walls, floor, etc.)
2. Background chairs
3....

[   12.9s] [tool start] bash {'command': "rg -n 'MAIN TABLE|ROBOT LEGS|NEWSPAPER' generate_artifact.py"}
[   12.9s] [tool end] bash

[   12.9s] [turn_end]

[   12.9s] [turn_start]
[   13.2s] [thinking_start]
[   14.3s] [thinking_end] 432 chars: Now I need to:

1. **Move robot legs before the main table** - The robot legs are at line 314, and the main table starts at line 154. I need to move the legs block (lines 314-342) to before the main table block (before line 154).

2. **Add...

[   14.8s] [tool start] read {'path': 'generate_artifact.py', 'offset': '154', 'limit': '30'}
[   14.8s] [tool end] read

[   14.8s] [turn_end]

[   14.8s] [turn_start]
[   15.3s] [thinking_start]
[   15.4s] [thinking_end] 48 chars: Now let me read the robot legs section exactly:

[   15.9s] [tool start] read {'path': 'generate_artifact.py', 'offset': '314', 'limit': '30'}
[   15.9s] [tool end] read

[   15.9s] [turn_end]

[   15.9s] [turn_start]
[   16.3s] [thinking_start]
[   18.7s] [thinking_end] 1013 chars: Now I have a clear picture. Let me plan the edits:

1. **Move robot legs before the main table**: I need to cut the robot legs block (lines 314-334) and paste it before the main table block (before line 154). In SVG, elements drawn first ap...
[   18.7s] [text_start]
[   19.3s] [text_end] 260 chars: Now I have a clear picture. I need to:
1. **Move the robot legs block** (currently after the table) to before the main table so legs are occluded
2. **Replace newspaper `<line>` elements with `<text>` elements** for legible headlines

Let m...

[   41.7s] [tool start] edit {'path': 'generate_artifact.py', 'edits': '[{\'oldText\': \'  <!-- ===== MAIN TABLE (center) ===== -->\', \'newText\': \'  <!-- ===== ROBOT LEGS (seated, under table) ===== -->\\n    <g transform="translate(350, 320)">\\n      <!-- Left leg -->\\n      <line x1="-20" y1="0" x2="-25" y2="60" stroke="url(#brass)" stroke-width="14" stroke-linecap="round"/>\\n      <!-- Left knee joint -->\\n      <circle cx="-25" cy="30" r="8" fill="url(#copper)" stroke="#704214" stroke-width="1.5"/>\\n      <!-- Left lower leg -->\\n      <line x1="-25" y1="30" x2="-20"...'}
[   41.7s] [tool end] edit

[   41.7s] [turn_end]

[   41.7s] [turn_start]
[   41.9s] [thinking_start]
[   42.1s] [thinking_end] 78 chars: Now let me verify the changes look correct by checking the relevant sections:
[   42.1s] [text_start]
[   42.3s] [text_end] 64 chars: Now let me verify the edits are correct and run the generator:

[   42.6s] [tool start] bash {'command': "rg -n 'MAIN TABLE|ROBOT LEGS|NEWSPAPER' generate_artifact.py"}
[   42.6s] [tool end] bash

[   42.6s] [turn_end]

[   42.6s] [turn_start]
[   43.0s] [thinking_start]
[   43.5s] [thinking_end] 160 chars: The robot legs are now at line 154, before the main table at line 175. The newspaper is at line 302. Let me verify the newspaper section has the text elements:
[   43.5s] [text_start]
[   43.8s] [text_end] 104 chars: Good — legs (line 154) now come before the main table (line 175). Let me verify the newspaper section:

[   44.3s] [tool start] read {'path': 'generate_artifact.py', 'offset': '302', 'limit': '30'}
[   44.3s] [tool end] read

[   44.3s] [turn_end]

[   44.3s] [turn_start]
[   44.9s] [thinking_start]
[   45.3s] [thinking_end] 169 chars: The newspaper section looks good with `<text>` elements. Now let me verify the robot legs section was properly removed from its old location and check the new location:

[   45.7s] [tool start] read {'path': 'generate_artifact.py', 'offset': '154', 'limit': '25'}
[   45.7s] [tool end] read

[   45.7s] [turn_end]

[   45.7s] [turn_start]
[   46.2s] [thinking_start]
[   46.4s] [thinking_end] 97 chars: The robot legs are now before the main table. Now let me run the generator and validate the SVG.
[   46.4s] [text_start]
[   46.7s] [text_end] 75 chars: Robot legs are now before the main table. Let me regenerate and validate:

[   46.9s] [tool start] bash {'command': 'python generate_artifact.py'}
[   46.9s] [tool end] bash

[   46.9s] [turn_end]

[   46.9s] [turn_start]
[   47.2s] [thinking_start]
[   47.4s] [thinking_end] 42 chars: Now let me validate the SVG is valid XML:

[   47.8s] [tool start] bash {'command': 'python -c "import xml.etree.ElementTree as ET; ET.parse(\'artifact.svg\'); print(\'Valid XML\')"'}
[   47.8s] [tool end] bash

[   47.8s] [turn_end]

[   47.8s] [turn_start]
[   48.0s] [thinking_start]
[   48.4s] [thinking_end] 148 chars: The SVG is valid XML. Let me also verify that the newspaper text elements are present and the robot legs are before the table in the generated SVG:

[   48.8s] [tool start] bash {'command': "rg -n 'ROBOT LEGS|MAIN TABLE|THE LONDON CHRONICLE' artifact.svg"}
[   48.8s] [tool end] bash

[   48.8s] [turn_end]

[   48.8s] [turn_start]
[   49.1s] [thinking_start]
[   50.3s] [thinking_end] 471 chars: All checks pass:

1. **Robot legs occlusion**: Robot legs are at line 148, before the main table at line 169 — so legs will be drawn first and appear behind the table surface. ✓
2. **Newspaper text**: The newspaper has `<text>` elements inc...
[   50.3s] [text_start]
[   51.5s] [text_end] 441 chars: All acceptance criteria met:

1. **Robot legs occlusion** — Legs at line 148, before the main table at line 169, so they render behind the table surface ✓
2. **Newspaper text** — Contains `<text>` elements with headline ("THE LONDON CHRONIC...

[   51.5s] [turn_end]

[   51.5s] [agent_end]
