# pi activity log for iter 1, attempt 1
# prompt_chars=5221


[    1.0s] [agent_start]

[    1.0s] [turn_start]
[    2.3s] [thinking_start]
[    3.0s] [thinking_end] 184 chars: Let me start by reading the current `generate_artifact.py` to understand the existing code structure, then make the necessary edits to fix the small seconds sub-dial visibility issue.

[    4.1s] [tool start] read {'path': 'generate_artifact.py'}
[    4.1s] [tool end] read

[    4.1s] [turn_end]

[    4.1s] [turn_start]
[    6.3s] [thinking_start]
[    9.5s] [thinking_end] 1240 chars: Now I understand the current structure. The issue is that the movement gears are drawn AFTER the sub-dials, so they overlap the small seconds sub-dial at 6 o'clock. Looking at the code:

1. The small seconds sub-dial is at position (300, 44...
[    9.5s] [text_start]
[   10.1s] [text_end] 227 chars: I can see the issue: the movement gears (section 11) are drawn *after* the small seconds sub-dial (section 10), so they overlap it. The fix is to draw the gears *before* the dial face, so the dial and sub-dials appear on top.

[   34.4s] [tool start] edit {'path': 'generate_artifact.py', 'edits': '[{\'oldText\': \'    # ── 4. DIAL FACE ──────────────────────────────────────────────────\\n    parts.append(\\\'  <!-- Dial face -->\\\')\\n    parts.append(\\n        \\\'  <circle cx="300" cy="300" r="170" fill="url(#dialGrad)" \\\'\\n        \\\'stroke="#a08040" stroke-width="2"/>\\\'\\n    )\\n    # Inner dial ring\\n    parts.append(\\n        \\\'  <circle cx="300" cy="300" r="168" fill="none" stroke="#c0a870" stroke-width="0.5"/>\\\'\\n    )\', \'newText\': \'    # ── 4. MOVEMENT — GEAR TRAIN (bottom half, drawn behind...'}
[   34.4s] [tool end] edit

[   34.4s] [turn_end]

[   34.4s] [turn_start]
[   34.7s] [thinking_start]
[   34.9s] [thinking_end] 99 chars: Good, the edits were applied. Now let me run the generator to produce the SVG and verify it works.
[   34.9s] [text_start]
[   35.1s] [text_end] 50 chars: Now let me run the generator to produce the SVG:

[   35.3s] [tool start] bash {'command': 'python generate_artifact.py'}
[   35.4s] [tool end] bash

[   35.4s] [turn_end]

[   35.4s] [turn_start]
[   35.6s] [thinking_start]
[   36.1s] [thinking_end] 242 chars: The SVG was generated successfully. Let me verify the key aspects by checking the SVG content - specifically that the movement gears are now drawn before the dial face, and the small seconds sub-dial is drawn after the dial (so it's on top)...
[   36.1s] [text_start]
[   36.3s] [text_end] 66 chars: Let me verify the drawing order in the generated SVG is correct:

[   36.7s] [tool start] bash {'command': 'grep -n "Movement gears\\|Dial face\\|Small seconds\\|Balance wheel\\|Movement bridge" generate_artifact.py'}
[   36.7s] [tool end] bash

[   36.7s] [turn_end]

[   36.7s] [turn_start]
[   37.2s] [thinking_start]
[   38.7s] [thinking_end] 524 chars: The drawing order is now correct:
1. Line 230: Movement gears (behind dial)
2. Line 273: Dial face
3. Line 418: Small seconds sub-dial (drawn after dial, so on top)
4. Line 461: Balance wheel
5. Line 492: Movement bridge

This means the gea...

[   39.1s] [tool start] bash {'command': 'python -c "import xml.etree.ElementTree as ET; ET.parse(\'artifact.svg\'); print(\'Valid XML\')"'}
[   39.2s] [tool end] bash

[   39.2s] [turn_end]

[   39.2s] [turn_start]
[   39.4s] [thinking_start]
[   39.7s] [thinking_end] 122 chars: The SVG is valid XML. Let me also verify the key elements are present by checking for the sub-dial at 6 o'clock position.
[   39.7s] [text_start]
[   40.0s] [text_end] 88 chars: Let me also verify the sub-dial positioning is correct and the gears don't overlap it:

[   40.5s] [tool start] bash {'command': 'grep -n "ss_cx\\|ss_cy\\|ss_r\\|300.*448\\|Small seconds" generate_artifact.py | head -20'}
[   40.5s] [tool end] bash

[   40.5s] [turn_end]

[   40.5s] [turn_start]
[   41.0s] [thinking_start]
[  116.8s] [thinking_end] 24477 chars: The small seconds sub-dial is at (300, 448) with radius 30, so it spans from y=418 to y=478. The large gear is at (300, 420) with outer radius 55, spanning from y=365 to y=475. 

However, since the gears are now drawn BEFORE the dial face (...
[  116.8s] [text_start]
[  117.4s] [text_end] 265 chars: The gears are now drawn before the dial, but they'll be hidden behind the solid dial face. I need to reposition the gears to avoid the sub-dial area and add a cutaway effect so they're visible. Let me update the gear positions and add a dec...

[  138.7s] [tool start] edit {'path': 'generate_artifact.py', 'edits': '[{\'oldText\': \'    # ── 4. MOVEMENT — GEAR TRAIN (bottom half, drawn behind dial) ─────\\n    parts.append(\\\'  <!-- Movement gears (behind dial) -->\\\')\\n\\n    # Large gear (center ~300, 420) — mainspring barrel area\\n    large_gear = gear_path(300, 420, 55, 48, 24, 10)\\n    parts.append(f\\\'  <path d="{large_gear}" fill="url(#gearGrad)" stroke="#6a5018" stroke-width="1.5"/>\\\')\\n    # Gear spokes\\n    for i in range(6):\\n        a = i * 60\\n        x1, y1 = polar(300, 420, 12, a)\\n        x2, y2 = p...'}
[  138.7s] [tool end] edit

[  138.7s] [turn_end]

[  138.7s] [turn_start]
[  139.0s] [thinking_start]
[  139.4s] [thinking_end] 192 chars: Now I need to add a cutaway window at the bottom of the dial to make the gears visible, and also reposition the balance wheel. Let me also add the cutaway effect after the dial face is drawn.
[  139.4s] [text_start]
[  139.8s] [text_end] 125 chars: Now let me add a decorative cutaway window at the bottom of the dial to reveal the gears, and reposition the balance wheel:

[  146.5s] [tool start] edit {'path': 'generate_artifact.py', 'edits': '[{\'oldText\': \'    # ── 5. DIAL FACE (drawn over gears so sub-dials are visible) ──────\\n    parts.append(\\\'  <!-- Dial face -->\\\')\\n    parts.append(\\n        \\\'  <circle cx="300" cy="300" r="170" fill="url(#dialGrad)" \\\'\\n        \\\'stroke="#a08040" stroke-width="2"/>\\\'\\n    )\\n    # Inner dial ring\\n    parts.append(\\n        \\\'  <circle cx="300" cy="300" r="168" fill="none" stroke="#c0a870" stroke-width="0.5"/>\\\'\\n    )\', \'newText\': \'    # ── 5. DIAL FACE (drawn over gears so sub-dials are vis...'}
[  146.5s] [tool end] edit

[  146.5s] [turn_end]

[  146.5s] [turn_start]
[  146.8s] [thinking_start]
[  147.1s] [thinking_end] 138 chars: Now I need to reposition the balance wheel. Let me check its current position and update it to be consistent with the new gear positions.
[  147.1s] [text_start]
[  147.3s] [text_end] 84 chars: Now let me reposition the balance wheel to be consistent with the new gear layout:

[  149.1s] [tool start] edit {'path': 'generate_artifact.py', 'edits': '[{\'oldText\': "    # ── 12. BALANCE WHEEL (bottom-right, behind dial) ─────────────────\\n    parts.append(\'  <!-- Balance wheel -->\')\\n    bw_cx, bw_cy = 420, 460\\n    bw_r = 35", \'newText\': "    # ── 12. BALANCE WHEEL (bottom-right, behind dial) ─────────────────\\n    parts.append(\'  <!-- Balance wheel -->\')\\n    bw_cx, bw_cy = 430, 520\\n    bw_r = 35"}]'}
[  149.1s] [tool end] edit

[  149.1s] [turn_end]

[  149.1s] [turn_start]
[  149.3s] [thinking_start]
[  149.5s] [thinking_end] 73 chars: Now let me also update the bridge/plate to match the new gear positions.
[  149.5s] [text_start]
[  149.8s] [text_end] 70 chars: Let me also update the bridge/plate to match the new gear positions:

[  153.4s] [tool start] edit {'path': 'generate_artifact.py', 'edits': '[{\'oldText\': \'    # ── 13. BRIDGE / PLATE (movement base, behind dial) ───────────────\\n    parts.append(\\\'  <!-- Movement bridge -->\\\')\\n    # Subtle plate outline under gears\\n    parts.append(\\n        \\\'  <path d="M 200 360 Q 300 340 400 360 L 420 500 Q 300 520 180 500 Z" \\\'\\n        \\\'fill="#b89840" opacity="0.15" stroke="#8a6a20" stroke-width="0.5"/>\\\'\\n    )\', \'newText\': \'    # ── 13. BRIDGE / PLATE (movement base, behind dial) ───────────────\\n    parts.append(\\\'  <!-- Movement bridge --...'}
[  153.4s] [tool end] edit

[  153.4s] [turn_end]

[  153.4s] [turn_start]
[  153.7s] [thinking_start]
[  153.8s] [thinking_end] 52 chars: Now let me run the generator and verify the output.
[  153.8s] [text_start]
[  154.0s] [text_end] 42 chars: Now let me run the generator and verify:

[  154.2s] [tool start] bash {'command': 'python generate_artifact.py'}
[  154.3s] [tool end] bash

[  154.3s] [turn_end]

[  154.3s] [turn_start]
[  154.6s] [thinking_start]
[  154.8s] [thinking_end] 64 chars: Let me verify the SVG is valid XML and check the drawing order.

[  155.5s] [tool start] bash {'command': 'python -c "import xml.etree.ElementTree as ET; ET.parse(\'artifact.svg\'); print(\'Valid XML\')" && grep -n "Movement gears\\|Dial face\\|Cutaway\\|Small seconds\\|Balance wheel\\|Movement bridge" generate_artifact.py'}
[  155.6s] [tool end] bash

[  155.6s] [turn_end]

[  155.6s] [turn_start]
[  155.9s] [thinking_start]
[  157.0s] [thinking_end] 344 chars: The drawing order is correct:
1. Line 230: Movement gears (behind dial)
2. Line 273: Dial face
3. Line 284: Cutaway window
4. Line 437: Small seconds sub-dial (on top of dial)
5. Line 480: Balance wheel
6. Line 511: Movement bridge

The SVG...
[  157.0s] [text_start]
[  157.2s] [text_end] 48 chars: Let me verify the key positions don't overlap:

[  165.1s] [tool start] bash {'command': 'python3 -c "\nimport math\n\ndef polar(cx, cy, r, angle_deg):\n    rad = math.radians(angle_deg - 90)\n    return cx + r * math.cos(rad), cy + r * math.sin(rad)\n\n# Sub-dial at 6 o\'clock\nss_cx, ss_cy, ss_r = 300, 448, 30\nprint(f\'Small seconds sub-dial: center=({ss_cx},{ss_cy}), r={ss_r}\')\nprint(f\'  Extents: x=[{ss_cx-ss_r},{ss_cx+ss_r}], y=[{ss_cy-ss_r},{ss_cy+ss_r}]\')\n\n# Large gear (offset left)\nlg_cx, lg_cy, lg_r = 220, 510, 55\ndist = math.sqrt((ss_cx-lg_cx)**2 + (ss_cy-lg_cy)**2)\nprint(f\'Large gear...'}
[  165.1s] [tool end] bash

[  165.1s] [turn_end]

[  165.1s] [turn_start]
[  165.6s] [thinking_start]
[  190.5s] [thinking_end] 8153 chars: The gears and balance wheel don't overlap the sub-dial. However, the cutaway window DOES overlap the sub-dial (distance 47 < sum of radii 72). The cutaway is at (300, 495) with r=42, and the sub-dial is at (300, 448) with r=30. The cutaway...
[  190.5s] [text_start]
[  191.0s] [text_end] 224 chars: The cutaway overlaps the sub-dial. Let me fix this by removing the cutaway circle and instead using a clip-path approach to make the gears visible only in the bottom area (below the dial), while keeping the sub-dial clear:

[  210.1s] [tool start] edit {'path': 'generate_artifact.py', 'edits': '[{\'oldText\': \'    # ── 5. DIAL FACE (drawn over gears so sub-dials are visible) ──────\\n    parts.append(\\\'  <!-- Dial face -->\\\')\\n    parts.append(\\n        \\\'  <circle cx="300" cy="300" r="170" fill="url(#dialGrad)" \\\'\\n        \\\'stroke="#a08040" stroke-width="2"/>\\\'\\n    )\\n    # Inner dial ring\\n    parts.append(\\n        \\\'  <circle cx="300" cy="300" r="168" fill="none" stroke="#c0a870" stroke-width="0.5"/>\\\'\\n    )\\n\\n    # ── 5b. CUTAWAY WINDOW (bottom of dial, reveals movement gears) ──...'}
[  210.1s] [tool end] edit

[  210.1s] [turn_end]

[  210.1s] [turn_start]
[  210.4s] [thinking_start]
[  210.7s] [thinking_end] 88 chars: Now I need to add the clipPath definition in the `<defs>` section. Let me add it there.
[  210.7s] [text_start]
[  210.9s] [text_end] 81 chars: Now I need to add the `bottomClip` clipPath definition in the `<defs>` section:

[  214.4s] [tool start] edit {'path': 'generate_artifact.py', 'edits': '[{\'oldText\': \'    <!-- Power reserve arc gradient -->\\n    <linearGradient id="prGrad" x1="0" y1="0" x2="1" y2="0">\\n      <stop offset="0%" stop-color="#cc2200"/>\\n      <stop offset="60%" stop-color="#e8a020"/>\\n      <stop offset="100%" stop-color="#40a040"/>\\n    </linearGradient>\\n  </defs>\', \'newText\': \'    <!-- Power reserve arc gradient -->\\n    <linearGradient id="prGrad" x1="0" y1="0" x2="1" y2="0">\\n      <stop offset="0%" stop-color="#cc2200"/>\\n      <stop offset="60%" stop-color="#...'}
[  214.4s] [tool end] edit

[  214.4s] [turn_end]

[  214.4s] [turn_start]
[  214.7s] [thinking_start]
[  214.9s] [thinking_end] 52 chars: Now let me run the generator and verify the output.

[  215.2s] [tool start] bash {'command': 'python generate_artifact.py'}
[  215.2s] [tool end] bash

[  215.2s] [turn_end]

[  215.2s] [turn_start]
[  215.6s] [thinking_start]
[  215.9s] [thinking_end] 70 chars: There's a syntax error - an extra closing parenthesis. Let me fix it.

[  216.3s] [tool start] read {'path': 'generate_artifact.py', 'offset': '290', 'limit': '10'}
[  216.3s] [tool end] read

[  216.3s] [turn_end]

[  216.3s] [turn_start]
[  216.9s] [thinking_start]
[  217.7s] [thinking_end] 253 chars: I see the issue - there's an extra `)` on line 294. The line should be:
```python
parts[-1] = parts[-1].rstrip() + f' clip-path="url(#bottomClip)"/>'
```
But it has an extra `)` at the end. Let me fix all the similar issues in the clipped g...
[  217.7s] [text_start]
[  218.0s] [text_end] 80 chars: There's a syntax error with an extra `)`. Let me fix the clipped gear section:

[  241.5s] [tool start] edit {'path': 'generate_artifact.py', 'edits': '[{\'oldText\': \'    # Redraw gears clipped to bottom area (y > 470) so they peek out below the dial\\n    # Large gear (offset left)\\n    large_gear2 = gear_path(220, 510, 55, 48, 24, 10)\\n    parts.append(f\\\'  <path d="{large_gear2}" fill="url(#gearGrad)" stroke="#6a5018" stroke-width="1.5" \\\')\\n    parts[-1] = parts[-1].rstrip() + f\\\' clip-path="url(#bottomClip)"/>\\\')\\n    for i in range(6):\\n        a = i * 60\\n        x1, y1 = polar(220, 510, 12, a)\\n        x2, y2 = polar(220, 510, 46, a)\\n   ...'}
[  241.5s] [tool end] edit

[  241.5s] [turn_end]

[  241.5s] [turn_start]
[  241.9s] [thinking_start]
[  242.1s] [thinking_end] 36 chars: Now let me run the generator again.

[  242.3s] [tool start] bash {'command': 'python generate_artifact.py'}
[  242.3s] [tool end] bash

[  242.3s] [turn_end]

[  242.3s] [turn_start]
[  242.7s] [thinking_start]
[  243.0s] [thinking_end] 64 chars: Let me verify the SVG is valid XML and check the drawing order.

[  243.8s] [tool start] bash {'command': 'python -c "import xml.etree.ElementTree as ET; ET.parse(\'artifact.svg\'); print(\'Valid XML\')" && grep -n "Movement gears\\|Dial face\\|bottom area\\|Small seconds\\|Balance wheel\\|Movement bridge" generate_artifact.py'}
[  243.8s] [tool end] bash

[  243.8s] [turn_end]

[  243.8s] [turn_start]
[  244.3s] [thinking_start]
[  246.2s] [thinking_end] 611 chars: The SVG is valid XML. The drawing order is:
1. Line 235: Movement gears (behind dial)
2. Line 278: Dial face
3. Line 289: Movement gears visible below dial (clipped to bottom area)
4. Line 468: Small seconds sub-dial (on top of dial)
5. Lin...
[  246.2s] [text_start]
[  246.4s] [text_end] 58 chars: Let me verify the final drawing order and key positions:

[  250.4s] [tool start] bash {'command': 'python3 -c "\nimport math\n\ndef polar(cx, cy, r, angle_deg):\n    rad = math.radians(angle_deg - 90)\n    return cx + r * math.cos(rad), cy + r * math.sin(rad)\n\n# Verify no overlaps between sub-dial and gears/balance wheel\nelements = [\n    (\'Sub-dial\', 300, 448, 30),\n    (\'Large gear\', 220, 510, 55),\n    (\'Medium gear\', 380, 500, 45),\n    (\'Small gear\', 300, 540, 35),\n    (\'Balance wheel\', 430, 520, 35),\n]\n\nsub = elements[0]\nfor name, cx, cy, r in elements[1:]:\n    dist = math.sqrt((sub[1]-cx)**2 + ...'}
[  250.4s] [tool end] bash

[  250.4s] [turn_end]

[  250.4s] [turn_start]
[  250.9s] [thinking_start]
[  253.3s] [thinking_end] 787 chars: The gears don't overlap the sub-dial. The large and medium gears have their tops at y=455, which is within the dial area (y < 470). But they're redrawn with the `bottomClip` clipPath, so only the portion below y=470 will be visible. The sma...
[  253.3s] [text_start]
[  253.7s] [text_end] 157 chars: All gears are positioned to not overlap the sub-dial, and the clip-path ensures they're only visible below the dial. Let me do a final comprehensive check:

[  256.8s] [tool start] bash {'command': 'python3 -c "\ncontent = open(\'artifact.svg\').read()\nchecks = [\n    (\'Case circle\', \'r=\\"200\\"\'),\n    (\'Crown\', \'crownGrad\'),\n    (\'Dial face\', \'dialGrad\'),\n    (\'Hour markers\', \'Hour markers\'),\n    (\'Roman numerals\', \'Roman numerals\'),\n    (\'Minute ticks\', \'Minute tick\'),\n    (\'Hour hand\', \'hour_angle\'),\n    (\'Minute hand\', \'min_angle\'),\n    (\'Second hand\', \'sec_angle\'),\n    (\'Power reserve sub-dial\', \'POWER\'),\n    (\'Small seconds sub-dial\', \'SECONDS\'),\n    (\'Movement gears\', \'Movement gears\'),\n ...'}
[  256.8s] [tool end] bash

[  256.8s] [turn_end]

[  256.8s] [turn_start]
[  257.3s] [thinking_start]
[  257.7s] [thinking_end] 143 chars: The hour/minute/second hand checks failed because I'm searching for variable names, not SVG content. Let me check for the actual SVG elements.

[  259.6s] [tool start] bash {'command': 'python3 -c "\ncontent = open(\'artifact.svg\').read()\n# Check for hand elements in the SVG\nchecks = [\n    (\'Hour hand line\', \'stroke=\\"url(#handGrad)\\" stroke-width=\\"6\\"\'),\n    (\'Minute hand line\', \'stroke=\\"url(#handGrad)\\" stroke-width=\\"3.5\\"\'),\n    (\'Second hand line\', \'stroke=\\"url(#secondHandGrad)\\"\'),\n    (\'Center pin\', \'cx=\\"300\\" cy=\\"300\\" r=\\"5\\"\'),\n]\nfor name, search in checks:\n    found = search in content\n    print(f\'  {\\"✓\\" if found else \\"✗\\"} {name}\')\n"\n'}
[  259.6s] [tool end] bash

[  259.6s] [turn_end]

[  259.6s] [turn_start]
[  259.9s] [thinking_start]
[  262.1s] [thinking_end] 784 chars: All checks pass. The SVG has all the required elements:
- Case with crown
- Dial face with hour markers, Roman numerals, minute ticks
- Hands (hour, minute, second) with center pin
- Power reserve sub-dial at 12 o'clock
- Small seconds sub-...
[  262.1s] [text_start]
[  262.3s] [text_end] 59 chars: All elements are present. Let me do one final validation:

[  265.1s] [tool start] bash {'command': 'python -c "\nimport xml.etree.ElementTree as ET\ntree = ET.parse(\'artifact.svg\')\nroot = tree.getroot()\nns = {\'svg\': \'http://www.w3.org/2000/svg\'}\n\n# Count key elements\ntags = [elem.tag for elem in root.iter()]\nprint(f\'Total SVG elements: {len(tags)}\')\nprint(f\'  circles: {tags.count(\\"{http://www.w3.org/2000/svg}circle\\")}\')\nprint(f\'  lines: {tags.count(\\"{http://www.w3.org/2000/svg}line\\")}\')\nprint(f\'  paths: {tags.count(\\"{http://www.w3.org/2000/svg}path\\")}\')\nprint(f\'  text: {tags.count(\\"{http:...'}
[  265.2s] [tool end] bash

[  265.2s] [turn_end]

[  265.2s] [turn_start]
[  265.6s] [thinking_start]
[  268.8s] [thinking_end] 973 chars: The SVG is valid, has 242 elements, and contains all the required components. Let me summarize what was done:

1. **Repositioned gears** to avoid overlapping the sub-dial:
   - Large gear: moved from (300, 420) to (220, 510) — offset left a...
[  268.8s] [text_start]
[  272.9s] [text_end] 1176 chars: The fix is complete. Here's a summary of the changes made to `generate_artifact.py`:

**Problem**: Movement gears overlapped the small seconds sub-dial at 6 o'clock.

**Solution**:
1. **Repositioned gears** to avoid the sub-dial area:
   -...

[  272.9s] [turn_end]

[  272.9s] [agent_end]
