# pi activity log for iter 3, attempt 0
# prompt_chars=3379


[    1.1s] [agent_start]

[    1.1s] [turn_start]
[    4.8s] [thinking_start]
[    5.8s] [thinking_end] 121 chars: Let me start by examining the current state of the workspace - check what files exist and look at the generation script.

[    6.4s] [tool start] bash {'command': 'ls -la'}
[    6.4s] [tool end] bash

[    6.4s] [turn_end]

[    6.4s] [turn_start]
[    6.9s] [thinking_start]
[    7.6s] [thinking_end] 77 chars: Let me check the existing artifact.svg for validity and the generate script.

[    9.0s] [tool start] bash {'command': 'python3 -c "import xml.etree.ElementTree as ET; ET.parse(\'artifact.svg\'); print(\'Valid XML\')" 2>&1'}
[    9.0s] [tool end] bash

[    9.0s] [turn_end]

[    9.0s] [turn_start]
[    9.2s] [thinking_start]
[   10.0s] [thinking_end] 68 chars: Good, the SVG is valid XML. Let me check for the required elements.

[   11.3s] [tool start] bash {'command': 'grep -i -c "robot\\|newspaper\\|cafe\\|table\\|cup" artifact.svg'}
[   11.3s] [tool end] bash

[   11.3s] [turn_end]

[   11.3s] [turn_start]
[   11.5s] [thinking_start]
[   12.7s] [thinking_end] 137 chars: The SVG doesn't contain those keywords. Let me check what's actually in the SVG - look at the head and tail to understand its structure.

[   13.4s] [tool start] bash {'command': 'head -30 artifact.svg'}
[   13.4s] [tool end] bash

[   13.4s] [turn_end]

[   13.4s] [turn_start]
[   14.3s] [thinking_start]
[   17.2s] [thinking_end] 383 chars: The SVG exists and is valid XML. It has gradients for brass, copper, etc. - so it does have the Victorian robot aesthetic. The keywords "robot", "newspaper", "cafe", "table", "cup" might not appear as text content but the visual elements sh...

[   18.2s] [tool start] read {'path': 'generate_artifact.py', 'limit': '80'}
[   18.2s] [tool end] read

[   18.2s] [turn_end]

[   18.2s] [turn_start]
[   20.2s] [thinking_start]
[   21.1s] [thinking_end] 108 chars: Let me check the rest of the script to see the full structure and verify all required elements are present.

[   22.6s] [tool start] read {'path': 'generate_artifact.py', 'offset': '81', 'limit': '200'}
[   22.6s] [tool end] read

[   22.6s] [turn_end]

[   22.6s] [turn_start]
[   28.6s] [thinking_start]
[   29.7s] [thinking_end] 129 chars: Good, I can see the script has the table, coffee cup, and cafe elements. Let me continue reading to see the robot and newspaper.

[   31.3s] [tool start] read {'path': 'generate_artifact.py', 'offset': '281', 'limit': '200'}
[   31.3s] [tool end] read

[   31.3s] [turn_end]

[   31.3s] [turn_start]
[   38.5s] [thinking_start]
[   40.0s] [thinking_end] 170 chars: Good, I can see the robot, newspaper, table, coffee cup, and cafe elements are all present in the script. Let me read the rest to see the head and any finishing touches.

[   41.1s] [tool start] read {'path': 'generate_artifact.py', 'offset': '481'}
[   41.1s] [tool end] read

[   41.1s] [turn_end]

[   41.1s] [turn_start]
[   47.1s] [thinking_start]
[   50.9s] [thinking_end] 474 chars: The script looks complete and well-structured. It has all the required elements:
1. Victorian-era robot (brass/copper aesthetic, gears, rivets, steampunk details, top hat, steam vent)
2. Newspaper being read (with "The Daily Chronicle" head...
[   50.9s] [text_start]
[   51.7s] [text_end] 104 chars: The script is complete and well-structured with all required elements. Let me regenerate and validate.

[   52.6s] [tool start] bash {'command': 'python3 generate_artifact.py 2>&1'}
[   52.7s] [tool end] bash

[   52.7s] [turn_end]

[   52.7s] [turn_start]
[   53.0s] [thinking_start]
[   53.8s] [thinking_end] 69 chars: Good, no errors. Let me validate the XML and check for key elements.

[   56.7s] [tool start] bash {'command': 'python3 -c "import xml.etree.ElementTree as ET; tree = ET.parse(\'artifact.svg\'); root = tree.getroot(); print(f\'Valid XML, root tag: {root.tag}, viewBox: {root.get(\\"viewBox\\")}, width: {root.get(\\"width\\")}, height: {root.get(\\"height\\")}\')" 2>&1'}
[   56.8s] [tool end] bash

[   56.8s] [turn_end]

[   56.8s] [turn_start]
[   57.1s] [thinking_start]
[   58.1s] [thinking_end] 100 chars: Valid XML with correct dimensions. Now let me check for the key visual elements in the SVG content.

[   66.5s] [tool start] bash {'command': 'echo "=== Checking key elements ===" && echo -n "Robot head: " && grep -c "ROBOT HEAD\\|head base\\|brass.*stroke" artifact.svg && echo -n "Gears: " && grep -c "draw_gear\\|polygon.*fill.*stroke" artifact.svg && echo -n "Newspaper: " && grep -c "Daily Chronicle\\|paper\\|newspaper" artifact.svg && echo -n "Table: " && grep -c "Table\\|woodtop\\|table" artifact.svg && echo -n "Coffee cup: " && grep -c "coffee\\|cup\\|Cup\\|saucer" artifact.svg && echo -n "Cafe elements: " && grep -c "wallpaper\\|lamp\\|wains...'}
[   66.5s] [tool end] bash

[   66.5s] [turn_end]

[   66.5s] [turn_start]
[   66.9s] [thinking_start]
[   69.6s] [thinking_end] 306 chars: The grep for "rivet" returned 0 because the rivets are generated by the `draw_rivet` function calls which produce `<circle>` elements - the word "rivet" doesn't appear in the SVG output itself. That's fine - the rivets are visually present...

[   70.5s] [tool start] bash {'command': 'wc -l artifact.svg && ls -lh artifact.svg'}
[   70.5s] [tool end] bash

[   70.5s] [turn_end]

[   70.5s] [turn_start]
[   70.8s] [thinking_start]
[   72.1s] [thinking_end] 123 chars: The SVG is 425 lines, 38KB. Let me do a final comprehensive check to make sure all required elements are visually present.
