# pi activity log for iter 5, attempt 0
# prompt_chars=4130


[    0.6s] [agent_start]

[    0.6s] [turn_start]
[    4.6s] [thinking_start]
[    5.7s] [thinking_end] 136 chars: Let me start by examining the current state of the workspace and the generate_artifact.py file to understand what needs to be modified.

[    6.3s] [tool start] bash {'command': 'ls -la'}
[    6.3s] [tool end] bash

[    6.3s] [turn_end]

[    6.3s] [turn_start]
[    6.7s] [thinking_start]
[    7.8s] [thinking_end] 128 chars: Let me look at the generate_artifact.py file to understand the structure, focusing on head, eye, torso, and newspaper sections.

[    9.5s] [tool start] bash {'command': 'grep -n -i "head\\|eye\\|torso\\|newspaper\\|pupil\\|gaze\\|rotation\\|rotate\\|lean" generate_artifact.py'}
[    9.5s] [tool end] bash

[    9.5s] [turn_end]

[    9.5s] [turn_start]
[   10.5s] [thinking_start]
[   11.1s] [thinking_end] 49 chars: Now let me read the relevant sections in detail.

[   12.5s] [tool start] read {'path': 'generate_artifact.py', 'offset': '240', 'limit': '100'}
[   12.5s] [tool end] read

[   12.5s] [turn_end]

[   12.5s] [turn_start]
[   15.7s] [thinking_start]
[   16.5s] [thinking_end] 81 chars: Let me read the rest of the file to see the arms, hands, and newspaper sections.

[   17.5s] [tool start] read {'path': 'generate_artifact.py', 'offset': '340'}
