# pi activity log for iter 5, attempt 1
# prompt_chars=4357


[    0.5s] [agent_start]

[    0.5s] [turn_start]
[    3.5s] [thinking_start]
[    4.4s] [thinking_end] 119 chars: Let me locate the relevant sections in generate_artifact.py for head rotation, eyes, torso, and newspaper positioning.

[    6.1s] [tool start] bash {'command': 'grep -n -i "head\\|eye\\|torso\\|newspaper\\|pupil\\|eyelid\\|rotate\\|lean" generate_artifact.py'}
[    6.1s] [tool end] bash

[    6.1s] [turn_end]

[    6.1s] [turn_start]
[    7.1s] [thinking_start]
[    7.7s] [thinking_end] 71 chars: Now let me read the relevant sections to understand the current state.

[    9.2s] [tool start] read {'path': 'generate_artifact.py', 'offset': '240', 'limit': '160'}
[    9.2s] [tool end] read

[    9.2s] [turn_end]

[    9.2s] [turn_start]
[   14.3s] [thinking_start]
[   19.0s] [thinking_end] 510 chars: Now I have a clear picture. Let me make the edits:

1. **Head rotation**: Change `rotate(18)` to `rotate(40)` on the head group
2. **Eye pupils**: Shift pupils further down (from `cy="-32"` to `cy="-28"`) and add eyelids
3. **Torso lean**:...
[   19.0s] [text_start]
[   19.7s] [text_end] 65 chars: Now I have all the info I need. Let me make the targeted edits:
