# pi activity log for iter 5, attempt 0
# prompt_chars=3300


[    1.1s] [agent_start]

[    1.1s] [turn_start]
[    2.2s] [thinking_start]
[    2.9s] [thinking_end] 342 chars: Let me start by understanding the task:

1. I need to work with `generate_artifact.py` to generate an SVG image
2. The goal is to fix layering (table should occlude robot's legs) and update furniture style to Victorian
3. I should inspect t...

[    3.3s] [tool start] bash {'command': "grep -n -i 'table\\|chair\\|leg\\|robot.*body\\|<g' generate_artifact.py | head -80"}
[    3.3s] [tool end] bash

[    3.3s] [turn_end]

[    3.3s] [turn_start]
[    3.8s] [thinking_start]
[    7.7s] [thinking_end] 1691 chars: Now I can see the structure. The key issue is:
- Robot legs are at line 154-174
- Main table is at line 175-188
- The table is already AFTER the legs in the file, so layering should be correct...

Wait, let me re-read. The robot body is at...

[    8.2s] [tool start] read {'path': 'generate_artifact.py', 'offset': '115', 'limit': '80'}
[    8.2s] [tool end] read

[    8.2s] [turn_end]

[    8.2s] [turn_start]
[    9.0s] [thinking_start]
[   13.7s] [thinking_end] 1862 chars: Now I can see the structure clearly:

1. **Background chairs** (lines 121-147): wrought-iron style - these need to be Victorian upholstered chairs
2. **Robot legs** (lines 154-174): drawn at y=320, extending to y=395 (75+320)
3. **Main tabl...

[   14.3s] [tool start] read {'path': 'generate_artifact.py', 'offset': '195', 'limit': '120'}
[   14.3s] [tool end] read

[   14.3s] [turn_end]

[   14.3s] [turn_start]
[   15.5s] [thinking_start]
[   15.8s] [thinking_end] 95 chars: Let me continue reading to see the rest of the robot's seat chair and the full file structure.

[   16.1s] [tool start] read {'path': 'generate_artifact.py', 'offset': '315'}
[   16.1s] [tool end] read

[   16.1s] [turn_end]

[   16.1s] [turn_start]
[   17.0s] [thinking_start]
