# pi activity log for iter 5, attempt 1
# prompt_chars=3683


[    0.5s] [agent_start]

[    0.5s] [turn_start]
[    1.7s] [thinking_start]
[    3.1s] [thinking_end] 376 chars: Let me start by understanding the task:
1. I need to fix the layering order in `generate_artifact.py` so the table renders after (on top of) the robot's legs
2. Replace modern chair geometry with Victorian-style upholstered chairs
3. Run th...

[    4.0s] [tool start] bash {'command': "grep -n -i 'table\\|chair\\|leg\\|svg\\|<g\\|<path' generate_artifact.py | head -80"}
[    4.0s] [tool end] bash

[    4.0s] [turn_end]

[    4.0s] [turn_start]
[    4.9s] [thinking_start]
[   12.2s] [thinking_end] 1536 chars: Now I can see the structure. Let me understand the layering order:

1. Lines 121-135: Background chair (left) - wrought-iron style
2. Lines 136-146: Background chair (right) - wrought-iron style
3. Lines 147-153: Second table (background ri...

[   13.0s] [tool start] read {'path': 'generate_artifact.py', 'offset': '118', 'limit': '80'}
[   13.0s] [tool end] read

[   13.0s] [turn_end]

[   13.0s] [turn_start]
[   14.1s] [thinking_start]
[   27.5s] [thinking_end] 2915 chars: Now I can see the issue clearly. The robot legs are at `translate(350, 320)` and the main table is at `translate(300, 370)`. 

The robot legs go from y=320 to y=395 (320+75 for the foot). The table top is at y=370 (300+370... wait, the tran...

[   28.3s] [tool start] read {'path': 'generate_artifact.py', 'offset': '325', 'limit': '30'}
[   28.3s] [tool end] read

[   28.3s] [turn_end]

[   28.3s] [turn_start]
[   29.1s] [thinking_start]
[   47.0s] [thinking_end] 3762 chars: Now I can see the full picture. Let me understand the issues:

1. **Layering**: The robot legs are at lines ~154-174, and the main table is at lines ~175-188. The table IS after the legs, so it should render on top. But maybe the issue is t...

[   47.9s] [tool start] read {'path': 'generate_artifact.py', 'limit': '60', 'offset': '1'}
[   47.9s] [tool end] read

[   47.9s] [turn_end]

[   47.9s] [turn_start]
[   48.9s] [thinking_start]
[   49.5s] [thinking_end] 148 chars: Now let me see the full SVG structure to understand the layering. Let me read from line 61 onwards to see the background and the rest of the scene.

[   50.3s] [tool start] read {'path': 'generate_artifact.py', 'offset': '61', 'limit': '60'}
[   50.3s] [tool end] read

[   50.3s] [turn_end]

[   50.3s] [turn_start]
[   51.2s] [thinking_start]
[   79.4s] [thinking_end] 5545 chars: Now I have a clear picture of the SVG structure. Let me analyze the layering:

1. Background wall (line ~73)
2. Wainscoting (line ~76-78)
3. Window (line ~81)
4. Wall decor (lines ~90-103)
5. Floor (line ~106)
6. Background chairs (lines ~1...

[   80.3s] [tool start] read {'path': 'generate_artifact.py', 'offset': '206', 'limit': '130'}
[   80.3s] [tool end] read

[   80.3s] [turn_end]

[   80.3s] [turn_start]
[   82.2s] [thinking_start]
