# pi activity log for iter 1, attempt 0
# prompt_chars=2793


[    0.5s] [agent_start]

[    0.5s] [turn_start]
[    4.0s] [thinking_start]
[    5.6s] [thinking_end] 217 chars: Let me start by understanding the current state of the workspace. I need to find and read `generate_artifact.py` to understand the current implementation, then modify it to fix the legs/pedals connection and posture.

[    6.2s] [tool start] bash {'command': 'ls -la'}
[    6.2s] [tool end] bash

[    6.2s] [turn_end]

[    6.2s] [turn_start]
[    6.7s] [thinking_start]
[    7.4s] [thinking_end] 81 chars: Let me read the current `generate_artifact.py` to understand the implementation.

[    8.0s] [tool start] read {'path': 'generate_artifact.py'}
[    8.0s] [tool end] read

[    8.0s] [turn_end]

[    8.0s] [turn_start]
[   11.8s] [thinking_start]
[   51.3s] [thinking_end] 4329 chars: Let me analyze the current SVG and identify issues:

1. **Legs & Pedals:** The legs are drawn but let me check if they connect properly. The left leg goes from body (195, 120) to pedal (215, 218). The right leg goes from (180, 120) to pedal...
[   51.3s] [text_start]
[   52.0s] [text_end] 77 chars: Now let me check the current SVG rendering to understand the visual issues:

[   52.8s] [tool start] bash {'command': 'python3 generate_artifact.py'}
[   52.8s] [tool end] bash

[   52.8s] [turn_end]

[   52.8s] [turn_start]
[   53.1s] [thinking_start]
[   53.7s] [thinking_end] 58 chars: Let me look at the SVG to see the current state visually.

[   54.3s] [tool start] read {'path': 'artifact.svg'}
[   54.3s] [tool end] read

[   54.3s] [turn_end]

[   54.3s] [turn_start]
[   58.0s] [thinking_start]
[  107.8s] [thinking_end] 4735 chars: Now I can see the issues clearly:

1. **Legs & Pedals:** 
   - Left pedal rect is at x=208, y=216, width=14, height=5. Center is (215, 218.5). The left foot ellipse is at (215, 220) - slightly below the pedal.
   - Right pedal rect is at x=...
[  107.9s] [text_start]
[  108.8s] [text_end] 113 chars: Now I can see the issues clearly. Let me fix the legs/pedals alignment and improve the forward-leaning posture:

[  203.4s] [tool start] edit {'path': 'generate_artifact.py', 'edits': '[{\'oldText\': \'    # === PELICAN ===\\n    # Body (large, over the seat, leaning forward)\\n    lines.append(\\\'  <ellipse cx="185" cy="95" rx="38" ry="30" fill="#f5f0e0" stroke="#333" stroke-width="2"/>\\\')\\n\\n    # Wing (folded on body)\\n    lines.append(\\\'  <path d="M 155 85 Q 170 70 195 80 Q 200 95 185 105 Q 165 100 155 85 Z" fill="#e8dcc8" stroke="#333" stroke-width="1.5"/>\\\')\\n\\n    # Tail feathers\\n    lines.append(\\\'  <path d="M 148 100 L 125 110 L 130 118 L 148 108 Z" fill="#d4c8b0" stroke="...'}
[  203.5s] [tool end] edit

[  203.5s] [turn_end]

[  203.5s] [turn_start]
[  203.7s] [thinking_start]
[  204.4s] [thinking_end] 55 chars: Now let me run the script to generate the updated SVG.

[  205.1s] [tool start] bash {'command': 'python3 generate_artifact.py'}
[  205.2s] [tool end] bash

[  205.2s] [turn_end]

[  205.2s] [turn_start]
[  205.4s] [thinking_start]
[  206.0s] [thinking_end] 36 chars: Let me verify the SVG is valid XML.

[  207.3s] [tool start] bash {'command': 'python3 -c "import xml.etree.ElementTree as ET; ET.parse(\'artifact.svg\'); print(\'Valid XML\')"'}
[  207.4s] [tool end] bash

[  207.4s] [turn_end]

[  207.4s] [turn_start]
[  207.7s] [thinking_start]
[  208.6s] [thinking_end] 109 chars: The SVG is valid XML. Let me verify the key changes by checking the generated SVG for the critical elements.

[  210.4s] [tool start] bash {'command': 'grep -n "pelican\\|LEG\\|foot\\|Body\\|Neck\\|beak\\|pouch\\|WING\\|wing" generate_artifact.py'}
[  210.4s] [tool end] bash

[  210.4s] [turn_end]

[  210.4s] [turn_start]
[  210.9s] [thinking_start]
[  212.1s] [thinking_end] 129 chars: Good. Let me verify the key coordinates in the generated SVG to make sure the feet are on the pedals and the posture is correct.

[  214.0s] [tool start] bash {'command': 'grep -E "(ellipse.*215|ellipse.*185|path.*215|path.*185|rect.*208|rect.*178)" artifact.svg'}
[  214.0s] [tool end] bash

[  214.0s] [turn_end]

[  214.0s] [turn_start]
[  214.6s] [thinking_start]
[  224.7s] [thinking_end] 813 chars: Let me verify the pedal centers:
- Pedal 1: rect at x=208, y=216, width=14, height=5. Center = (208+7, 216+2.5) = (215, 218.5). Foot at (215, 219) - very close, essentially on the pedal.
- Pedal 2: rect at x=178, y=178, width=14, height=5....
[  224.7s] [text_start]
[  232.2s] [text_end] 782 chars: The feet are now centered on the pedals:
- **Left pedal** center: (215, 218.5) → **Left foot** at (215, 219) ✓
- **Right pedal** center: (185, 180.5) → **Right foot** at (185, 181) ✓

Key changes made to `generate_artifact.py`:

1. **Legs &...

[  232.2s] [turn_end]

[  232.2s] [agent_end]
