# pi activity log for iter 0, attempt 0
# prompt_chars=15907


[    1.0s] [agent_start]

[    1.0s] [turn_start]
[    3.3s] [thinking_start]
[    3.9s] [thinking_end] 254 chars: The user wants me to create a `generate_artifact.py` script that programmatically generates an SVG of a mechanical pocket watch based on the authoritative spec, then run it to produce `artifact.svg`. Let me first check what files exist in t...

[    4.3s] [tool start] bash {'command': 'ls -la /src/theloop/runs/20260430-225124-watch-spec/workspace/'}
[    4.3s] [tool end] bash

[    4.3s] [turn_end]

[    4.3s] [turn_start]
[    4.6s] [thinking_start]
[    4.8s] [thinking_end] 68 chars: Let me check the existing files to understand what's already there.

[    5.0s] [tool start] read {'path': 'generate_artifact.py'}
[    5.0s] [tool end] read

[    5.0s] [turn_end]

[    5.0s] [turn_start]
[    5.3s] [thinking_start]
[    5.7s] [thinking_end] 173 chars: Now I need to write a comprehensive `generate_artifact.py` that builds the full pocket watch SVG programmatically, matching the authoritative spec. Let me write the script.

[   39.9s] [tool start] write {'path': 'generate_artifact.py', 'content': '<9378 chars>'}
[   39.9s] [tool end] write

[   39.9s] [turn_end]

[   39.9s] [turn_start]
[   40.1s] [thinking_start]
[   40.3s] [thinking_end] 49 chars: Now let me run the script and verify the output.

[   40.5s] [tool start] bash {'command': 'python generate_artifact.py'}
[   40.6s] [tool end] bash

[   40.6s] [turn_end]

[   40.6s] [turn_start]
[   40.8s] [thinking_start]
[   41.1s] [thinking_end] 100 chars: Good, the script ran successfully. Now let me verify the output contains all the required elements.

[   42.7s] [tool start] bash {'command': 'grep -c \'id="chain"\' artifact.svg && grep -c \'id="crown"\' artifact.svg && grep -c \'id="case"\' artifact.svg && grep -c \'id="dial"\' artifact.svg && grep -c \'id="minute-ticks"\' artifact.svg && grep -c \'id="hour-markers"\' artifact.svg && grep -c \'id="roman-numerals"\' artifact.svg && grep -c \'id="power-reserve"\' artifact.svg && grep -c \'id="small-seconds"\' artifact.svg && grep -c \'id="hour-hand"\' artifact.svg && grep -c \'id="minute-hand"\' artifact.svg && grep -c \'id="second-hand"\' artifact.svg && gre...'}
[   42.7s] [tool end] bash

[   42.7s] [turn_end]

[   42.7s] [turn_start]
[   42.9s] [thinking_start]
[   43.2s] [thinking_end] 103 chars: All key elements are present. Let me also verify the SVG is valid XML and check the minute tick count.

[   43.6s] [tool start] bash {'command': 'python -c "import xml.etree.ElementTree as ET; ET.parse(\'artifact.svg\'); print(\'Valid XML\')"'}
[   43.6s] [tool end] bash

[   43.6s] [turn_end]

[   43.6s] [turn_start]
[   43.8s] [thinking_start]
[   44.1s] [thinking_end] 110 chars: The SVG is valid XML. Let me also verify the minute ticks count (should be 60) and hour ticks (should be 12).

[   44.6s] [tool start] bash {'command': 'grep -c \'id="minute-ticks"\' -A 62 artifact.svg | head -1 && grep -c \'transform="rotate(\' artifact.svg'}
[   44.6s] [tool end] bash

[   44.6s] [turn_end]

[   44.6s] [turn_start]
[   44.8s] [thinking_start]
[   45.4s] [thinking_end] 195 chars: Let me count more precisely: 60 minute ticks + 12 hour ticks + 4 small seconds ticks + 1 small seconds hand rotation = 77, plus some other rotations... Let me just verify the counts are correct.

[   49.2s] [tool start] bash {'command': 'python -c "\nwith open(\'artifact.svg\') as f:\n    content = f.read()\n# Count minute tick lines\nmin_ticks = content.count(\'id=\\"minute-ticks\\"\')\n# Count lines within minute-ticks group\nimport re\nmin_lines = len(re.findall(r\'minute-ticks.*?rotate\\(\\d+\', content, re.DOTALL))\n# Actually just count the minute tick lines directly\nlines = content.split(\'\\n\')\nin_min = False\ncount = 0\nfor l in lines:\n    if \'id=\\"minute-ticks\\"\' in l:\n        in_min = True\n        continue\n    if in_min and \'</g>\' in l:\n  ...'}
[   49.2s] [tool end] bash

[   49.2s] [turn_end]

[   49.2s] [turn_start]
[   49.4s] [thinking_start]
[   52.1s] [thinking_end] 790 chars: The minute ticks count is 59 instead of 60. This is because the first tick at 0 degrees is missing - the loop starts at 6 degrees. Let me check the spec again... The spec shows ticks starting from 6 degrees (the first line is `rotate(6 300...
[   52.1s] [text_start]
[   52.4s] [text_end] 88 chars: The minute ticks are 59 instead of 60 — the 0-degree tick is missing. Let me fix that:

[   53.2s] [tool start] edit {'path': 'generate_artifact.py', 'edits': "[{'oldText': '    for angle in range(6, 360, 6):', 'newText': '    for angle in range(0, 360, 6):'}]"}
[   53.2s] [tool end] edit

[   53.2s] [turn_end]

[   53.2s] [turn_start]
[   53.4s] [thinking_start]
[   53.6s] [thinking_end] 41 chars: Now let me re-run the script and verify.

[   55.1s] [tool start] bash {'command': 'python generate_artifact.py && python -c "\nwith open(\'artifact.svg\') as f:\n    content = f.read()\nlines = content.split(\'\\n\')\nin_min = False\ncount = 0\nfor l in lines:\n    if \'id=\\"minute-ticks\\"\' in l:\n        in_min = True\n        continue\n    if in_min and \'</g>\' in l:\n        break\n    if in_min and \'<line\' in l:\n        count += 1\nprint(f\'Minute ticks: {count}\')\nimport xml.etree.ElementTree as ET\nET.parse(\'artifact.svg\')\nprint(\'Valid XML\')\n"'}
[   55.2s] [tool end] bash

[   55.2s] [turn_end]

[   55.2s] [turn_start]
[   55.4s] [thinking_start]
[   55.7s] [thinking_end] 102 chars: All 60 minute ticks are now present, and the SVG is valid XML. Let me do a final comprehensive check.

[   59.3s] [tool start] bash {'command': 'python -c "\nimport xml.etree.ElementTree as ET\ntree = ET.parse(\'artifact.svg\')\nroot = tree.getroot()\n\n# Check all required groups exist\nrequired_ids = [\'chain\',\'crown\',\'case\',\'dial\',\'minute-ticks\',\'hour-markers\',\n                \'roman-numerals\',\'power-reserve\',\'small-seconds\',\n                \'hour-hand\',\'minute-hand\',\'second-hand\',\'movement\']\nns = {\'svg\': \'http://www.w3.org/2000/svg\'}\nfound = set()\nfor elem in root.iter():\n    tag = elem.tag.split(\'}\')[-1] if \'}\' in elem.tag else elem.tag\n    ...'}
[   59.4s] [tool end] bash

[   59.4s] [turn_end]

[   59.4s] [turn_start]
[   59.6s] [thinking_start]
[   59.7s] [thinking_end] 59 chars: All acceptance criteria are met. Let me provide a summary.
[   59.7s] [text_start]
[   62.6s] [text_end] 995 chars: All done. Here's the summary:

**`generate_artifact.py`** — Programmatically generates the full pocket watch SVG with:
- **Defs**: 3 gradients (brass, silver, dial) + drop shadow filter
- **Chain**: 5 brass links with curved paths at the to...

[   62.6s] [turn_end]

[   62.6s] [agent_end]
