# pi activity log for iter 2, attempt 0
# prompt_chars=3350


[    0.6s] [agent_start]

[    0.6s] [turn_start]
[    4.2s] [thinking_start]
[    5.2s] [thinking_end] 134 chars: Let me start by reading the current `generate_artifact.py` to understand the code structure and locate the feet and composition code.

[    5.8s] [tool start] read {'path': 'generate_artifact.py'}
[    5.8s] [tool end] read

[    5.8s] [turn_end]

[    5.8s] [turn_start]
[    9.6s] [thinking_start]
[   23.1s] [thinking_end] 1416 chars: Now I can see the issues:

1. **Feet are simple ellipses** - no webbing detail. Need to replace with proper webbed feet using polygons/paths.
2. **Composition** - The beak extends to x=328, and the viewbox is 400x300. Let me check for clipp...
[   23.1s] [text_start]
[   24.3s] [text_end] 134 chars: Now I can see the issues. The feet are simple ellipses with no webbing, and the composition could use more padding. Let me fix both.

[   65.5s] [tool start] edit {'path': 'generate_artifact.py', 'edits': '[{\'oldText\': \'    lines.append(\\\'<svg xmlns="http://www.w3.org/2000/svg" viewBox="0 0 400 300" width="400" height="300">\\\')\', \'newText\': \'    lines.append(\\\'<svg xmlns="http://www.w3.org/2000/svg" viewBox="-10 -5 460 310" width="450" height="305">\\\')\'}, {\'oldText\': \'    # Clean background\\n    lines.append(\\\'  <rect width="400" height="300" fill="#f0f4e8"/>\\\')\', \'newText\': \'    # Clean background\\n    lines.append(\\\'  <rect x="-10" y="-5" width="460" height="310" fill="#f0f4e8"/>\\\')\'}, {\'oldText...'}
[   65.5s] [tool end] edit

[   65.5s] [turn_end]

[   65.5s] [turn_start]
[   65.8s] [thinking_start]
[   66.4s] [thinking_end] 49 chars: Now let me run the script and verify the output.

[   68.0s] [tool start] bash {'command': 'cd /src/theloop/runs/20260501-114412-pelican-spec/workspace && python generate_artifact.py'}
[   68.0s] [tool end] bash

[   68.0s] [turn_end]

[   68.0s] [turn_start]
[   68.2s] [thinking_start]
[   69.0s] [thinking_end] 71 chars: Wait, I need to use relative paths. Let me re-run with relative paths.

[   69.7s] [tool start] bash {'command': 'python generate_artifact.py'}
[   69.7s] [tool end] bash

[   69.7s] [turn_end]

[   69.7s] [turn_start]
[   70.0s] [thinking_start]
[   70.7s] [thinking_end] 46 chars: Good. Now let me verify the SVG is valid XML.

[   72.3s] [tool start] bash {'command': 'xmllint --noout artifact.svg 2>&1 || python3 -c "import xml.etree.ElementTree as ET; ET.parse(\'artifact.svg\'); print(\'Valid XML\')"'}
[   72.4s] [tool end] bash

[   72.4s] [turn_end]

[   72.4s] [turn_start]
[   72.7s] [thinking_start]
[   73.3s] [thinking_end] 83 chars: Good, valid XML. Let me also check the SVG visually by reading the relevant parts.
[   73.3s] [text_start]
[   73.9s] [text_end] 56 chars: Valid XML. Let me verify the key changes look correct:

[   75.4s] [tool start] bash {'command': 'grep -n "webbed\\|Webbed\\|foot\\|Foot\\|viewBox\\|viewbox\\|stroke-linejoin" artifact.svg'}
[   75.4s] [tool end] bash

[   75.4s] [turn_end]

[   75.4s] [turn_start]
[   76.2s] [thinking_start]
[   78.7s] [thinking_end] 314 chars: The changes are in place:
1. Viewbox expanded to `-10 -5 460 310` for better padding
2. Both feet are now webbed polygons with 3 toes and webbing membrane
3. Toe lines added for detail
4. Feet positioned to grip the pedals

Let me also veri...
[   78.7s] [text_start]
[   83.7s] [text_end] 602 chars: All changes are in place:

1. **Webbed feet**: Both feet are now drawn as polygons with 3 distinct toes connected by webbing membrane, plus toe-separation lines for clarity. The left foot grips the lower pedal (pushing down), the right foot...

[   84.3s] [tool start] read {'path': 'artifact.svg'}
[   84.3s] [tool end] read

[   84.3s] [turn_end]

[   84.3s] [turn_start]
[   88.4s] [thinking_start]
[   90.8s] [thinking_end] 305 chars: The SVG looks good. Let me verify the key elements:

1. Webbed feet - both feet are now polygons with 3 toes and webbing, with toe separation lines
2. Viewbox expanded to give padding
3. All elements fit within the viewbox

The SVG is valid...
[   90.8s] [text_start]
[   97.2s] [text_end] 699 chars: The SVG is valid and all improvements are in place:

- **Webbed feet**: Both feet are now 7-point polygons forming 3 toes with webbing membrane between them, plus toe-separation lines for clarity. Left foot grips the lower pedal (pushing do...

[   97.2s] [turn_end]

[   97.2s] [agent_end]
