# pi activity log for iter 2, attempt 0
# prompt_chars=2946


[    0.6s] [agent_start]

[    0.6s] [turn_start]
[    4.2s] [thinking_start]
[    5.5s] [thinking_end] 187 chars: Let me start by reading the current `generate_artifact.py` to understand the existing SVG generation code, then make the necessary anatomical corrections to the capybara's head and body.

[    6.1s] [tool start] read {'path': 'generate_artifact.py'}
[    6.1s] [tool end] read

[    6.1s] [turn_end]

[    6.1s] [turn_start]
[   15.2s] [thinking_start]
[   19.5s] [thinking_end] 504 chars: Now I need to modify the capybara's head and body to be more anatomically correct:

1. **Head**: Make it wider, blunter, with a flatter top. Currently it's an ellipse with rx=95, ry=85. I need to reshape it to have a flatter top and wider/b...
[   19.5s] [text_start]
[   20.3s] [text_end] 75 chars: Now I'll make the anatomical corrections to the capybara's head and body.

[   38.5s] [tool start] edit {'path': 'generate_artifact.py', 'edits': '[{\'oldText\': \'    <!-- Main body - barrel shape sitting upright -->\\n    <ellipse cx="300" cy="480" rx="140" ry="170" fill="url(#furGrad)"/>\', \'newText\': \'    <!-- Main body - barrel shape sitting upright, wide and heavy-set -->\\n    <path d="M155,480 Q155,380 175,340 Q190,310 230,300 Q270,290 300,288 Q330,290 370,300 Q410,310 425,340 Q445,380 445,480 Q445,580 425,610 Q410,630 370,635 Q330,638 300,638 Q270,638 230,635 Q190,630 175,610 Q155,580 155,480 Z"\\n          fill="url(#furGrad)"/>\'}, {\'ol...'}
[   38.5s] [tool end] edit

[   38.5s] [turn_end]

[   38.5s] [turn_start]
[   38.7s] [thinking_start]
[   41.7s] [thinking_end] 391 chars: Now I need to adjust the ears and facial features to match the wider, flatter head. The ears are currently at cx=220 and cx=380, which should work with the wider head. But let me also adjust the snout to be wider and blunter, and reposition...
[   41.7s] [text_start]
[   42.5s] [text_end] 82 chars: Now let me widen the snout and adjust facial features to match the broader head:

[  141.1s] [tool start] edit {'path': 'generate_artifact.py', 'edits': '[{\'oldText\': \'    <!-- Snout - blunt, wide -->\\n    <ellipse cx="300" cy="285" rx="55" ry="35" fill="#B8895E"/>\\n    <!-- Snout highlight -->\\n    <ellipse cx="300" cy="280" rx="40" ry="22" fill="#C4956A" opacity="0.5"/>\', \'newText\': \'    <!-- Snout - very wide and blunt, characteristic capybara muzzle -->\\n    <ellipse cx="300" cy="290" rx="65" ry="38" fill="#B8895E"/>\\n    <!-- Snout highlight -->\\n    <ellipse cx="300" cy="284" rx="48" ry="24" fill="#C4956A" opacity="0.5"/>\'}, {\'oldText\': \'  ...'}
[  141.1s] [tool end] edit

[  141.1s] [turn_end]

[  141.1s] [turn_start]
[  141.3s] [thinking_start]
[  142.3s] [thinking_end] 124 chars: Now let me also adjust the kimono to match the wider body. The kimono's top edge should be wider to cover the broader body.
[  142.3s] [text_start]
[  142.9s] [text_end] 48 chars: Now adjust the kimono to cover the wider body:

[  156.9s] [tool start] edit {'path': 'generate_artifact.py', 'edits': '[{\'oldText\': \'    <!-- Kimono main body draped over capybara -->\\n    <path d="M180,340 Q170,380 165,420 Q160,480 170,540 Q175,580 190,610\\n             L410,610 Q425,580 430,540 Q440,480 435,420 Q430,380 420,340\\n             Q380,320 340,310 Q300,300 260,310 Q220,320 180,340 Z"\\n          fill="url(#kimonoGrad)"/>\', \'newText\': \'    <!-- Kimono main body draped over capybara, wider to match barrel body -->\\n    <path d="M160,340 Q150,380 145,420 Q140,480 150,540 Q155,580 170,610\\n             L...'}
[  156.9s] [tool end] edit

[  156.9s] [turn_end]

[  156.9s] [turn_start]
[  157.2s] [thinking_start]
[  158.0s] [thinking_end] 66 chars: Now let me also adjust the kimono collar to match the wider body.

[  169.8s] [tool start] edit {'path': 'generate_artifact.py', 'edits': '[{\'oldText\': \'    <!-- Kimono collar (traditional V-neck / eri) -->\\n    <path d="M260,310 Q270,330 275,360 Q280,390 285,420\\n             L315,420 Q320,390 325,360 Q330,330 340,310\\n             Q310,300 300,295 Q290,300 260,310 Z"\\n          fill="url(#collarGrad)" stroke="#0D1B2A" stroke-width="1.5"/>\', \'newText\': \'    <!-- Kimono collar (traditional V-neck / eri), wider -->\\n    <path d="M240,310 Q250,330 255,360 Q260,390 265,420\\n             L335,420 Q340,390 345,360 Q350,330 360,310\\n    ...'}
[  169.8s] [tool end] edit

[  169.8s] [turn_end]

[  169.8s] [turn_start]
[  170.1s] [thinking_start]
[  171.1s] [thinking_end] 77 chars: Now let me also adjust the obi (sash) to be wider to match the broader body.

[  182.8s] [tool start] edit {'path': 'generate_artifact.py', 'edits': '[{\'oldText\': \'    <!-- Obi (sash) around waist -->\\n    <path d="M175,460 Q200,450 250,448 Q300,445 350,448 Q400,450 425,460\\n             L428,490 Q400,480 350,478 Q300,475 250,478 Q200,480 172,490 Z"\\n          fill="url(#obiGrad)" stroke="#B8860B" stroke-width="1.5"/>\', \'newText\': \'    <!-- Obi (sash) around waist, wider to match barrel body -->\\n    <path d="M155,460 Q180,450 230,448 Q300,445 370,448 Q420,450 445,460\\n             L448,490 Q420,480 370,478 Q300,475 230,478 Q180,480 152,490 Z...'}
[  182.8s] [tool end] edit

[  182.8s] [turn_end]

[  182.8s] [turn_start]
[  183.1s] [thinking_start]
[  184.0s] [thinking_end] 90 chars: Now let me also adjust the kimono collar inner edge highlights to match the wider collar.

[  195.3s] [tool start] edit {'path': 'generate_artifact.py', 'edits': '[{\'oldText\': \'    <!-- Collar inner edge highlight -->\\n    <path d="M265,315 Q273,333 278,360 Q282,388 287,415"\\n          fill="none" stroke="#2C3E6B" stroke-width="1" opacity="0.6"/>\\n    <path d="M335,315 Q327,333 322,360 Q318,388 313,415"\\n          fill="none" stroke="#2C3E6B" stroke-width="1" opacity="0.6"/>\', \'newText\': \'    <!-- Collar inner edge highlight -->\\n    <path d="M245,315 Q253,333 258,360 Q262,388 267,415"\\n          fill="none" stroke="#2C3E6B" stroke-width="1" opacity="0.6"...'}
[  195.3s] [tool end] edit

[  195.3s] [turn_end]

[  195.3s] [turn_start]
[  195.6s] [thinking_start]
[  196.5s] [thinking_end] 81 chars: Now let me also adjust the kimono sleeves to be wider to match the broader body.

[  219.7s] [tool start] edit {'path': 'generate_artifact.py', 'edits': '[{\'oldText\': \'    <!-- Left sleeve -->\\n    <path d="M180,340 Q140,350 110,380 Q90,410 95,450\\n             Q100,480 120,490 Q140,500 165,490\\n             Q180,480 190,460 Q195,440 190,420\\n             Q185,400 180,380 Z"\\n          fill="url(#kimonoGrad)" stroke="#5C1010" stroke-width="1.5"/>\', \'newText\': \'    <!-- Left sleeve, wider attachment for broader body -->\\n    <path d="M160,340 Q120,350 90,380 Q70,410 75,450\\n             Q80,480 100,490 Q120,500 145,490\\n             Q160,480 170,4...'}
[  219.7s] [tool end] edit

[  219.7s] [turn_end]

[  219.7s] [turn_start]
[  220.0s] [thinking_start]
[  221.0s] [thinking_end] 89 chars: Now let me also adjust the front paws to match the wider body and the kimono fold lines.

[  243.3s] [tool start] edit {'path': 'generate_artifact.py', 'edits': '[{\'oldText\': \'    <!-- Kimono fabric folds -->\\n    <g stroke="#5C1010" stroke-width="2" fill="none" opacity="0.4">\\n      <path d="M200,380 Q195,440 200,500 Q205,540 210,580"/>\\n      <path d="M230,360 Q225,420 230,480 Q235,530 240,570"/>\\n      <path d="M260,345 Q255,410 260,470 Q265,520 270,560"/>\\n      <path d="M340,345 Q345,410 340,470 Q335,520 330,560"/>\\n      <path d="M370,360 Q375,420 370,480 Q365,530 360,570"/>\\n      <path d="M400,380 Q405,440 400,500 Q395,540 390,580"/>\\n    </g>\', ...'}
[  243.3s] [tool end] edit

[  243.3s] [turn_end]

[  243.3s] [turn_start]
[  243.9s] [thinking_start]
[  244.8s] [thinking_end] 80 chars: Now let me also adjust the front paws to reach from the wider body to the bowl.

[  279.3s] [tool start] edit {'path': 'generate_artifact.py', 'edits': '[{\'oldText\': \'    <!-- Left paw reaching to bowl -->\\n    <path d="M190,420 Q180,400 175,380 Q170,365 175,355\\n             Q180,345 195,340 Q210,335 225,340\\n             Q240,345 250,355 Q255,365 250,375\\n             Q240,385 225,385 Q210,385 200,375\\n             Q195,365 195,355 Q195,365 200,375\\n             Q210,390 220,400 Q230,410 235,420 Z"\\n          fill="#A0784C" stroke="#8B6540" stroke-width="1.5"/>\', \'newText\': \'    <!-- Left paw reaching to bowl from wider body -->\\n    <path d="...'}
[  279.3s] [tool end] edit

[  279.3s] [turn_end]

[  279.3s] [turn_start]
[  279.6s] [thinking_start]
[  280.0s] [thinking_end] 52 chars: Now let me run the generator and verify the output.
[  280.0s] [text_start]
[  280.5s] [text_end] 35 chars: Now run the generator and verify:

[  282.2s] [tool start] bash {'command': 'cd /src/theloop/runs/20260501-125706-capybara/workspace && python generate_artifact.py'}
[  282.2s] [tool end] bash

[  282.2s] [turn_end]

[  282.2s] [turn_start]
[  282.5s] [thinking_start]
[  283.4s] [thinking_end] 83 chars: Now let me verify the SVG is valid XML and check that the key changes are present.

[  286.7s] [tool start] bash {'command': 'cd /src/theloop/runs/20260501-125706-capybara/workspace && python -c "import xml.etree.ElementTree as ET; ET.parse(\'artifact.svg\'); print(\'Valid XML\')" && grep -c "flat-topped capybara head" artifact.svg && grep -c "barrel shape sitting upright, wide and heavy-set" artifact.svg'}
[  286.8s] [tool end] bash

[  286.8s] [turn_end]

[  286.8s] [turn_start]
[  287.1s] [thinking_start]
[  288.3s] [thinking_end] 141 chars: The SVG is valid XML and contains the updated head and body shapes. Let me also verify the key anatomical changes are in the generated file.

[  291.1s] [tool start] bash {'command': 'cd /src/theloop/runs/20260501-125706-capybara/workspace && grep "M205,260" artifact.svg && grep "M155,480" artifact.svg && grep "rx=\\"65\\" ry=\\"38\\"" artifact.svg'}
[  291.2s] [tool end] bash

[  291.2s] [turn_end]

[  291.2s] [turn_start]
[  292.1s] [thinking_start]
[  303.7s] [thinking_end] 1200 chars: All changes are confirmed in the generated SVG. Let me summarize what was done:

1. **Head**: Changed from an ellipse (rx=95, ry=85) to a custom path with a flat top (y=175-178 range is nearly flat), wider profile (x from 205 to 395 = 190px...
[  303.7s] [text_start]
[  313.7s] [text_end] 1039 chars: All changes verified. Here's a summary of the anatomical corrections:

**Head** — Replaced the rounded ellipse with a custom path:
- **Flat top**: y-coordinates at the crown are nearly level (175–178), giving the characteristic flat-topped...

[  313.7s] [turn_end]

[  313.7s] [agent_end]
