# pi activity log for iter 0, attempt 0
# prompt_chars=2702


[    1.0s] [agent_start]

[    1.0s] [turn_start]
[    4.3s] [thinking_start]
[    6.0s] [thinking_end] 232 chars: The user wants me to create a Python script that generates an SVG of a Victorian-era robot reading a newspaper in a cafe. Let me write the `generate_artifact.py` script and then run it.

Let me start by writing the script directly.

[  326.0s] [tool start] write {'path': 'generate_artifact.py', 'content': '<24510 chars>'}
[  326.0s] [tool end] write

[  326.0s] [turn_end]

[  326.0s] [turn_start]
[  326.3s] [thinking_start]
[  326.9s] [thinking_end] 49 chars: Now let me run the script and verify the output.

[  328.5s] [tool start] bash {'command': 'cd /src/theloop/runs/20260501-110917-robot/workspace && python generate_artifact.py'}
[  328.5s] [tool end] bash

[  328.5s] [turn_end]

[  328.5s] [turn_start]
[  328.8s] [thinking_start]
[  329.3s] [thinking_end] 30 chars: Now let me verify the output.

[  331.0s] [tool start] bash {'command': 'ls -la artifact.svg && echo "---" && grep -c "<svg" artifact.svg && grep -c "</svg>" artifact.svg && echo "---" && wc -c artifact.svg'}
[  331.0s] [tool end] bash

[  331.0s] [turn_end]

[  331.0s] [turn_start]
[  331.3s] [thinking_start]
[  332.2s] [thinking_end] 90 chars: The SVG was generated successfully. Let me also view it to make sure it looks reasonable.

[  333.1s] [tool start] read {'path': 'artifact.svg', 'limit': '10'}
[  333.2s] [tool end] read

[  333.2s] [turn_end]

[  333.2s] [turn_start]
[  333.7s] [thinking_start]
[  334.6s] [thinking_end] 76 chars: The SVG file is generated correctly. Let me verify the end of the file too.

[  335.3s] [tool start] bash {'command': 'tail -3 artifact.svg'}
[  335.3s] [tool end] bash

[  335.3s] [turn_end]

[  335.3s] [turn_start]
[  335.6s] [thinking_start]
[  336.3s] [thinking_end] 99 chars: The SVG is properly formed with opening and closing tags. Let me also render it to check visually.
[  336.3s] [text_start]
[  344.0s] [text_end] 955 chars: All checks pass:

- **`artifact.svg`** exists (28,729 bytes)
- **`<svg`** tag: 1 match (opening)
- **`</svg>`** tag: 1 match (closing)
- **No console errors** during generation

The SVG scene includes:
1. **Victorian-era robot** — brass/cop...

[  344.0s] [turn_end]

[  344.0s] [agent_end]
