# pi activity log for iter 1
# prompt_chars=5313


[    1.1s] [agent_start]

[    1.1s] [turn_start]
[    2.6s] [thinking_start]
[    2.8s] [thinking_end] 71 chars: Let me start by reading the current files to understand the structure.

[    3.0s] [tool start] read {'path': 'generate_artifact.py'}
[    3.0s] [tool end] read

[    3.0s] [turn_end]

[    3.0s] [turn_start]
[    5.2s] [thinking_start]
[    5.5s] [thinking_end] 70 chars: Now let me also look at the current artifact.svg to see what's there:

[    5.7s] [tool start] read {'path': 'artifact.svg'}
[    5.7s] [tool end] read

[    5.7s] [turn_end]

[    5.7s] [turn_start]
[    9.7s] [thinking_start]
[  180.5s] [thinking_end] 39219 chars: Now I understand the current state. Let me analyze the issues:

1. **Minute ticks**: The `svg_point` function uses standard math angles (0=East, CCW), but the loop iterates with `angle = i * 6` as if it's clockwise from 12h. This is wrong -...

[  180.5s] [turn_end]

[  180.5s] [agent_end]
