# pi activity log for iter 3, attempt 1
# prompt_chars=3884


[    0.5s] [agent_start]

[    0.5s] [turn_start]
[    3.4s] [thinking_start]
[    4.4s] [thinking_end] 115 chars: Let me locate the relevant parts of `generate_artifact.py` to make the needed changes for the reading posture fix.

[    6.7s] [tool start] bash {'command': 'grep -n "head\\|Head\\|HEAD\\|torso\\|Torso\\|newspaper\\|Newspaper\\|arm\\|Arm\\|eye\\|Eye\\|pupil\\|rotate" generate_artifact.py | head -80'}
[    6.7s] [tool end] bash

[    6.7s] [turn_end]

[    6.7s] [turn_start]
[    7.8s] [thinking_start]
[    8.5s] [thinking_end] 83 chars: Let me read the relevant sections of the file to understand the current structure.

[    9.9s] [tool start] read {'path': 'generate_artifact.py', 'offset': '240', 'limit': '160'}
[    9.9s] [tool end] read

[    9.9s] [turn_end]

[    9.9s] [turn_start]
[   15.0s] [thinking_start]
[   18.7s] [thinking_end] 432 chars: Now I have a clear picture. Let me make the edits:

1. **Head rotation**: Change `rotate(18)` to `rotate(35)` for more downward tilt
2. **Eye gaze**: Shift pupils further down and add eyelids
3. **Torso lean**: Add a forward lean rotation t...

[   19.8s] [tool start] read {'path': 'generate_artifact.py', 'offset': '400'}
