# pi activity log for iter 0, attempt 0
# prompt_chars=2423


[    1.1s] [agent_start]

[    1.1s] [turn_start]
[    4.4s] [thinking_start]
[    5.5s] [thinking_end] 145 chars: The user wants me to create a Python script that generates an SVG of a flamingo knitting a colorful sweater. Let me write the script and run it.

[  110.2s] [tool start] write {'path': 'generate_artifact.py', 'content': '<6829 chars>'}
[  110.2s] [tool end] write

[  110.2s] [turn_end]

[  110.2s] [turn_start]
[  110.5s] [thinking_start]
[  111.1s] [thinking_end] 49 chars: Now let me run the script and verify the output.

[  111.8s] [tool start] bash {'command': 'python generate_artifact.py'}
[  111.8s] [tool end] bash

[  111.8s] [turn_end]

[  111.8s] [turn_start]
[  112.0s] [thinking_start]
[  112.7s] [thinking_end] 51 chars: Now let me verify the SVG exists and is valid XML.

[  115.3s] [tool start] bash {'command': 'python -c "\nimport xml.etree.ElementTree as ET\ntree = ET.parse(\'artifact.svg\')\nroot = tree.getroot()\nprint(f\'Valid XML: root tag = {root.tag}\')\nprint(f\'File size: {__import__(\\"os\\").path.getsize(\\"artifact.svg\\")} bytes\')\n"'}
[  115.4s] [tool end] bash

[  115.4s] [turn_end]

[  115.4s] [turn_start]
[  115.6s] [thinking_start]
[  116.5s] [thinking_end] 83 chars: The SVG is valid XML and non-empty. Let me also view it to confirm it looks right.

[  117.0s] [tool start] read {'path': 'artifact.svg'}
[  117.0s] [tool end] read

[  117.0s] [turn_end]

[  117.0s] [turn_start]
[  121.6s] [thinking_start]
[  127.4s] [thinking_end] 633 chars: All acceptance criteria are met:

1. `artifact.svg` is valid XML (verified with `xml.etree.ElementTree`)
2. The flamingo is pink (`#FF69B4`) with a curved neck (quadratic bezier path) and long legs (lines from body to ground)
3. Knitting ne...
[  127.4s] [text_start]
[  132.4s] [text_end] 597 chars: All acceptance criteria met:

- **Valid XML**: Parsed successfully with `xml.etree.ElementTree` (6,609 bytes)
- **Pink flamingo**: Body, neck, head, and legs all use `#FF69B4` with `#FF85C8` highlights
- **Curved neck**: Quadratic bezier pa...

[  132.4s] [turn_end]

[  132.5s] [agent_end]
