# pi activity log for iter 0
# prompt_chars=5181


[    1.1s] [agent_start]

[    1.1s] [turn_start]
[    2.6s] [thinking_start]
[    3.3s] [thinking_end] 274 chars: The user wants me to create a detailed SVG of a mechanical pocket watch. Let me first check if artifact.svg already exists, then create a comprehensive one with all the specified components.

Let me start by checking what's in the workspace...

[    4.0s] [tool start] bash {'command': 'ls -la /src/theloop/runs/20260430-222458-watch-spec/workspace/ 2>/dev/null; echo "---"; cat /src/theloop/runs/20260430-222458-watch-spec/workspace/artifact.svg 2>/dev/null | head -5 || echo "No artifact.svg found"'}
[    4.0s] [tool end] bash

[    4.0s] [turn_end]

[    4.0s] [turn_start]
[    4.4s] [thinking_start]
[   22.4s] [thinking_end] 5922 chars: The existing artifact.svg is a placeholder. I need to create a detailed, realistic mechanical pocket watch SVG. Let me craft this carefully with all the required components:

1. ViewBox: 0 0 600 600
2. Center at (300, 300)
3. Case: radius ~...
[   22.4s] [text_start]
[   22.7s] [text_end] 126 chars: The existing `artifact.svg` is a placeholder. Let me create the full detailed pocket watch SVG with all required components.

[   39.2s] [tool start] write {'path': 'artifact.svg', 'content': '<4846 chars>'}
[   39.2s] [tool end] write

[   39.2s] [turn_end]

[   39.2s] [turn_start]
[   39.4s] [thinking_start]
[   39.8s] [thinking_end] 206 chars: The file was truncated because my content string was incomplete (I cut it off mid-tag). Let me write the complete SVG as a single proper write. I need to be more careful and write the entire thing at once.
[   39.8s] [text_start]
[   40.0s] [text_end] 42 chars: Let me write the complete SVG in one go:

[   75.2s] [tool start] write {'path': 'artifact.svg', 'content': '<9939 chars>'}
[   75.2s] [tool end] write

[   75.2s] [turn_end]

[   75.2s] [turn_start]
[   75.4s] [thinking_start]
[   77.1s] [thinking_end] 920 chars: The file is getting truncated because my content is too long for a single write. I need to be more careful about the content size or split it differently. Let me write the complete SVG, but make sure it's all in one write call. The issue is...
[   77.1s] [text_start]
[   77.3s] [text_end] 61 chars: The file is incomplete. Let me write the full SVG properly:

[  111.9s] [tool start] write {'path': 'artifact.svg', 'content': '<8299 chars>'}
[  111.9s] [tool end] write

[  111.9s] [turn_end]

[  111.9s] [turn_start]
[  112.1s] [thinking_start]
[  113.3s] [thinking_end] 636 chars: My content keeps getting truncated. The write seems to be cutting off at around 8KB-10KB. I need to split my approach differently. Let me write the SVG in a more compact way, using fewer elements and being more concise. Or perhaps I should...
[  113.3s] [text_start]
[  113.6s] [text_end] 94 chars: The content is too large for a single write. Let me use a Python script to generate the SVG:
