# pi activity log for iter 0, attempt 0
# prompt_chars=3310


[    1.0s] [agent_start]

[    1.0s] [turn_start]
[    4.7s] [thinking_start]
[   11.3s] [thinking_end] 758 chars: The user wants me to create a Python script that generates an SVG of a pelican riding a bicycle. Let me:

1. Create `generate_artifact.py` that produces the SVG
2. Run it to generate `artifact.svg`
3. Verify the output

Let me design the SV...

[  127.0s] [tool start] write {'path': 'generate_artifact.py', 'content': '<9285 chars>'}
[  127.0s] [tool end] write

[  127.0s] [turn_end]

[  127.0s] [turn_start]
[  127.3s] [thinking_start]
[  128.7s] [thinking_end] 193 chars: The script has a bug in the spoke generation - I used a weird approach with `rad.__class__(0).__new__(float, ...)`. Let me fix that and use proper math. Let me rewrite the script more cleanly.
[  128.7s] [text_start]
[  129.4s] [text_end] 65 chars: The spoke generation has a bug. Let me fix the script properly:

[  219.6s] [tool start] write {'path': 'generate_artifact.py', 'content': '<6932 chars>'}
[  219.6s] [tool end] write

[  219.6s] [turn_end]

[  219.6s] [turn_start]
[  223.8s] [thinking_start]
[  224.4s] [thinking_end] 41 chars: Now let me run it and verify the output.

[  225.1s] [tool start] bash {'command': 'python generate_artifact.py'}
[  225.1s] [tool end] bash

[  225.1s] [turn_end]

[  225.1s] [turn_start]
[  225.3s] [thinking_start]
[  226.0s] [thinking_end] 57 chars: Let me verify the SVG is valid XML and check the output.

[  227.2s] [tool start] bash {'command': 'python -c "import xml.etree.ElementTree as ET; ET.parse(\'artifact.svg\'); print(\'Valid XML\')"'}
[  227.3s] [tool end] bash

[  227.3s] [turn_end]

[  227.3s] [turn_start]
[  227.5s] [thinking_start]
[  228.4s] [thinking_end] 84 chars: The SVG is valid XML. Let me also check the file exists and has reasonable content.

[  229.6s] [tool start] bash {'command': 'wc -l artifact.svg && head -3 artifact.svg && echo "---" && tail -3 artifact.svg'}
[  229.6s] [tool end] bash

[  229.6s] [turn_end]

[  229.6s] [turn_start]
[  230.1s] [thinking_start]
[  231.2s] [thinking_end] 129 chars: The SVG is generated and valid. Let me also visually inspect it by reading the file to make sure all the key elements are there.

[  231.8s] [tool start] read {'path': 'artifact.svg'}
[  231.8s] [tool end] read

[  231.8s] [turn_end]

[  231.8s] [turn_start]
[  235.6s] [thinking_start]
[  243.2s] [thinking_end] 757 chars: The SVG is complete and valid. Let me verify all acceptance criteria:

1. ✅ `artifact.svg` exists and is valid XML (confirmed by ET.parse)
2. ✅ Pelican features: body (ellipse at 185,95), long beak (path to x=310), throat pouch (curved path...
[  243.2s] [text_start]
[  249.2s] [text_end] 736 chars: Done. `artifact.svg` has been generated and verified as valid XML. Here's what it contains:

**Bicycle:**
- Two wheels (r=40) at rear (120,200) and front (280,200) with 8 spokes each
- Red frame with seat tube, top tube, down tube, chain st...

[  249.2s] [turn_end]

[  249.2s] [agent_end]
