# pi activity log for iter 5, attempt 0
# prompt_chars=9602


[    0.6s] [agent_start]

[    0.6s] [turn_start]
[    1.9s] [thinking_start]
[    2.2s] [thinking_end] 133 chars: Let me start by reading the current generate_artifact.py to understand the existing code structure and find the chain/crown section.

[    2.4s] [tool start] read {'path': 'generate_artifact.py'}
[    2.4s] [tool end] read

[    2.4s] [turn_end]

[    2.4s] [turn_start]
[    4.8s] [thinking_start]
[   57.6s] [thinking_end] 16388 chars: Let me look at the chain section more carefully. The current code draws 4 chain links as ellipses. The critique says they are "floating ovals" that don't connect. Let me analyze the current chain link positions:

1. Link 1: cx=300, cy=88, a...
[   57.6s] [text_start]
[   58.4s] [text_end] 332 chars: I can see the issue. The chain links use `fill="none"` (hollow ellipses) and are positioned with minimal overlap, making them look like floating ovals. I need to:

1. Change chain links to filled ellipses with metallic gradient
2. Repositio...

[   68.7s] [tool start] edit {'path': 'generate_artifact.py', 'edits': '[{\'oldText\': \'def chain_link(cx, cy, angle_deg, width=6, length=22):\\n    """Return an <ellipse> for one interlocking oval chain link.\\n\\n    Each link is a proper ellipse rotated to *angle_deg*.  The caller\\n    positions centres so that adjacent links overlap by ~15 % of their\\n    length, producing the classic interlocking chain look.\\n    """\\n    rx = length / 2          # half-length (major axis)\\n    ry = width / 2           # half-width  (minor axis)\\n    return (f\\\'<ellipse cx="{cx:.1f}...'}
[   68.8s] [tool end] edit

[   68.8s] [turn_end]

[   68.8s] [turn_start]
[   69.0s] [thinking_start]
[   69.2s] [thinking_end] 79 chars: Good, the edits were applied. Now let me run the script to regenerate the SVG.
[   69.2s] [text_start]
[   69.3s] [text_end] 32 chars: Now let me regenerate the SVG:

[   69.5s] [tool start] bash {'command': 'python generate_artifact.py'}
[   69.5s] [tool end] bash

[   69.5s] [turn_end]

[   69.5s] [turn_start]
[   69.8s] [thinking_start]
[   69.9s] [thinking_end] 68 chars: Good, no errors. Let me verify the chain section in the output SVG.
[   69.9s] [text_start]
[   70.1s] [text_end] 53 chars: Let me verify the chain links in the generated SVG:

[   70.5s] [tool start] bash {'command': 'grep -n "chain_link\\|ellipse.*cx.*cy.*rx.*ry.*bezelGrad" artifact.svg | head -20'}
[   70.5s] [tool end] bash

[   70.5s] [turn_end]

[   70.5s] [turn_start]
[   70.9s] [thinking_start]
[   73.2s] [thinking_end] 571 chars: The chain links are now:
1. Filled with `url(#bezelGrad)` (metallic gradient) instead of `fill="none"`
2. Have a stroke for edge definition
3. Positioned with proper overlap:
   - Link 1→2: dx=10, dy=16, dist≈18.9, overlap=26-18.9=7.1px (27...
[   73.2s] [text_start]
[   73.4s] [text_end] 37 chars: Let me verify the SVG is valid XML:

[   73.8s] [tool start] bash {'command': 'python -c "import xml.etree.ElementTree as ET; ET.parse(\'artifact.svg\'); print(\'Valid XML\')"'}
[   73.9s] [tool end] bash

[   73.9s] [turn_end]

[   73.9s] [turn_start]
[   74.1s] [thinking_start]
[   74.5s] [thinking_end] 188 chars: The SVG is valid XML. Let me also verify the chain section is in the right place (before the case, as it should be behind everything) and check that there are no floating ovals remaining.
[   74.5s] [text_start]
[   74.9s] [text_end] 126 chars: Let me also confirm there are no remaining `fill="none"` ellipses in the chain area and that the crown stem is still intact:

[   75.3s] [tool start] bash {'command': 'grep -n "crown\\|stem\\|rect.*y=88\\|ellipse.*cy=82" artifact.svg'}
[   75.3s] [tool end] bash

[   75.3s] [turn_end]

[   75.3s] [turn_start]
[   75.6s] [thinking_start]
[   75.9s] [thinking_end] 74 chars: Hmm, the grep didn't find anything. Let me check with different patterns.

[   76.3s] [tool start] bash {'command': 'grep -n "rect.*y=\\"88\\"\\|ellipse.*cy=\\"82\\"\\|crown\\|stem" artifact.svg'}
[   76.3s] [tool end] bash

[   76.3s] [turn_end]

[   76.3s] [turn_start]
[   76.6s] [thinking_start]
[   78.6s] [thinking_end] 646 chars: The crown stem (rect at y=88, height=42, so it extends from y=88 to y=130) and crown knob (ellipse at cy=82, ry=12, so it extends from y=70 to y=94) are both present.

The chain link 1 is at (300, 76) with rx=13, ry=4. Before rotation, this...
[   78.6s] [text_start]
[   78.8s] [text_end] 62 chars: Let me do a final sanity check on the overall SVG structure:

[   79.5s] [tool start] bash {'command': 'wc -l artifact.svg && grep -c "<ellipse" artifact.svg && grep -c "<circle" artifact.svg && grep -c "<path" artifact.svg && grep -c "<line" artifact.svg'}
[   79.5s] [tool end] bash

[   79.5s] [turn_end]

[   79.5s] [turn_start]
[   80.0s] [thinking_start]
[   81.1s] [thinking_end] 276 chars: The SVG has:
- 200 lines
- 5 ellipses (4 chain links + 1 crown knob)
- 42 circles
- 13 paths
- 112 lines

This looks reasonable. The 5 ellipses are:
1. Chain link 1
2. Chain link 2
3. Chain link 3
4. Chain link 4
5. Crown knob

Let me verif...

[   81.3s] [tool start] bash {'command': 'grep -n "<ellipse" artifact.svg'}
[   81.3s] [tool end] bash

[   81.3s] [turn_end]

[   81.3s] [turn_start]
[   81.8s] [thinking_start]
[   85.0s] [thinking_end] 985 chars: All 5 ellipses are accounted for:
- Lines 13-16: 4 chain links, all filled with `url(#bezelGrad)` metallic gradient, with proper overlap
- Line 22: Crown knob

The chain is now:
1. ✅ 4 distinct oval links (3-4 required)
2. ✅ Interlocking wi...
[   85.0s] [text_start]
[   88.8s] [text_end] 1118 chars: All checks pass. Here's a summary of the changes made:

**Problem**: Chain links were hollow (`fill="none"`) ellipses with minimal overlap (~12%), appearing as disconnected floating ovals.

**Fix applied to `generate_artifact.py`**:

1. **`...

[   88.8s] [turn_end]

[   88.8s] [agent_end]
