# pi activity log for iter 1, attempt 0
# prompt_chars=4803


[    1.0s] [agent_start]

[    1.0s] [turn_start]
[    2.2s] [thinking_start]
[    2.5s] [thinking_end] 136 chars: Let me start by reading the current generate_artifact.py to understand the code structure and find the sections that need modification.

[    2.6s] [tool start] read {'path': 'generate_artifact.py'}
[    2.6s] [tool end] read

[    2.6s] [turn_end]

[    2.6s] [turn_start]
[    4.9s] [thinking_start]
[   22.5s] [thinking_end] 6363 chars: Let me analyze the current code against the acceptance criteria:

1. **Roman numerals I-XII** - The `roman_numeral_text` function already generates Roman numerals. Let me check the mapping:
   - 0: "XII" ✓
   - 30: "I" ✓
   - 60: "II" ✓...
[   22.5s] [text_start]
[   22.7s] [text_end] 65 chars: Let me inspect the key sections and identify what needs fixing.

[   23.5s] [tool start] bash {'command': 'python generate_artifact.py 2>&1 && echo "--- SVG generated ---" && python -c "import xml.etree.ElementTree as ET; ET.parse(\'artifact.svg\'); print(\'Valid XML\')" 2>&1'}
[   23.6s] [tool end] bash

[   23.6s] [turn_end]

[   23.6s] [turn_start]
[   23.8s] [thinking_start]
[   24.3s] [thinking_end] 219 chars: Good, the SVG is valid XML. Now let me check for the specific issues:

1. Roman numerals - let me verify
2. Stem extension
3. Balance wheel position

Let me grep for Roman numerals and check the balance wheel position.

[   24.8s] [tool start] bash {'command': 'grep -oP \'(?<=font-size="14" fill="#2a2015">)[^<]+\' artifact.svg | sort'}
[   24.8s] [tool end] bash

[   24.8s] [turn_end]

[   24.8s] [turn_start]
[   25.0s] [thinking_start]
[   25.2s] [thinking_end] 84 chars: Roman numerals are present. Let me check for Arabic numerals in the dial text area.

[   25.8s] [tool start] bash {'command': "# Check for Arabic numerals in text elements near the dial (y between 130 and 470)\ngrep -n '<text' artifact.svg | head -30"}
[   25.8s] [tool end] bash

[   25.8s] [turn_end]

[   25.8s] [turn_start]
[   26.3s] [thinking_start]
[   26.7s] [thinking_end] 141 chars: Roman numerals are present and correct. No Arabic numerals in the dial text. Now let me check the balance wheel position and stem extension.

[   27.1s] [tool start] bash {'command': "# Check balance wheel position\ngrep -n 'bw_cx\\|bw_cy\\|Balance' artifact.svg"}
[   27.1s] [tool end] bash

[   27.1s] [turn_end]

[   27.1s] [turn_start]
[   27.3s] [thinking_start]
[   27.8s] [thinking_end] 152 chars: The variable names aren't in the SVG. Let me search for the balance wheel by its characteristics - it's a circle with radius 35 at position (430, 390).

[   28.2s] [tool start] bash {'command': '# Check balance wheel - search for circles around the movement area\ngrep -n \'cx="430"\' artifact.svg'}
[   28.2s] [tool end] bash

[   28.2s] [turn_end]

[   28.2s] [turn_start]
[   28.5s] [thinking_start]
[   29.9s] [thinking_end] 523 chars: The balance wheel is at (430, 390) with radius 35. The dial center is at (300, 300) with radius 170, so the dial bottom edge is at y=470. The balance wheel extends from y=355 to y=425, which is entirely within the dial area. This means it w...

[   30.5s] [tool start] bash {'command': '# Check stem - the rect from y=88 to y=110\ngrep -n \'y="88"\\|y="110"\\|rect.*width="14"\' artifact.svg'}
[   30.6s] [tool end] bash

[   30.6s] [turn_end]

[   30.6s] [turn_start]
[   30.9s] [thinking_start]
[   32.6s] [thinking_end] 539 chars: The stem is a rect from y=88 to y=110 (height 22). The case top edge is at y=100 (300-200). So the stem extends from y=110 to y=100 inside the case - that's only 10 pixels. I need to extend it more visibly into the case.

Let me now make th...
[   32.6s] [text_start]
[   33.8s] [text_end] 383 chars: Now I can see the issues clearly:

1. **Roman numerals** — already correct ✓
2. **Stem** — extends only 10px into the case (y=88→110, case edge at y=100). Needs to extend more visibly.
3. **Balance wheel** — at (430, 390), which is *within*...

[   36.9s] [tool start] edit {'path': 'generate_artifact.py', 'edits': '[{\'oldText\': \'    # ── crown (winder knob) ──────────────────────────────────────────────\\n    # Stem extends from crown into case\\n    lines.append(\\n        f\\\'<rect x="293" y="88" width="14" height="22" rx="3" \\\'\\n        f\\\'fill="url(#bezelGrad)" stroke="#6b5010" stroke-width="1"/>\\\'\\n    )\', \'newText\': \'    # ── crown (winder knob) ──────────────────────────────────────────────\\n    # Stem extends from crown visibly into the case interior\\n    lines.append(\\n        f\\\'<rect x="293" y="88" ...'}
[   36.9s] [tool end] edit

[   36.9s] [turn_end]

[   36.9s] [turn_start]
[   37.2s] [thinking_start]
[   37.6s] [thinking_end] 200 chars: Now I need to update the balance wheel cross-bar and hairspring calculations to use the new position. Let me also update the balance wheel rim detail circle radius since I changed bw_r from 35 to 30.
[   37.6s] [text_start]
[   37.9s] [text_end] 80 chars: Now update the balance wheel cross-bar and hairspring to use the new position:

[   43.5s] [tool start] edit {'path': 'generate_artifact.py', 'edits': '[{\'oldText\': \'    # Cross-bar of balance wheel\\n    lines.append(\\n        f\\\'<line x1="{bw_cx - bw_r + 4:.1f}" y1="{bw_cy:.1f}" \\\'\\n        f\\\'x2="{bw_cx + bw_r - 4:.1f}" y2="{bw_cy:.1f}" \\\'\\n        f\\\'stroke="#8b6914" stroke-width="1.5"/>\\\'\\n    )\\n    lines.append(\\n        f\\\'<line x1="{bw_cx:.1f}" y1="{bw_cy - bw_r + 4:.1f}" \\\'\\n        f\\\'x2="{bw_cx:.1f}" y2="{bw_cy + bw_r - 4:.1f}" \\\'\\n        f\\\'stroke="#8b6914" stroke-width="1.5"/>\\\'\\n    )\', \'newText\': \'    # Cross-bar of balance whee...'}
[   43.5s] [tool end] edit

[   43.5s] [turn_end]

[   43.5s] [turn_start]
[   43.8s] [thinking_start]
[   43.9s] [thinking_end] 45 chars: Now let me regenerate the SVG and verify it.

[   44.5s] [tool start] bash {'command': 'python generate_artifact.py 2>&1 && echo "--- SVG regenerated ---" && python -c "import xml.etree.ElementTree as ET; ET.parse(\'artifact.svg\'); print(\'Valid XML\')"'}
[   44.5s] [tool end] bash

[   44.5s] [turn_end]

[   44.5s] [turn_start]
[   44.9s] [thinking_start]
[   45.0s] [thinking_end] 64 chars: Good, valid XML. Now let me verify all the acceptance criteria.
[   45.0s] [text_start]
[   45.2s] [text_end] 44 chars: Now let me verify all acceptance criteria:

[   48.0s] [tool start] bash {'command': '# 1. Verify Roman numerals on dial\necho "=== Roman Numerals on Dial ==="\ngrep -oP \'(?<=font-size="14" fill="#2a2015">)[^<]+\' artifact.svg | sort\n\necho ""\necho "=== Check for Arabic numerals in dial text ==="\n# Look for text elements with numbers 1-12 in the dial area\ngrep -P \'<text.*font-size="14".*fill="#2a2015">\' artifact.svg | grep -oP \'(?<=>)[1-9](?=</text>)\' || echo "No Arabic numerals found on dial ✓"\n\necho ""\necho "=== Stem extends into case ==="\ngrep \'rect.*width="14"\' artifact.svg\n\necho...'}
[   48.0s] [tool end] bash

[   48.0s] [turn_end]

[   48.0s] [turn_start]
[   48.5s] [thinking_start]
[   50.4s] [thinking_end] 577 chars: All acceptance criteria are met:

1. ✅ **Roman numerals I-XII** — All 12 present (I, II, III, IV, V, VI, VII, VIII, IX, X, XI, XII)
2. ✅ **No Arabic numerals on dial** — Confirmed
3. ✅ **Stem extends visibly into case** — Height is now 42 (...

[   52.2s] [tool start] bash {'command': '# Verify balance wheel cross-bars and spokes exist in SVG\necho "=== Balance wheel cross-bars ==="\ngrep -A0 \'bw_cx.*bw_cy.*stroke="#8b6914".*stroke-width="1.5"\' artifact.svg | head -2\n\necho ""\necho "=== Balance wheel spokes ==="\ngrep \'stroke="#8b6914".*stroke-width="0.8"\' artifact.svg | head -4\n\necho ""\necho "=== Hairspring ==="\ngrep \'hairspring\\|bw_cx.*bw_cy.*#4a6080\' artifact.svg | head -2\n\necho ""\necho "=== Gear count in movement ==="\ngrep -c \'gear_path\\|gear_holes\' generate_artifact.py'}
[   52.2s] [tool end] bash

[   52.2s] [turn_end]

[   52.2s] [turn_start]
[   52.6s] [thinking_start]
[   52.9s] [thinking_end] 127 chars: The grep patterns didn't match well because the SVG has inline coordinates. Let me check the balance wheel area more directly.

[   53.4s] [tool start] bash {'command': '# Check balance wheel area directly in SVG (lines around cy="470")\nsed -n \'/cy="470"/p\' artifact.svg'}
[   53.4s] [tool end] bash

[   53.4s] [turn_end]

[   53.4s] [turn_start]
[   54.0s] [thinking_start]
[   54.4s] [thinking_end] 155 chars: I see the balance wheel circles at (430, 470), but I need to check if the cross-bars and spokes are also there. Let me look at the lines around that area.

[   55.0s] [tool start] bash {'command': '# Check lines near the balance wheel area (y around 470)\ngrep \'y1="470"\\|y2="470"\' artifact.svg'}
[   55.0s] [tool end] bash

[   55.0s] [turn_end]

[   55.0s] [turn_start]
[   55.5s] [thinking_start]
[   56.2s] [thinking_end] 335 chars: Hmm, the balance wheel cross-bars and spokes don't seem to be in the SVG. Let me check the generated SVG more carefully. The issue might be that the polar coordinates for the cross-bars are being computed but the resulting SVG lines are at...

[   56.7s] [tool start] bash {'command': "# Look at the balance wheel section in the SVG (around line 56-70)\nsed -n '50,75p' artifact.svg"}
[   56.7s] [tool end] bash

[   56.7s] [turn_end]

[   56.8s] [turn_start]
[   57.8s] [thinking_start]
[   59.9s] [thinking_end] 501 chars: I can see the balance wheel is properly rendered:
- Outer rim: `<circle cx="430" cy="470" r="30" ...>`
- Inner rim: `<circle cx="430" cy="470" r="26" ...>`
- Horizontal cross-bar: `<line x1="404.0" y1="470.0" x2="456.0" y2="470.0" ...>`
- V...
[   59.9s] [text_start]
[   60.1s] [text_end] 66 chars: All elements are present. Let me do a final comprehensive check:

[   64.4s] [tool start] bash {'command': 'echo "=== FINAL VERIFICATION ==="\necho ""\necho "1. Roman numerals I-XII on dial:"\ngrep -oP \'(?<=font-size="14" fill="#2a2015">)[^<]+\' artifact.svg | sort | tr \'\\n\' \' \'\necho ""\necho ""\necho "2. No Arabic numerals on dial:"\ncount=$(grep -P \'<text.*font-size="14".*fill="#2a2015">\' artifact.svg | grep -oP \'(?<=>)[1-9](?=</text>)\' | wc -l)\necho "   Arabic numeral count: $count"\necho ""\necho "3. Stem extends into case (height=42, extends ~30px past case edge at y=100):"\ngrep \'rect.*width="14"\' artifac...'}
[   64.5s] [tool end] bash

[   64.5s] [turn_end]

[   64.5s] [turn_start]
[   64.9s] [thinking_start]
[   65.1s] [thinking_end] 105 chars: All acceptance criteria are met. Let me also verify the SVG visually by checking its size and structure.
[   65.1s] [text_start]
[   68.0s] [text_end] 988 chars: All acceptance criteria verified:

| Criterion | Status |
|---|---|
| Dial displays Roman numerals I-XII | ✅ All 12 present |
| No Arabic numerals on dial | ✅ Count: 0 |
| Stem extends visibly into case | ✅ Height 42px, extends ~30px past c...

[   68.0s] [turn_end]

[   68.0s] [agent_end]
