# pi activity log for iter 3, attempt 0
# prompt_chars=3466


[    0.5s] [agent_start]

[    0.5s] [turn_start]
[    4.3s] [thinking_start]
[    5.0s] [thinking_end] 86 chars: Let me start by reading the current state of the workspace to understand what exists.

[    5.6s] [tool start] read {'path': 'generate_artifact.py'}
[    5.6s] [tool end] read

[    5.6s] [turn_end]

[    5.6s] [turn_start]
[    9.9s] [thinking_start]
[   34.6s] [thinking_end] 2175 chars: Now I need to refine the SVG based on the iteration directive:

1. **Throat Pouch**: Make it more volumetric with curved paths (Q/C commands), distinct shade
2. **Webbed Feet**: Ensure clear webbing between toes
3. **ViewBox**: Tighten to e...
[   34.6s] [text_start]
[   35.6s] [text_end] 107 chars: Now I'll make the three refinements: volumetric throat pouch, clearer webbed feet, and tightened viewBox.

[   98.1s] [tool start] edit {'path': 'generate_artifact.py', 'edits': '[{\'oldText\': \'    lines.append(\\\'<svg xmlns="http://www.w3.org/2000/svg" viewBox="-10 -5 460 310" width="450" height="305">\\\')\\n\\n    # Clean background\\n    lines.append(\\\'  <rect x="-10" y="-5" width="460" height="310" fill="#f0f4e8"/>\\\')\\n\\n    # Ground line\\n    lines.append(\\\'  <line x1="-5" y1="242" x2="440" y2="242" stroke="#8a9a7b" stroke-width="2"/>\\\')\', \'newText\': \'    # Tight viewBox: bounds are rear-wheel-left=80, beak-tip=330, head-top=49, ground=242\\n    # With 15px margin: x=65, y...'}
[   98.1s] [tool end] edit

[   98.1s] [turn_end]

[   98.1s] [turn_start]
[   98.4s] [thinking_start]
[   99.0s] [thinking_end] 49 chars: Now let me run the script and verify the output.

[  100.6s] [tool start] bash {'command': 'cd /src/theloop/runs/20260501-114412-pelican-spec/workspace && python generate_artifact.py'}
[  100.6s] [tool end] bash

[  100.6s] [turn_end]

[  100.6s] [turn_start]
[  100.8s] [thinking_start]
[  101.7s] [thinking_end] 70 chars: Wait, I need to use relative paths. Let me re-run with relative path.

[  102.4s] [tool start] bash {'command': 'python generate_artifact.py'}
[  102.4s] [tool end] bash

[  102.4s] [turn_end]

[  102.4s] [turn_start]
[  102.6s] [thinking_start]
[  103.4s] [thinking_end] 66 chars: Good, it works with relative paths. Now let me verify the output.

[  104.6s] [tool start] bash {'command': 'python -c "import xml.etree.ElementTree as ET; ET.parse(\'artifact.svg\'); print(\'Valid XML\')"'}
[  104.7s] [tool end] bash

[  104.7s] [turn_end]

[  104.7s] [turn_start]
[  104.9s] [thinking_start]
[  105.6s] [thinking_end] 47 chars: Good, valid XML. Now let me check the viewBox.

[  106.5s] [tool start] bash {'command': 'grep -o \'viewBox="[^"]*"\' artifact.svg'}
[  106.5s] [tool end] bash

[  106.5s] [turn_end]

[  106.5s] [turn_start]
[  106.8s] [thinking_start]
[  107.7s] [thinking_end] 93 chars: Good. Now let me verify the pouch and feet changes by reading the relevant parts of the SVG.

[  108.8s] [tool start] bash {'command': 'grep -n "pouch\\|webbing\\|Webbing\\|Toe" artifact.svg'}
[  108.8s] [tool end] bash

[  108.8s] [turn_end]

[  108.8s] [turn_start]
[  109.1s] [thinking_start]
[  110.1s] [thinking_end] 101 chars: The comments are in the Python file, not the SVG. Let me check the SVG content for the key elements.

[  112.1s] [tool start] bash {'command': 'grep -c "C 295 82" artifact.svg && grep -c "Q 202 224" artifact.svg && grep -c "Q 175 186" artifact.svg'}
[  112.2s] [tool end] bash

[  112.2s] [turn_end]

[  112.2s] [turn_start]
[  112.4s] [thinking_start]
[  115.3s] [thinking_end] 271 chars: All three key elements are present:
1. The cubic bezier throat pouch (C 295 82...)
2. The left webbed foot with curved webbing (Q 202 224...)
3. The right webbed foot with curved webbing (Q 175 186...)

Let me do a final read of the SVG to...

[  115.9s] [tool start] read {'path': 'artifact.svg'}
[  115.9s] [tool end] read

[  115.9s] [turn_end]

[  115.9s] [turn_start]
[  120.7s] [thinking_start]
[  131.7s] [thinking_end] 810 chars: The SVG looks good. Let me verify all three changes:

1. **Throat Pouch**: Now uses cubic bezier curves (`C` commands) with three layers:
   - Outer pouch: `M 284 67 C 295 82, 310 96, 322 92 C 328 88, 326 78, 326 72 Z` — dark orange `#e8982...
[  131.7s] [text_start]
[  138.8s] [text_end] 711 chars: All three refinements are in place and verified:

1. **Throat Pouch** — Replaced the flat polygon with a 3-layer volumetric shape using cubic beziers (`C` commands): outer pouch (`#e89828`), inner highlight (`#f0b040`), and a fold line (`#d...

[  138.8s] [turn_end]

[  138.8s] [agent_end]
