# pi activity log for iter 0, attempt 0
# prompt_chars=2239


[    0.9s] [agent_start]

[    0.9s] [turn_start]
[    4.6s] [thinking_start]
[    8.1s] [thinking_end] 314 chars: The user wants me to create an SVG of a capybara wearing a kimono drinking matcha tea. I need to:

1. Create `generate_artifact.py` that generates the SVG
2. Run it to produce `artifact.svg`
3. Verify the SVG is valid XML

Let me write a Py...

[  314.7s] [tool start] write {'path': 'generate_artifact.py', 'content': '<16125 chars>'}
[  314.7s] [tool end] write

[  314.7s] [turn_end]

[  314.7s] [turn_start]
[  315.0s] [thinking_start]
[  315.9s] [thinking_end] 51 chars: Now let me run the script and validate the output.

[  318.1s] [tool start] bash {'command': 'cd /src/theloop/runs/20260501-124859-capybara/workspace && python generate_artifact.py'}
[  318.2s] [tool end] bash

[  318.2s] [turn_end]

[  318.2s] [turn_start]
[  318.6s] [thinking_start]
[  319.9s] [thinking_end] 118 chars: The script ran successfully and the XML validation passed. Let me also verify the SVG contains the required elements.

[  328.8s] [tool start] bash {'command': 'python -c "\nimport xml.etree.ElementTree as ET\ntree = ET.parse(\'artifact.svg\')\nroot = tree.getroot()\nns = {\'svg\': \'http://www.w3.org/2000/svg\'}\ncontent = open(\'artifact.svg\').read()\nchecks = {\n    \'capybara\': \'capybara\' in content.lower() or (\'snout\' in content.lower() and \'ear\' in content.lower()),\n    \'kimono\': \'kimono\' in content.lower(),\n    \'matcha\': \'matcha\' in content.lower(),\n    \'bowl\': \'bowl\' in content.lower(),\n    \'drinking\': \'sipping\' in content.lower() or \'drinking\' in content.lowe...'}
[  328.9s] [tool end] bash

[  328.9s] [turn_end]

[  328.9s] [turn_start]
[  329.2s] [thinking_start]
[  330.3s] [thinking_end] 76 chars: All checks pass. Let me also view the SVG to make sure it looks reasonable.

[  331.1s] [tool start] read {'path': 'artifact.svg'}
[  331.1s] [tool end] read

[  331.1s] [turn_end]

[  331.1s] [turn_start]
[  340.3s] [thinking_start]
[  341.2s] [thinking_end] 77 chars: The SVG is generated and valid. Let me verify the file exists and summarize.
[  341.2s] [text_start]
[  349.5s] [text_end] 772 chars: All done. Here's a summary:

**Generated files:**
- `generate_artifact.py` — Python script that generates the SVG
- `artifact.svg` — Valid SVG output (800×600)

**SVG contents:**
- **Capybara**: Recognizable with blunt snout, small ears, re...

[  349.5s] [turn_end]

[  349.5s] [agent_end]
