# pi activity log for iter 1, attempt 0
# prompt_chars=2896


[    1.0s] [agent_start]

[    1.0s] [turn_start]
[    4.6s] [thinking_start]
[    6.2s] [thinking_end] 220 chars: Let me start by understanding the current state of the workspace. I need to look at the existing files, particularly `generate_artifact.py` and `artifact.svg` (though I shouldn't read the SVG directly per instructions).

[    6.8s] [tool start] bash {'command': 'ls -la'}
[    6.8s] [tool end] bash

[    6.8s] [turn_end]

[    6.8s] [turn_start]
[    7.3s] [thinking_start]
[    8.2s] [thinking_end] 99 chars: I need to read `generate_artifact.py` to understand the current code and make the necessary fixes.

[    8.7s] [tool start] read {'path': 'generate_artifact.py'}
[    8.7s] [tool end] read

[    8.7s] [turn_end]

[    8.7s] [turn_start]
[   15.8s] [thinking_start]
[   53.2s] [thinking_end] 4779 chars: Now I understand the code. Let me analyze the issues:

1. **Kimono sleeves**: The left sleeve starts at `M 185 300` and the right at `M 415 300`. The kimono body goes from x=200 to x=400 at y=280. The sleeves should attach to the kimono bod...
[   53.2s] [text_start]
[   57.1s] [text_end] 330 chars: Now I understand the issues. Let me analyze:

1. **Sleeves**: Left sleeve starts at x=185, right at x=415 — but the kimono body at y=300 is roughly at x=192 and x=408, creating a visible gap.
2. **Drinking action**: Bowl is at y=370-410, mo...

[  186.9s] [tool start] edit {'path': 'generate_artifact.py', 'edits': '[{\'oldText\': \'    # Kimono sleeve left\\n    parts.append(\\n        \\\'<path d="M 185 300 Q 155 310 140 340 Q 135 360 150 370 \\\'\\n        \\\'L 200 365 Q 195 340 195 320 Z" fill="#191970"/>\\\'\\n    )\\n    # Sleeve opening left\\n    parts.append(\\n        \\\'<ellipse cx="165" cy="368" rx="22" ry="8" fill="#151560"/>\\\'\\n    )\\n\\n    # Kimono sleeve right\\n    parts.append(\\n        \\\'<path d="M 415 300 Q 445 310 460 340 Q 465 360 450 370 \\\'\\n        \\\'L 400 365 Q 405 340 405 320 Z" fill="#191970"/>\\\'\\n ...'}
[  186.9s] [tool end] edit

[  186.9s] [turn_end]

[  186.9s] [turn_start]
[  187.2s] [thinking_start]
[  206.1s] [thinking_end] 1995 chars: The last edit tried to remove the arms section since I already moved it. Let me re-do this more carefully. The issue is that I'm trying to remove the arms section in the last edit, but the arms section was already replaced in edits[1]. Let...
[  206.1s] [text_start]
[  207.3s] [text_end] 145 chars: Let me restructure the edits more carefully. I'll fix the sleeves, move the arms after the bowl for proper z-order, and adjust all coordinates.

[  337.9s] [tool start] edit {'path': 'generate_artifact.py', 'edits': '[{\'oldText\': \'    # Kimono sleeve left\\n    parts.append(\\n        \\\'<path d="M 185 300 Q 155 310 140 340 Q 135 360 150 370 \\\'\\n        \\\'L 200 365 Q 195 340 195 320 Z" fill="#191970"/>\\\'\\n    )\\n    # Sleeve opening left\\n    parts.append(\\n        \\\'<ellipse cx="165" cy="368" rx="22" ry="8" fill="#151560"/>\\\'\\n    )\\n\\n    # Kimono sleeve right\\n    parts.append(\\n        \\\'<path d="M 415 300 Q 445 310 460 340 Q 465 360 450 370 \\\'\\n        \\\'L 400 365 Q 405 340 405 320 Z" fill="#191970"/>\\\'\\n ...'}
[  338.0s] [tool end] edit

[  338.0s] [turn_end]

[  338.0s] [turn_start]
[  338.2s] [thinking_start]
[  338.8s] [thinking_end] 71 chars: All edits applied. Now let me run the generator and verify the output.
[  338.8s] [text_start]
[  339.3s] [text_end] 42 chars: Now let me run the generator and verify:

[  341.0s] [tool start] bash {'command': 'cd /src/theloop/runs/20260501-123334-capybara/workspace && python generate_artifact.py'}
[  341.0s] [tool end] bash

[  341.0s] [turn_end]

[  341.0s] [turn_start]
[  341.3s] [thinking_start]
[  342.9s] [thinking_end] 189 chars: Wait, the instructions say to use relative paths only. Let me re-run with relative paths. Actually, I'm already in the workspace directory based on the prompt. Let me just run it directly.

[  343.6s] [tool start] bash {'command': 'python generate_artifact.py'}
[  343.6s] [tool end] bash

[  343.6s] [turn_end]

[  343.6s] [turn_start]
[  343.9s] [thinking_start]
[  344.8s] [thinking_end] 78 chars: Good, the generator ran successfully. Now let me verify the SVG is valid XML.

[  346.1s] [tool start] bash {'command': 'python -c "import xml.etree.ElementTree as ET; ET.parse(\'artifact.svg\'); print(\'Valid XML\')"'}
[  346.1s] [tool end] bash

[  346.1s] [turn_end]

[  346.1s] [turn_start]
[  346.4s] [thinking_start]
[  347.3s] [thinking_end] 127 chars: The SVG is valid XML. Let me also verify the key changes are in place by checking the generated SVG for the critical elements.
[  347.3s] [text_start]
[  348.0s] [text_end] 69 chars: Let me verify the key structural changes are present in the output:

[  350.1s] [tool start] bash {'command': 'grep -n "sleeve\\|arm\\|paw\\|bowl\\|M 192\\|M 408\\|cy=\\"280\\"\\|cy=\\"255\\"" artifact.svg'}
[  350.1s] [tool end] bash

[  350.1s] [turn_end]

[  350.1s] [turn_start]
[  351.0s] [thinking_start]
[  352.0s] [thinking_end] 97 chars: Let me verify the z-order is correct - arms should come after the bowl so paws overlap the bowl.

[  353.4s] [tool start] bash {'command': 'grep -n "Bowl rim\\|Left arm\\|Right arm\\|Left paw\\|Right paw" artifact.svg'}
[  353.4s] [tool end] bash

[  353.4s] [turn_end]

[  353.4s] [turn_start]
[  353.7s] [thinking_start]
[  355.0s] [thinking_end] 138 chars: The comments aren't in the SVG output since they're Python comments. Let me check the line numbers of the key elements to verify z-order.

[  357.2s] [tool start] bash {'command': 'grep -n "stroke=\\"#8B4513\\" stroke-width=\\"18\\"\\|cy=\\"280\\" rx=\\"45\\" ry=\\"12\\"\\|cy=\\"255\\" rx=\\"14\\"" artifact.svg'}
[  357.2s] [tool end] bash

[  357.2s] [turn_end]

[  357.2s] [turn_start]
[  357.9s] [thinking_start]
[  370.1s] [thinking_end] 1155 chars: The z-order is correct:
- Line 91: Bowl rim (drawn first)
- Line 108-109: Arms (drawn after bowl, so they appear on top)
- Line 110, 112: Paws (drawn last, so they appear on top of everything)

This means the arms and paws will visually ove...
[  370.1s] [text_start]
[  376.5s] [text_end] 570 chars: All acceptance criteria are satisfied:

1. **Valid XML** — confirmed via `xml.etree.ElementTree.parse()`
2. **Sleeves attached** — Left sleeve starts at `M 192 300`, right at `M 408 300`, matching the kimono body edge at y=300 (previously 1...

[  376.5s] [turn_end]

[  376.5s] [agent_end]
