# pi activity log for iter 0, attempt 0
# prompt_chars=2608


[    0.6s] [agent_start]

[    0.6s] [turn_start]
[    3.3s] [thinking_start]
[    4.8s] [thinking_end] 197 chars: The user wants me to create a `generate_artifact.py` script that generates an SVG image of a sushi roll wearing sunglasses driving a go-kart. Let me write the Python script that generates the SVG.

[   78.8s] [tool start] write {'path': 'generate_artifact.py', 'content': '<5669 chars>'}
[   78.8s] [tool end] write

[   78.8s] [turn_end]

[   78.8s] [turn_start]
[   79.0s] [thinking_start]
[   79.6s] [thinking_end] 47 chars: Now let me run the script to generate the SVG.

[   80.3s] [tool start] bash {'command': 'python generate_artifact.py'}
[   80.3s] [tool end] bash

[   80.3s] [turn_end]

[   80.3s] [turn_start]
[   80.6s] [thinking_start]
[   81.3s] [thinking_end] 71 chars: Let me verify the SVG is valid XML and contains the expected elements.

[   88.5s] [tool start] bash {'command': 'python3 -c "\nimport xml.etree.ElementTree as ET\ntree = ET.parse(\'artifact.svg\')\nroot = tree.getroot()\nprint(\'Valid XML: yes\')\nprint(f\'Root tag: {root.tag}\')\n# Check for key elements\ntags = [el.tag for el in root.iter()]\nhas_rect = any(\'rect\' in t.lower() for t in tags)\nhas_circle = any(\'circle\' in t.lower() for t in tags)\nhas_path = any(\'path\' in t.lower() for t in tags)\nhas_ellipse = any(\'ellipse\' in t.lower() for t in tags)\nprint(f\'Has <rect>: {has_rect}\')\nprint(f\'Has <circle>: {has_circle}\')\n...'}
[   88.5s] [tool end] bash

[   88.5s] [turn_end]

[   88.5s] [turn_start]
[   88.9s] [thinking_start]
[   90.5s] [thinking_end] 210 chars: The SVG is valid XML and contains all the required elements: go-kart, sushi-roll, sunglasses groups, plus standard SVG elements (rect, circle, path, ellipse). Let me also visually verify the SVG looks correct.

[   91.1s] [tool start] read {'path': 'artifact.svg'}
[   91.1s] [tool end] read

[   91.1s] [turn_end]

[   91.1s] [turn_start]
[   94.3s] [thinking_start]
[  103.1s] [thinking_end] 1118 chars: The SVG is generated and valid. Let me verify all acceptance criteria are met:

1. ✅ `python generate_artifact.py` runs without errors
2. ✅ `artifact.svg` is valid XML (well-formed tags, quoted attributes)
3. ✅ The SVG contains a go-kart (c...
[  103.1s] [text_start]
[  106.9s] [text_end] 526 chars: Done. `generate_artifact.py` runs cleanly and produces `artifact.svg` with:

- **Go-kart**: red chassis, 4 wheels, steering wheel, seat, engine block, exhaust, front/rear wings, bumpers
- **Sushi roll**: maki-style cylinder with nori wrap,...

[  106.9s] [turn_end]

[  106.9s] [agent_end]
