# pi activity log for iter 0, attempt 0
# prompt_chars=3029


[    1.0s] [agent_start]

[    1.0s] [turn_start]
[    4.5s] [thinking_start]
[    5.9s] [thinking_end] 167 chars: The user wants me to create a Python script that generates an SVG of a capybara wearing a kimono drinking matcha tea. Let me first check what exists in the workspace.

[    6.5s] [tool start] bash {'command': 'ls -la'}
[    6.5s] [tool end] bash

[    6.5s] [turn_end]

[    6.5s] [turn_start]
[    6.9s] [thinking_start]
[    7.6s] [thinking_end] 65 chars: Let me check the existing files to understand the current state.

[    8.1s] [tool start] read {'path': 'generate_artifact.py'}
[    8.2s] [tool end] read

[    8.2s] [turn_end]

[    8.2s] [turn_start]
[    8.6s] [thinking_start]
[   11.7s] [thinking_end] 411 chars: Now I need to rewrite `generate_artifact.py` to create a detailed SVG of a capybara wearing a kimono drinking matcha tea. Let me design a comprehensive SVG scene.

I'll create a detailed SVG with:
1. A capybara body (brown, barrel-shaped)
2...
[   11.7s] [text_start]
[   12.5s] [text_end] 68 chars: Now I'll rewrite `generate_artifact.py` with a detailed SVG scene:

[  199.0s] [tool start] write {'path': 'generate_artifact.py', 'content': '<13960 chars>'}
[  199.0s] [tool end] write

[  199.0s] [turn_end]

[  199.0s] [turn_start]
[  199.2s] [thinking_start]
[  199.8s] [thinking_end] 43 chars: Now let me run the generator and validate.

[  200.5s] [tool start] bash {'command': 'python generate_artifact.py'}
[  200.5s] [tool end] bash

[  200.5s] [turn_end]

[  200.5s] [turn_start]
[  200.8s] [thinking_start]
[  201.3s] [thinking_end] 29 chars: Now let me validate the SVG.

[  202.6s] [tool start] bash {'command': 'python -c "import xml.etree.ElementTree as ET; ET.parse(\'artifact.svg\'); print(\'Valid XML\')"'}
[  202.6s] [tool end] bash

[  202.6s] [turn_end]

[  202.6s] [turn_start]
[  202.9s] [thinking_start]
[  203.6s] [thinking_end] 61 chars: Let me also verify the file size and check for key elements.

[  207.1s] [tool start] bash {'command': 'ls -la artifact.svg && echo "---" && python -c "\nimport xml.etree.ElementTree as ET\ntree = ET.parse(\'artifact.svg\')\nroot = tree.getroot()\nns = \'{http://www.w3.org/2000/svg}\'\ntags = [t.tag.replace(ns,\'\') for t in root.iter()]\nprint(f\'Total elements: {len(tags)}\')\nprint(f\'Tag types: {sorted(set(tags))}\')\n"'}
[  207.1s] [tool end] bash

[  207.1s] [turn_end]

[  207.1s] [turn_start]
[  207.5s] [thinking_start]
[  209.2s] [thinking_end] 194 chars: The SVG is valid, 11,785 bytes (well over 1KB), and contains 153 elements with a good variety of SVG shapes. Let me also visually inspect it by reading the SVG to make sure it looks reasonable.
[  209.2s] [text_start]
[  215.6s] [text_end] 728 chars: All validations pass:

- **`artifact.svg`**: 11,785 bytes (well above 1KB threshold)
- **XML validity**: Confirmed via `xml.etree.ElementTree`
- **153 SVG elements** using `ellipse`, `path`, `rect`, `circle`, `line`, and `text`

The scene i...

[  215.6s] [turn_end]

[  215.6s] [agent_end]
