# pi activity log for iter 2, attempt 0
# prompt_chars=4060


[    0.5s] [agent_start]

[    0.5s] [turn_start]
[    4.4s] [thinking_start]
[    6.5s] [thinking_end] 260 chars: Let me start by understanding the current state of the workspace. I need to:
1. Look at the existing files
2. Read `generate_artifact.py` to understand the current code
3. Read `artifact.svg` to see the current output
4. Make edits to fix t...

[    7.1s] [tool start] bash {'command': 'ls -la'}
[    7.1s] [tool end] bash

[    7.1s] [turn_end]

[    7.1s] [turn_start]
[    7.6s] [thinking_start]
[    8.5s] [thinking_end] 110 chars: Let me read the current `generate_artifact.py` to understand the structure and identify what needs to change.

[    9.1s] [tool start] read {'path': 'generate_artifact.py'}
[    9.1s] [tool end] read

[    9.1s] [turn_end]

[    9.1s] [turn_start]
[   16.2s] [thinking_start]
