# pi activity log for iter 3, attempt 0
# prompt_chars=3001


[    0.6s] [agent_start]

[    0.6s] [turn_start]
[    4.1s] [thinking_start]
[    4.9s] [thinking_end] 87 chars: Let me start by locating the head and body path definitions in `generate_artifact.py`.

[    6.2s] [tool start] bash {'command': 'rg -n "head|body|kimono|bowl|snout|leg" generate_artifact.py -i'}
[    6.2s] [tool end] bash

[    6.2s] [turn_end]

[    6.2s] [turn_start]
[    7.3s] [thinking_start]
[    8.0s] [thinking_end] 79 chars: Let me read the relevant sections of the file to understand the current paths.

[    9.4s] [tool start] read {'path': 'generate_artifact.py', 'offset': '95', 'limit': '60'}
[    9.4s] [tool end] read

[    9.4s] [turn_end]

[    9.4s] [turn_start]
[   11.8s] [thinking_start]
[   12.5s] [thinking_end] 71 chars: Let me read the head section and the rest of the kimono/bowl sections.

[   14.0s] [tool start] read {'path': 'generate_artifact.py', 'offset': '225', 'limit': '100'}
[   14.0s] [tool end] read

[   14.0s] [turn_end]

[   14.0s] [turn_start]
[   17.0s] [thinking_start]
[   17.9s] [thinking_end] 81 chars: Now let me read the rest of the file to see the paws and any remaining elements.

[   18.9s] [tool start] read {'path': 'generate_artifact.py', 'offset': '325'}
[   18.9s] [tool end] read

[   18.9s] [turn_end]

[   18.9s] [turn_start]
[   21.8s] [thinking_start]
[   50.4s] [thinking_end] 2253 chars: Now I have a clear picture of the current SVG. The issue is that the capybara looks too bear-like. I need to:

1. **Head**: Make it flatter on top, wider snout, more rectangular. Capybaras have a very distinctive flat-topped head with a blu...
[   50.4s] [text_start]
[   51.5s] [text_end] 136 chars: Now I have a clear picture. The head is too rounded (bear-like) and the body needs to be more rectangular. Let me overhaul both paths.
