# pi activity log for iter 1, attempt 0
# prompt_chars=3195


[    0.6s] [agent_start]

[    0.6s] [turn_start]
[    4.5s] [thinking_start]
[    6.3s] [thinking_end] 148 chars: Let me start by examining the current state of the workspace to understand what files exist and what the current `generate_artifact.py` looks like.

[    8.5s] [tool start] bash {'command': 'ls -la /src/theloop/runs/20260501-125706-capybara/workspace/'}
[    8.5s] [tool end] bash

[    8.5s] [turn_end]

[    8.5s] [turn_start]
[    9.2s] [thinking_start]
[   10.6s] [thinking_end] 118 chars: I need to read the current `generate_artifact.py` to understand the structure and find the head and bowl definitions.

[   11.6s] [tool start] read {'path': 'generate_artifact.py'}
[   11.6s] [tool end] read

[   11.6s] [turn_end]

[   11.6s] [turn_start]
[   21.5s] [thinking_start]
[   36.0s] [thinking_end] 1175 chars: Now I understand the current state. The capybara's head is at `cy="260"` and the bowl rim is at `cy="310"`. The mouth is at around `y="295-308"`. The bowl is positioned below the head but the head isn't tilted toward it.

I need to:
1. Tilt...
[   36.0s] [text_start]
[   40.7s] [text_end] 287 chars: Now I have a clear picture. The head center is at `(300, 260)` with the mouth at `y≈295-308`, and the bowl rim is at `y=310`. I need to:

1. Tilt the head downward toward the bowl
2. Move the bowl up so the rim touches the lower lip
3. Enha...

[  176.7s] [tool start] edit {'path': 'generate_artifact.py', 'edits': '[{\'oldText\': \'  <!-- ====== CAPYBARA HEAD ====== -->\\n  <g filter="url(#shadow)">\\n    <!-- Head shape - blunt, rounded -->\\n    <ellipse cx="300" cy="260" rx="95" ry="85" fill="url(#furGrad)"/>\', \'newText\': \'  <!-- ====== CAPYBARA HEAD ====== -->\\n  <!-- Tilted slightly downward toward the bowl for sipping posture -->\\n  <g filter="url(#shadow)" transform="rotate(8, 300, 340)">\\n    <!-- Head shape - blunt, rounded -->\\n    <ellipse cx="300" cy="260" rx="95" ry="85" fill="url(#furGrad)"/>\'}, {\'...'}
[  176.7s] [tool end] edit

[  176.7s] [turn_end]

[  176.7s] [turn_start]
[  177.1s] [thinking_start]
[  184.5s] [thinking_end] 521 chars: Now I need to also adjust the front paws since the bowl moved up. The paws were reaching to the bowl at y≈340-385, and now the bowl is higher. Let me also adjust the paws to reach the new bowl position.

Actually, let me think about this. T...
[  184.5s] [text_start]
[  185.4s] [text_end] 50 chars: Now let me run the script and verify the output:

[  189.3s] [tool start] bash {'command': 'cd /src/theloop/runs/20260501-125706-capybara/workspace && python generate_artifact.py'}
[  189.3s] [tool end] bash

[  189.3s] [turn_end]

[  189.3s] [turn_start]
[  189.6s] [thinking_start]
[  190.3s] [thinking_end] 66 chars: Let me verify the SVG is valid XML and check for the key changes.

[  192.5s] [tool start] bash {'command': 'cd /src/theloop/runs/20260501-125706-capybara/workspace && python -c "import xml.etree.ElementTree as ET; ET.parse(\'artifact.svg\'); print(\'Valid XML\')"'}
[  192.6s] [tool end] bash

[  192.6s] [turn_end]

[  192.6s] [turn_start]
[  192.9s] [thinking_start]
[  193.6s] [thinking_end] 60 chars: Good, valid XML. Let me verify the key changes are present.

[  196.3s] [tool start] bash {'command': 'cd /src/theloop/runs/20260501-125706-capybara/workspace && grep -n "rotate(8" artifact.svg && grep -n "Steam wisps" artifact.svg && grep -n "sipping" artifact.svg && grep -n "pursed" artifact.svg'}
[  196.3s] [tool end] bash

[  196.3s] [turn_end]

[  196.3s] [turn_start]
[  196.8s] [thinking_start]
[  200.2s] [thinking_end] 340 chars: All the key changes are confirmed:
1. Head rotation: `rotate(8, 300, 340)` - tilts head downward toward bowl
2. Steam wisps: present with two groups (light gray and white)
3. Sipping gesture: mouth adjusted with pursed lower lip
4. Bowl rai...

[  202.3s] [tool start] bash {'command': 'cd /src/theloop/runs/20260501-125706-capybara/workspace && grep -n "Bowl rim" artifact.svg && grep -n "cy=\\"290\\"" artifact.svg'}
[  202.3s] [tool end] bash

[  202.3s] [turn_end]

[  202.3s] [turn_start]
[  202.9s] [thinking_start]
[  203.5s] [thinking_end] 86 chars: All changes are confirmed. Let me also view the SVG to make sure it looks reasonable.
[  203.5s] [text_start]
[  204.0s] [text_end] 51 chars: Let me view the generated SVG to verify visually:

[  204.6s] [tool start] read {'path': 'artifact.svg'}
[  204.6s] [tool end] read

[  204.6s] [turn_end]

[  204.6s] [turn_start]
[  214.6s] [thinking_start]
[  223.0s] [thinking_end] 895 chars: The SVG looks good. Let me summarize the changes made:

1. **Head Posture**: Added `transform="rotate(8, 300, 340)"` to the head group, tilting the head 8 degrees downward toward the bowl. The pivot point (300, 340) is near the neck/shoulde...
[  223.0s] [text_start]
[  232.9s] [text_end] 910 chars: All changes verified. Here's a summary of what was updated in `generate_artifact.py`:

1. **Head Posture** — Added `transform="rotate(8, 300, 340)"` to the head group, tilting the head 8° downward toward the bowl (pivot at neck area).

2. *...

[  232.9s] [turn_end]

[  232.9s] [agent_end]
