# pi activity log for iter 1, attempt 1
# prompt_chars=3115


[    0.6s] [agent_start]

[    0.6s] [turn_start]
[    3.4s] [thinking_start]
[    4.5s] [thinking_end] 138 chars: Let me locate the relevant parts of the generator script to make the needed changes for head tilt, eye repositioning, and hand placement.

[    6.0s] [tool start] bash {'command': 'grep -n "head\\|eye\\|hand\\|arm\\|newspaper\\|rotate\\|transform" generate_artifact.py -i'}
[    6.0s] [tool end] bash

[    6.0s] [turn_end]

[    6.0s] [turn_start]
[    7.5s] [thinking_start]
[    8.3s] [thinking_end] 86 chars: Now let me read the relevant sections of the file to understand the structure better.

[    9.7s] [tool start] read {'path': 'generate_artifact.py', 'offset': '289', 'limit': '100'}
[    9.7s] [tool end] read

[    9.7s] [turn_end]

[    9.7s] [turn_start]
[   12.8s] [thinking_start]
[   50.7s] [thinking_end] 5014 chars: Now I have a clear picture. I need to:

1. **Head tilt**: Add a rotation to the head group to tilt it downward. The head is at `translate(290, 210)`. I'll add a rotation around the neck area.
2. **Eyes**: Move eyes lower (change cy from -35...
[   50.7s] [text_start]
[   53.5s] [text_end] 355 chars: Now I have a clear picture of the structure. Let me make the targeted edits to `generate_artifact.py`:

1. **Head tilt**: Add rotation to the head group
2. **Eyes**: Move lower in the face plate
3. **Arms**: Adjust shoulder positions and fo...
