# pi activity log for iter 3
# prompt_chars=5371


[    1.1s] [agent_start]

[    1.1s] [turn_start]
[    2.3s] [thinking_start]
[    2.7s] [thinking_end] 146 chars: Let me start by examining the current state of the project - looking at the existing files, especially `generate_artifact.py` and `artifact.svg`.

[    3.1s] [tool start] bash {'command': 'ls -la /src/theloop/runs/20260430-223724-watch-spec/workspace/'}
[    3.1s] [tool end] bash

[    3.1s] [turn_end]

[    3.1s] [turn_start]
[    3.4s] [thinking_start]
[    3.6s] [thinking_end] 83 chars: Let me read the current `generate_artifact.py` to understand what's already there.

[    4.0s] [tool start] read {'path': '/src/theloop/runs/20260430-223724-watch-spec/workspace/generate_artifact.py'}
[    4.1s] [tool end] read

[    4.1s] [turn_end]

[    4.1s] [turn_start]
[    6.4s] [thinking_start]
[    7.3s] [thinking_end] 388 chars: Now let me look at the current artifact.svg to understand what's been generated and what needs to be fixed.

Looking at the iteration history, the key issues from previous iterations:
1. The small seconds sub-dial needs to be at 6 o'clock w...

[    7.8s] [tool start] read {'path': '/src/theloop/runs/20260430-223724-watch-spec/workspace/artifact.svg'}
[    7.8s] [tool end] read

[    7.8s] [turn_end]

[    7.8s] [turn_start]
[   11.8s] [thinking_start]
[   39.8s] [thinking_end] 7066 chars: Now I can see the issues with the current SVG. Let me analyze what needs to be fixed:

1. **Minute tick marks**: The `svg_point` function is using clock angles but the math seems wrong. Looking at the output, all minute ticks are either at...
[   39.8s] [text_start]
[   41.1s] [text_end] 434 chars: I can see several critical issues in the current SVG:

1. **`svg_point` function bug**: It multiplies the angle by 30, so minute ticks (passed as 6° increments) are all placed at 12h or 6h only. Same for hour markers and Roman numerals.
2....
