# pi activity log for iter 1, attempt 0
# prompt_chars=3190


[    0.6s] [agent_start]

[    0.6s] [turn_start]
[    1.6s] [thinking_start]
[    1.9s] [thinking_end] 169 chars: Let me start by examining the current state of the workspace - looking at the generate_artifact.py file and the current artifact.svg to understand what needs to change.

[    2.3s] [tool start] bash {'command': 'ls -la /src/theloop/runs/20260501-084900/workspace/'}
[    2.3s] [tool end] bash

[    2.3s] [turn_end]

[    2.3s] [turn_start]
[    2.5s] [thinking_start]
[    2.7s] [thinking_end] 68 chars: The path doesn't exist. Let me check the current working directory.

[    2.9s] [tool start] bash {'command': 'pwd && ls -la'}
[    2.9s] [tool end] bash

[    2.9s] [turn_end]

[    2.9s] [turn_start]
[    3.2s] [thinking_start]
[    3.6s] [thinking_end] 165 chars: Good, I can see the files. Let me examine the generate_artifact.py file to understand its structure, particularly the section defining the main subject (the robot).

[    3.8s] [tool start] read {'path': 'generate_artifact.py'}
[    3.8s] [tool end] read

[    3.8s] [turn_end]

[    3.8s] [turn_start]
[    6.4s] [thinking_start]
[   12.5s] [thinking_end] 2401 chars: Now I have a clear picture of the current file. It's a Victorian robot in a cafe scene. I need to transform this into a pelican riding a bicycle with a city skyline in the background, styled as a postcard.

The key changes needed:
1. Replac...
[   12.5s] [text_start]
[   13.1s] [text_end] 258 chars: Now I have a clear picture. The file contains a Victorian robot in a cafe scene. I need to completely replace the main subject and background with a pelican on a bicycle with a city skyline, while keeping the postcard frame. Let me write th...
