# pi activity log for iter 1, attempt 1
# prompt_chars=3556


[    0.5s] [agent_start]

[    0.5s] [turn_start]
[    1.7s] [thinking_start]
[    2.2s] [thinking_end] 136 chars: Let me start by inspecting the current state of the workspace and the generate_artifact.py file to understand what needs to be changed.

[    2.9s] [tool start] bash {'command': 'ls -la /src/theloop/runs/20260501-084900/workspace/'}
[    2.9s] [tool end] bash

[    2.9s] [turn_end]

[    2.9s] [turn_start]
[    3.2s] [thinking_start]
[    3.5s] [thinking_end] 73 chars: The directory doesn't exist. Let me check the current working directory.

[    3.9s] [tool start] bash {'command': 'pwd && ls -la'}
[    3.9s] [tool end] bash

[    3.9s] [turn_end]

[    3.9s] [turn_start]
[    4.2s] [thinking_start]
[    4.8s] [thinking_end] 126 chars: Good, I'm in the workspace. Let me inspect the generate_artifact.py file to find the robot section that needs to be replaced.

[    6.1s] [tool start] bash {'command': 'grep -n -i "robot\\|pelican\\|bicycle\\|bike\\|victorian\\|main subject\\|body" /src/theloop/runs/20260501-084900-robot/workspace/generate_artifact.py | head -40'}
[    6.1s] [tool end] bash

[    6.1s] [turn_end]

[    6.1s] [turn_start]
[    6.5s] [thinking_start]
[    6.9s] [thinking_end] 86 chars: Now let me see the full file to understand its structure. Let me read it in sections.

[    7.4s] [tool start] read {'path': 'generate_artifact.py', 'limit': '50'}
[    7.4s] [tool end] read

[    7.4s] [turn_end]

[    7.4s] [turn_start]
[    7.9s] [thinking_start]
[    8.4s] [thinking_end] 116 chars: Let me read more of the file to understand the full structure, especially the robot section and the postcard frame.

[    9.2s] [tool start] read {'path': 'generate_artifact.py', 'offset': '51', 'limit': '150'}
[    9.2s] [tool end] read

[    9.2s] [turn_end]

[    9.2s] [turn_start]
[   10.7s] [thinking_start]
[   11.3s] [thinking_end] 107 chars: Let me continue reading the rest of the file to see the robot head, arms, legs, and the rest of the scene.

[   12.0s] [tool start] read {'path': 'generate_artifact.py', 'offset': '201', 'limit': '200'}
[   12.0s] [tool end] read

[   12.0s] [turn_end]

[   12.0s] [turn_start]
[   13.9s] [thinking_start]
[   14.2s] [thinking_end] 43 chars: Let me see the last few lines of the file.

[   14.7s] [tool start] read {'path': 'generate_artifact.py', 'offset': '401'}
[   14.7s] [tool end] read

[   14.7s] [turn_end]

[   14.7s] [turn_start]
[   15.1s] [thinking_start]
