# pi activity log for iter 0, attempt 0
# prompt_chars=4548


[    1.0s] [agent_start]

[    1.0s] [turn_start]
[    2.0s] [thinking_start]
[    2.6s] [thinking_end] 272 chars: The user wants me to create a detailed mechanical pocket watch SVG using a `generate_artifact.py` script. Let me first check if there's an existing `generate_artifact.py` file, then create or edit it to generate the SVG.

Let me start by ch...

[    3.0s] [tool start] bash {'command': 'ls -la /src/theloop/runs/20260430-232348-watch-spec/workspace/'}
[    3.0s] [tool end] bash

[    3.0s] [turn_end]

[    3.0s] [turn_start]
[    3.3s] [thinking_start]
[    3.5s] [thinking_end] 68 chars: Let me check the existing files to understand what's already there.

[    3.7s] [tool start] read {'path': 'generate_artifact.py'}
[    3.7s] [tool end] read

[    3.7s] [turn_end]

[    3.7s] [turn_start]
[    3.9s] [thinking_start]
[   16.5s] [thinking_end] 3513 chars: Now I need to write a comprehensive `generate_artifact.py` that creates a detailed mechanical pocket watch SVG. Let me plan the SVG structure:

1. Canvas: 600x600 viewBox, center at (300, 300)
2. Case: Circle r~200, metallic gradient, bezel...
[   16.5s] [text_start]
[   16.7s] [text_end] 85 chars: Let me check the existing artifact and then write a comprehensive generator script.

[   17.0s] [tool start] read {'path': 'artifact.svg'}
[   17.0s] [tool end] read

[   17.0s] [turn_end]

[   17.0s] [turn_start]
[   17.3s] [thinking_start]
[   17.6s] [thinking_end] 165 chars: Now I'll write a comprehensive `generate_artifact.py` that generates the full pocket watch SVG. This is going to be a substantial script. Let me write it carefully.
[   17.6s] [text_start]
[   17.7s] [text_end] 43 chars: Now I'll write the full generator script:

[   94.1s] [tool start] write {'path': 'generate_artifact.py', 'content': '<21817 chars>'}
[   94.1s] [tool end] write

[   94.1s] [turn_end]

[   94.1s] [turn_start]
[   94.3s] [thinking_start]
[   94.5s] [thinking_end] 51 chars: Now let me run the script and validate the output.

[   95.0s] [tool start] bash {'command': 'cd /src/theloop/runs/20260430-232348-watch-spec/workspace && python generate_artifact.py'}
[   95.0s] [tool end] bash

[   95.0s] [turn_end]

[   95.0s] [turn_start]
[   95.3s] [thinking_start]
[   95.5s] [thinking_end] 46 chars: Good, no errors. Now let me validate the XML.

[   96.2s] [tool start] bash {'command': 'cd /src/theloop/runs/20260430-232348-watch-spec/workspace && python -c "import xml.etree.ElementTree as ET; ET.parse(\'artifact.svg\'); print(\'XML is valid\')"'}
[   96.2s] [tool end] bash

[   96.2s] [turn_end]

[   96.2s] [turn_start]
[   96.5s] [thinking_start]
[   96.8s] [thinking_end] 92 chars: The XML is valid. Let me also check the file size and verify some key elements are present.

[  101.1s] [tool start] bash {'command': 'cd /src/theloop/runs/20260430-232348-watch-spec/workspace && wc -l artifact.svg && echo "---" && python -c "\ncontent = open(\'artifact.svg\').read()\nchecks = {\n    \'viewBox 600x600\': \'viewBox=\\"0 0 600 600\\"\' in content,\n    \'case circle\': \'r=\\"200\\"\' in content,\n    \'dial circle\': \'r=\\"170\\"\' in content,\n    \'hour markers\': content.count(\'hour_marker\') > 0 or content.count(\'stroke-width=\\"2.5\\"\') > 0,\n    \'minute ticks\': content.count(\'minute_tick\') > 0 or content.count(\'stroke-width=\\"0.8\\"\') > ...'}
[  101.1s] [tool end] bash

[  101.1s] [turn_end]

[  101.1s] [turn_start]
[  101.6s] [thinking_start]
[  102.3s] [thinking_end] 320 chars: The checks for "hour hand", "small seconds sub-dial", "power reserve sub-dial", "gears", "balance wheel", and "chain" are failing because I'm checking for Python variable names in the SVG content, not the actual SVG elements. Let me do a be...

[  108.1s] [tool start] bash {'command': 'cd /src/theloop/runs/20260430-232348-watch-spec/workspace && python -c "\ncontent = open(\'artifact.svg\').read()\nchecks = {\n    \'viewBox 600x600\': \'viewBox=\\"0 0 600 600\\"\' in content,\n    \'case circle r=200\': \'r=\\"200\\"\' in content,\n    \'dial circle r=170\': \'r=\\"170\\"\' in content,\n    \'bezel ring\': \'r=\\"205\\"\' in content,\n    \'crown\': \'crown\' in content.lower() or \'82\' in content,\n    \'hour markers (thick at 12,3,6,9)\': content.count(\'stroke-width=\\"2.5\\"\') >= 4,\n    \'minute ticks (60)\': content....'}
[  108.1s] [tool end] bash

[  108.1s] [turn_end]

[  108.1s] [turn_start]
[  108.5s] [thinking_start]
[  109.1s] [thinking_end] 159 chars: The bezel ring check failed because I used `r="205"` but the actual SVG has `r="203"` (BEZEL_R - 2 = 205 - 2 = 203). Let me check what's actually in the file.

[  109.7s] [tool start] bash {'command': 'cd /src/theloop/runs/20260430-232348-watch-spec/workspace && grep -o \'r="20[0-9]"\' artifact.svg | head -5'}
[  109.8s] [tool end] bash

[  109.8s] [turn_end]

[  109.8s] [turn_start]
[  110.3s] [thinking_start]
[  110.9s] [thinking_end] 193 chars: The bezel ring is there with r="203" (which is BEZEL_R - 2 = 205 - 2). The check was wrong. All the actual elements are present. Let me do a final visual check by looking at the SVG structure.

[  116.5s] [tool start] bash {'command': 'cd /src/theloop/runs/20260430-232348-watch-spec/workspace && python -c "\ncontent = open(\'artifact.svg\').read()\n# Final comprehensive check\nchecks = {\n    \'viewBox 600x600\': \'viewBox=\\"0 0 600 600\\"\' in content,\n    \'case circle r=200\': \'r=\\"200\\"\' in content,\n    \'dial circle r=170\': \'r=\\"170\\"\' in content,\n    \'bezel ring (r~203)\': \'r=\\"203\\"\' in content,\n    \'crown at top\': \'cy=\\"82\\"\' in content,\n    \'hour markers thick\': content.count(\'stroke-width=\\"2.5\\"\') >= 4,\n    \'minute ticks (60)\': co...'}
[  116.5s] [tool end] bash

[  116.5s] [turn_end]

[  116.5s] [turn_start]
[  116.9s] [thinking_start]
[  117.1s] [thinking_end] 103 chars: All checks pass. Let me also verify the SVG renders properly by checking the structure more carefully.
[  117.1s] [text_start]
[  117.4s] [text_end] 96 chars: All checks pass. Let me also verify the SVG structure is well-formed and preview key sections:

[  120.0s] [tool start] bash {'command': 'cd /src/theloop/runs/20260430-232348-watch-spec/workspace && python -c "\nimport xml.etree.ElementTree as ET\ntree = ET.parse(\'artifact.svg\')\nroot = tree.getroot()\nns = {\'svg\': \'http://www.w3.org/2000/svg\'}\n\n# Count elements\ntags = {}\nfor elem in root.iter():\n    tag = elem.tag.replace(\'{http://www.w3.org/2000/svg}\', \'\')\n    tags[tag] = tags.get(tag, 0) + 1\n\nprint(\'Element counts:\')\nfor tag, count in sorted(tags.items(), key=lambda x: -x[1]):\n    print(f\'  {tag}: {count}\')\n\n# Check specific elemen...'}
[  120.0s] [tool end] bash

[  120.0s] [turn_end]

[  120.0s] [turn_start]
[  120.5s] [thinking_start]
[  121.4s] [thinking_end] 338 chars: The SVG is well-structured with:
- 17 paths (gears, hands, chain links, reflections, etc.)
- 42 circles (case, dial, gears, sub-dials, pins, etc.)
- 107 lines (minute ticks, hour markers, hand details, etc.)
- 15 texts (Roman numerals, bran...
[  121.4s] [text_start]
[  121.7s] [text_end] 76 chars: The SVG is well-structured with rich detail. Let me do a final validation:

[  126.5s] [tool start] bash {'command': 'cd /src/theloop/runs/20260430-232348-watch-spec/workspace && python -c "\nimport xml.etree.ElementTree as ET\ntree = ET.parse(\'artifact.svg\')\nprint(\'✓ artifact.svg exists and is valid XML\')\nprint(f\'  File size: {len(open(\\"artifact.svg\\").read())} bytes\')\n\n# Verify key spec requirements\nroot = tree.getroot()\nns = {\'svg\': \'http://www.w3.org/2000/svg\'}\nviewbox = root.get(\'viewBox\')\nprint(f\'  viewBox: {viewbox}\')\nassert viewbox == \'0 0 600 600\', \'Wrong viewBox!\'\n\n# Check Roman numerals\ntexts = [t.tex...'}
[  126.5s] [tool end] bash

[  126.5s] [turn_end]

[  126.5s] [turn_start]
[  126.8s] [thinking_start]
[  127.4s] [thinking_end] 176 chars: The brass gear paths count is 2, but I have 4 gears. Let me check - some gears use `brassDark` gradient instead of `brassGrad`. Let me fix this by checking for both gradients.

[  129.1s] [tool start] bash {'command': 'cd /src/theloop/runs/20260430-232348-watch-spec/workspace && python -c "\nimport xml.etree.ElementTree as ET\nroot = ET.parse(\'artifact.svg\').getroot()\nns = {\'svg\': \'http://www.w3.org/2000/svg\'}\npaths = root.findall(\'.//{http://www.w3.org/2000/svg}path\', ns)\nbrass = [p for p in paths if \'brass\' in str(p.get(\'fill\', \'\'))]\nprint(f\'Brass gear paths: {len(brass)}\')\nfor p in brass:\n    print(f\'  fill={p.get(\\"fill\\")}\')\n"\n'}
[  129.1s] [tool end] bash

[  129.1s] [turn_end]

[  129.1s] [turn_start]
[  129.4s] [thinking_start]
[  129.8s] [thinking_end] 168 chars: All 4 gears are present - 2 using `brassGrad` and 2 using `brassDark`. The assertion was just too strict. Everything is correct. Let me do a final comprehensive check.
[  129.8s] [text_start]
[  133.1s] [text_end] 935 chars: All 4 gears are present (2 with `brassGrad`, 2 with `brassDark`). The SVG is complete and valid. Here's a summary:

**`artifact.svg` generated successfully** — 23,239 bytes, valid XML.

| Spec Requirement | Status |
|---|---|
| 600×600 view...

[  133.1s] [turn_end]

[  133.1s] [agent_end]
