# pi activity log for iter 0, attempt 0
# prompt_chars=3533


[    1.1s] [agent_start]

[    1.1s] [turn_start]
[    5.0s] [thinking_start]
[    7.5s] [thinking_end] 316 chars: The user wants me to create a Victorian-era robot reading a newspaper in a cafe as an SVG image. I need to:

1. Create `generate_artifact.py` that generates the SVG
2. Run it to produce `artifact.svg`
3. Verify the output

Let me write the...

[  372.9s] [tool start] write {'path': 'generate_artifact.py', 'content': '<27462 chars>'}
[  372.9s] [tool end] write

[  372.9s] [turn_end]

[  372.9s] [turn_start]
[  373.2s] [thinking_start]
[  373.8s] [thinking_end] 47 chars: Now let me run the script to generate the SVG.

[  374.6s] [tool start] bash {'command': 'python3 generate_artifact.py'}
[  374.6s] [tool end] bash

[  374.6s] [turn_end]

[  374.6s] [turn_start]
[  374.9s] [thinking_start]
[  375.5s] [thinking_end] 53 chars: Let me verify the SVG exists and check its validity.

[  376.8s] [tool start] bash {'command': 'ls -la artifact.svg && wc -l artifact.svg && head -3 artifact.svg && tail -3 artifact.svg'}
[  376.8s] [tool end] bash

[  376.8s] [turn_end]

[  376.8s] [turn_start]
[  377.3s] [thinking_start]
[  378.3s] [thinking_end] 109 chars: The SVG was generated successfully. Let me also validate it's well-formed XML by checking for unclosed tags.

[  380.8s] [tool start] bash {'command': 'python3 -c "\nimport xml.etree.ElementTree as ET\ntree = ET.parse(\'artifact.svg\')\nroot = tree.getroot()\nprint(f\'Valid XML. Root tag: {root.tag}\')\nprint(f\'Number of child elements: {len(list(root))}\')\n"'}
[  380.8s] [tool end] bash

[  380.8s] [turn_end]

[  380.8s] [turn_start]
[  381.1s] [thinking_start]
[  381.9s] [thinking_end] 64 chars: The SVG is valid XML. Let me also render it to verify visually.

[  382.4s] [tool start] read {'path': 'artifact.svg'}
[  382.5s] [tool end] read

[  382.5s] [turn_end]

[  382.5s] [turn_start]
[  397.1s] [thinking_start]
[  404.6s] [thinking_end] 890 chars: The SVG is valid and complete. Let me verify all acceptance criteria:

1. ✅ `generate_artifact.py` runs without errors
2. ✅ `artifact.svg` is generated and is valid XML (verified with Python's XML parser)
3. ✅ The robot is clearly Victorian...
[  404.6s] [text_start]
[  412.5s] [text_end] 1014 chars: All done. Here's a summary of what was generated:

**`generate_artifact.py`** → **`artifact.svg`** (27KB, 482 lines, valid XML)

The SVG depicts:

- **Victorian robot**: Brass body with visible gears on the chest, rivets, clockwork joints (...

[  412.5s] [turn_end]

[  412.5s] [agent_end]
