# pi activity log for iter 1, attempt 0
# prompt_chars=3135


[    1.0s] [agent_start]

[    1.0s] [turn_start]
[    4.8s] [thinking_start]
[    5.8s] [thinking_end] 138 chars: Let me start by reading the current `generate_artifact.py` to understand the existing code structure before making aesthetic refinements.

[    6.4s] [tool start] read {'path': 'generate_artifact.py'}
[    6.4s] [tool end] read

[    6.4s] [turn_end]

[    6.4s] [turn_start]
[   17.5s] [thinking_start]
[   21.6s] [thinking_end] 583 chars: Now I have a good understanding of the code. Let me enhance it with:

1. **Richer gradients** - more stops, better color transitions for brass, copper, wood
2. **Better lighting** - consistent light source from upper-left (window), add dire...
[   21.6s] [text_start]
[   22.4s] [text_end] 114 chars: Now I'll enhance the generator with richer textures, better lighting consistency, and more Victorian atmosphere.

[  531.2s] [tool start] write {'path': 'generate_artifact.py', 'content': '<37152 chars>'}
[  531.2s] [tool end] write

[  531.2s] [turn_end]

[  531.2s] [turn_start]
[  531.5s] [thinking_start]
[  532.2s] [thinking_end] 54 chars: Now let me run the generator and validate the output.

[  533.9s] [tool start] bash {'command': 'cd /src/theloop/runs/20260501-110917-robot/workspace && python generate_artifact.py'}
[  534.0s] [tool end] bash

[  534.0s] [turn_end]

[  534.0s] [turn_start]
[  534.3s] [thinking_start]
[  535.1s] [thinking_end] 72 chars: Now let me validate the SVG is well-formed XML and check the file size.

[  536.7s] [tool start] bash {'command': 'python -c "import xml.etree.ElementTree as ET; ET.parse(\'artifact.svg\'); print(\'Valid XML\')" && wc -c artifact.svg'}
[  536.8s] [tool end] bash

[  536.8s] [turn_end]

[  536.8s] [turn_start]
[  537.1s] [thinking_start]
[  538.2s] [thinking_end] 83 chars: The SVG is valid XML and is 38KB. Let me also verify the key elements are present.

[  540.0s] [tool start] bash {'command': 'grep -c \'gradient\\|filter\\|highlight\\|shadow\' artifact.svg; echo "---"; grep -c \'linearGradient\\|radialGradient\' artifact.svg'}
[  540.0s] [tool end] bash

[  540.0s] [turn_end]

[  540.0s] [turn_start]
[  540.3s] [thinking_start]
[  541.6s] [thinking_end] 161 chars: The SVG is valid and contains the enhanced gradients and filters. Let me verify the key improvements are in the output by checking for some of the new elements.

[  543.6s] [tool start] bash {'command': 'grep -c \'opacity\' artifact.svg; echo "Elements:"; grep -oP \'<\\w+\' artifact.svg | sort | uniq -c | sort -rn | head -20'}
[  543.6s] [tool end] bash

[  543.6s] [turn_end]

[  543.6s] [turn_start]
[  544.1s] [thinking_start]
[  553.1s] [thinking_end] 1208 chars: The SVG is well-formed with rich content. Let me summarize the key improvements made:

1. **Enhanced gradients**: Added `brassHL` (brass highlight), `polished` (polished metal), and enriched existing gradients with more stops for smoother t...
[  553.1s] [text_start]
[  562.1s] [text_end] 1189 chars: Done. The SVG has been regenerated with significant aesthetic enhancements:

**Gradients & Textures:**
- Added `brassHL` and `polished` gradients for metallic catch-lights
- Enriched all brass/copper/wood gradients with more stops for smoot...

[  562.1s] [turn_end]

[  562.1s] [agent_end]
